W0410 14:34:20.653474  3567 device_context.cc:447] Please NOTE: device: 0, GPU Compute Capability: 7.0, Driver API Version: 10.1, Runtime API Version: 10.1
W0410 14:34:20.658938  3567 device_context.cc:465] device: 0, cuDNN Version: 7.6.
Loading pretrained model from ./vgg16.pdparams
There are 32/32 variables loaded into VGG.
layer : 0 Conv2D(3, 16, kernel_size=[3, 3], padding=1, data_format=NCHW)
layer : 1 BatchNorm2D(num_features=16, momentum=0.9, epsilon=1e-05)
layer : 2 ReLU()
layer : 3 Conv2D(16, 16, kernel_size=[3, 3], padding=1, data_format=NCHW)
layer : 4 ReLU()
layer : 5 MaxPool2D(kernel_size=2, stride=2, padding=0)
layer : 6 Conv2D(16, 16, kernel_size=[3, 3], padding=1, data_format=NCHW)
layer : 7 BatchNorm2D(num_features=16, momentum=0.9, epsilon=1e-05)
layer : 8 ReLU()
layer : 9 Conv2D(16, 128, kernel_size=[3, 3], padding=1, data_format=NCHW)
layer : 10 ReLU()
layer : 11 MaxPool2D(kernel_size=2, stride=2, padding=0)
layer : 12 Conv2D(128, 16, kernel_size=[3, 3], padding=1, data_format=NCHW)
layer : 13 BatchNorm2D(num_features=16, momentum=0.9, epsilon=1e-05)
layer : 14 ReLU()
layer : 15 Conv2D(16, 16, kernel_size=[3, 3], padding=1, data_format=NCHW)
layer : 16 BatchNorm2D(num_features=16, momentum=0.9, epsilon=1e-05)
layer : 17 ReLU()
layer : 18 Conv2D(16, 256, kernel_size=[3, 3], padding=1, data_format=NCHW)
layer : 19 ReLU()
layer : 20 MaxPool2D(kernel_size=2, stride=2, padding=0)
layer : 21 Conv2D(256, 16, kernel_size=[3, 3], padding=1, data_format=NCHW)
layer : 22 BatchNorm2D(num_features=16, momentum=0.9, epsilon=1e-05)
layer : 23 ReLU()
layer : 24 Conv2D(16, 16, kernel_size=[3, 3], padding=1, data_format=NCHW)
layer : 25 BatchNorm2D(num_features=16, momentum=0.9, epsilon=1e-05)
layer : 26 ReLU()
layer : 27 Conv2D(16, 512, kernel_size=[3, 3], padding=1, data_format=NCHW)
layer : 28 ReLU()
layer : 29 MaxPool2D(kernel_size=2, stride=2, padding=0)
layer : 30 Conv2D(512, 16, kernel_size=[3, 3], padding=1, data_format=NCHW)
layer : 31 BatchNorm2D(num_features=16, momentum=0.9, epsilon=1e-05)
layer : 32 ReLU()
layer : 33 Conv2D(16, 16, kernel_size=[3, 3], padding=1, data_format=NCHW)
layer : 34 BatchNorm2D(num_features=16, momentum=0.9, epsilon=1e-05)
layer : 35 ReLU()
layer : 36 Conv2D(16, 512, kernel_size=[3, 3], padding=1, data_format=NCHW)
layer : 37 ReLU()
layer : 38 MaxPool2D(kernel_size=2, stride=2, padding=0)
[Train] epoch [0/601], loss:51.2036 class:cable
[Eval] cable class RocAUC at epoch 0: 0.4344
[Eval] save best model at epoch 0
[Train] epoch [1/601], loss:46.8693 class:cable
[Train] epoch [2/601], loss:43.9777 class:cable
[Train] epoch [3/601], loss:41.8507 class:cable
[Train] epoch [4/601], loss:40.0961 class:cable
[Train] epoch [5/601], loss:38.7027 class:cable
[Train] epoch [6/601], loss:37.4928 class:cable
[Train] epoch [7/601], loss:36.4387 class:cable
[Train] epoch [8/601], loss:35.4897 class:cable
[Train] epoch [9/601], loss:34.6949 class:cable
[Train] epoch [10/601], loss:33.7824 class:cable
[Eval] cable class RocAUC at epoch 10: 0.5862
[Eval] save best model at epoch 10
[Train] epoch [11/601], loss:32.9302 class:cable
[Train] epoch [12/601], loss:32.1176 class:cable
[Train] epoch [13/601], loss:31.3874 class:cable
[Train] epoch [14/601], loss:30.6499 class:cable
[Train] epoch [15/601], loss:29.9315 class:cable
[Train] epoch [16/601], loss:29.2261 class:cable
[Train] epoch [17/601], loss:28.5137 class:cable
[Train] epoch [18/601], loss:27.8545 class:cable
[Train] epoch [19/601], loss:27.1792 class:cable
[Train] epoch [20/601], loss:26.5659 class:cable
[Eval] cable class RocAUC at epoch 20: 0.6908
[Eval] save best model at epoch 20
[Train] epoch [21/601], loss:26.1163 class:cable
[Train] epoch [22/601], loss:25.4309 class:cable
[Train] epoch [23/601], loss:24.8993 class:cable
[Train] epoch [24/601], loss:24.4181 class:cable
[Train] epoch [25/601], loss:23.9442 class:cable
[Train] epoch [26/601], loss:23.4357 class:cable
[Train] epoch [27/601], loss:22.9817 class:cable
[Train] epoch [28/601], loss:22.6042 class:cable
[Train] epoch [29/601], loss:22.2300 class:cable
[Train] epoch [30/601], loss:21.8257 class:cable
[Eval] cable class RocAUC at epoch 30: 0.7412
[Eval] save best model at epoch 30
[Train] epoch [31/601], loss:21.4643 class:cable
[Train] epoch [32/601], loss:21.1512 class:cable
[Train] epoch [33/601], loss:20.8239 class:cable
[Train] epoch [34/601], loss:20.3881 class:cable
[Train] epoch [35/601], loss:20.1917 class:cable
[Train] epoch [36/601], loss:19.8424 class:cable
[Train] epoch [37/601], loss:19.5301 class:cable
[Train] epoch [38/601], loss:19.2814 class:cable
[Train] epoch [39/601], loss:19.0301 class:cable
[Train] epoch [40/601], loss:18.7980 class:cable
[Eval] cable class RocAUC at epoch 40: 0.7706
[Eval] save best model at epoch 40
[Train] epoch [41/601], loss:18.4894 class:cable
[Train] epoch [42/601], loss:18.3004 class:cable
[Train] epoch [43/601], loss:18.0513 class:cable
[Train] epoch [44/601], loss:17.8413 class:cable
[Train] epoch [45/601], loss:17.6285 class:cable
[Train] epoch [46/601], loss:17.3924 class:cable
[Train] epoch [47/601], loss:17.1790 class:cable
[Train] epoch [48/601], loss:17.0027 class:cable
[Train] epoch [49/601], loss:16.7841 class:cable
[Train] epoch [50/601], loss:16.6344 class:cable
[Eval] cable class RocAUC at epoch 50: 0.7914
[Eval] save best model at epoch 50
[Train] epoch [51/601], loss:16.4293 class:cable
[Train] epoch [52/601], loss:16.2557 class:cable
[Train] epoch [53/601], loss:16.1255 class:cable
[Train] epoch [54/601], loss:15.8905 class:cable
[Train] epoch [55/601], loss:15.7668 class:cable
[Train] epoch [56/601], loss:15.5844 class:cable
[Train] epoch [57/601], loss:15.4195 class:cable
[Train] epoch [58/601], loss:15.2979 class:cable
[Train] epoch [59/601], loss:15.1645 class:cable
[Train] epoch [60/601], loss:14.9796 class:cable
[Eval] cable class RocAUC at epoch 60: 0.8133
[Eval] save best model at epoch 60
[Train] epoch [61/601], loss:14.8864 class:cable
[Train] epoch [62/601], loss:14.7276 class:cable
[Train] epoch [63/601], loss:14.5999 class:cable
[Train] epoch [64/601], loss:14.4816 class:cable
[Train] epoch [65/601], loss:14.3449 class:cable
[Train] epoch [66/601], loss:14.2036 class:cable
[Train] epoch [67/601], loss:14.1030 class:cable
[Train] epoch [68/601], loss:13.9745 class:cable
[Train] epoch [69/601], loss:13.8357 class:cable
[Train] epoch [70/601], loss:13.7713 class:cable
[Eval] cable class RocAUC at epoch 70: 0.8253
[Eval] save best model at epoch 70
[Train] epoch [71/601], loss:13.6371 class:cable
[Train] epoch [72/601], loss:13.5343 class:cable
[Train] epoch [73/601], loss:13.5070 class:cable
[Train] epoch [74/601], loss:13.3483 class:cable
[Train] epoch [75/601], loss:13.2163 class:cable
[Train] epoch [76/601], loss:13.0876 class:cable
[Train] epoch [77/601], loss:13.0133 class:cable
[Train] epoch [78/601], loss:12.9052 class:cable
[Train] epoch [79/601], loss:12.8652 class:cable
[Train] epoch [80/601], loss:12.7579 class:cable
[Eval] cable class RocAUC at epoch 80: 0.8311
[Eval] save best model at epoch 80
[Train] epoch [81/601], loss:12.6526 class:cable
[Train] epoch [82/601], loss:12.5408 class:cable
[Train] epoch [83/601], loss:12.4850 class:cable
[Train] epoch [84/601], loss:12.4128 class:cable
[Train] epoch [85/601], loss:12.3172 class:cable
[Train] epoch [86/601], loss:12.2614 class:cable
[Train] epoch [87/601], loss:12.1561 class:cable
[Train] epoch [88/601], loss:12.0861 class:cable
[Train] epoch [89/601], loss:12.0041 class:cable
[Train] epoch [90/601], loss:11.9604 class:cable
[Eval] cable class RocAUC at epoch 90: 0.8433
[Eval] save best model at epoch 90
[Train] epoch [91/601], loss:11.8270 class:cable
[Train] epoch [92/601], loss:11.8029 class:cable
[Train] epoch [93/601], loss:11.7534 class:cable
[Train] epoch [94/601], loss:11.6488 class:cable
[Train] epoch [95/601], loss:11.5698 class:cable
[Train] epoch [96/601], loss:11.4799 class:cable
[Train] epoch [97/601], loss:11.4423 class:cable
[Train] epoch [98/601], loss:11.4038 class:cable
[Train] epoch [99/601], loss:11.3569 class:cable
[Train] epoch [100/601], loss:11.2643 class:cable
[Eval] cable class RocAUC at epoch 100: 0.8504
[Eval] save best model at epoch 100
[Train] epoch [101/601], loss:11.1905 class:cable
[Train] epoch [102/601], loss:11.1740 class:cable
[Train] epoch [103/601], loss:11.0703 class:cable
[Train] epoch [104/601], loss:11.0535 class:cable
[Train] epoch [105/601], loss:10.9276 class:cable
[Train] epoch [106/601], loss:10.9232 class:cable
[Train] epoch [107/601], loss:10.8786 class:cable
[Train] epoch [108/601], loss:10.8245 class:cable
[Train] epoch [109/601], loss:10.7574 class:cable
[Train] epoch [110/601], loss:10.6879 class:cable
[Eval] cable class RocAUC at epoch 110: 0.854
[Eval] save best model at epoch 110
[Train] epoch [111/601], loss:10.6236 class:cable
[Train] epoch [112/601], loss:10.5938 class:cable
[Train] epoch [113/601], loss:10.5552 class:cable
[Train] epoch [114/601], loss:10.5136 class:cable
[Train] epoch [115/601], loss:10.4720 class:cable
[Train] epoch [116/601], loss:10.4127 class:cable
[Train] epoch [117/601], loss:10.3841 class:cable
[Train] epoch [118/601], loss:10.3386 class:cable
[Train] epoch [119/601], loss:10.2969 class:cable
[Train] epoch [120/601], loss:10.2314 class:cable
[Eval] cable class RocAUC at epoch 120: 0.8544
[Eval] save best model at epoch 120
[Train] epoch [121/601], loss:10.1815 class:cable
[Train] epoch [122/601], loss:10.1496 class:cable
[Train] epoch [123/601], loss:10.1095 class:cable
[Train] epoch [124/601], loss:10.0738 class:cable
[Train] epoch [125/601], loss:10.0502 class:cable
[Train] epoch [126/601], loss:9.9934 class:cable
[Train] epoch [127/601], loss:9.9731 class:cable
[Train] epoch [128/601], loss:9.9185 class:cable
[Train] epoch [129/601], loss:9.8702 class:cable
[Train] epoch [130/601], loss:9.8397 class:cable
[Eval] cable class RocAUC at epoch 130: 0.8613
[Eval] save best model at epoch 130
[Train] epoch [131/601], loss:9.7927 class:cable
[Train] epoch [132/601], loss:9.7672 class:cable
[Train] epoch [133/601], loss:9.7342 class:cable
[Train] epoch [134/601], loss:9.7014 class:cable
[Train] epoch [135/601], loss:9.6725 class:cable
[Train] epoch [136/601], loss:9.6237 class:cable
[Train] epoch [137/601], loss:9.6008 class:cable
[Train] epoch [138/601], loss:9.5512 class:cable
[Train] epoch [139/601], loss:9.5474 class:cable
[Train] epoch [140/601], loss:9.5055 class:cable
[Eval] cable class RocAUC at epoch 140: 0.8638
[Eval] save best model at epoch 140
[Train] epoch [141/601], loss:9.4629 class:cable
[Train] epoch [142/601], loss:9.4362 class:cable
[Train] epoch [143/601], loss:9.4146 class:cable
[Train] epoch [144/601], loss:9.3813 class:cable
[Train] epoch [145/601], loss:9.3753 class:cable
[Train] epoch [146/601], loss:9.3152 class:cable
[Train] epoch [147/601], loss:9.3077 class:cable
[Train] epoch [148/601], loss:9.2924 class:cable
[Train] epoch [149/601], loss:9.2472 class:cable
[Train] epoch [150/601], loss:9.2375 class:cable
[Eval] cable class RocAUC at epoch 150: 0.8628
[Train] epoch [151/601], loss:9.1924 class:cable
[Train] epoch [152/601], loss:9.1631 class:cable
[Train] epoch [153/601], loss:9.1336 class:cable
[Train] epoch [154/601], loss:9.0893 class:cable
[Train] epoch [155/601], loss:9.0690 class:cable
[Train] epoch [156/601], loss:9.0323 class:cable
[Train] epoch [157/601], loss:9.0342 class:cable
[Train] epoch [158/601], loss:8.9802 class:cable
[Train] epoch [159/601], loss:8.9566 class:cable
[Train] epoch [160/601], loss:8.9504 class:cable
[Eval] cable class RocAUC at epoch 160: 0.8694
[Eval] save best model at epoch 160
[Train] epoch [161/601], loss:8.9304 class:cable
[Train] epoch [162/601], loss:8.9058 class:cable
[Train] epoch [163/601], loss:8.8796 class:cable
[Train] epoch [164/601], loss:8.8642 class:cable
[Train] epoch [165/601], loss:8.8245 class:cable
[Train] epoch [166/601], loss:8.8225 class:cable
[Train] epoch [167/601], loss:8.7884 class:cable
[Train] epoch [168/601], loss:8.8149 class:cable
[Train] epoch [169/601], loss:8.7497 class:cable
[Train] epoch [170/601], loss:8.7596 class:cable
[Eval] cable class RocAUC at epoch 170: 0.8709
[Eval] save best model at epoch 170
[Train] epoch [171/601], loss:8.7171 class:cable
[Train] epoch [172/601], loss:8.6879 class:cable
[Train] epoch [173/601], loss:8.6755 class:cable
[Train] epoch [174/601], loss:8.6707 class:cable
[Train] epoch [175/601], loss:8.6391 class:cable
[Train] epoch [176/601], loss:8.6121 class:cable
[Train] epoch [177/601], loss:8.6123 class:cable
[Train] epoch [178/601], loss:8.5616 class:cable
[Train] epoch [179/601], loss:8.5783 class:cable
[Train] epoch [180/601], loss:8.5188 class:cable
[Eval] cable class RocAUC at epoch 180: 0.8722
[Eval] save best model at epoch 180
[Train] epoch [181/601], loss:8.5095 class:cable
[Train] epoch [182/601], loss:8.4917 class:cable
[Train] epoch [183/601], loss:8.4744 class:cable
[Train] epoch [184/601], loss:8.4436 class:cable
[Train] epoch [185/601], loss:8.4161 class:cable
[Train] epoch [186/601], loss:8.4308 class:cable
[Train] epoch [187/601], loss:8.4216 class:cable
[Train] epoch [188/601], loss:8.3961 class:cable
[Train] epoch [189/601], loss:8.3710 class:cable
[Train] epoch [190/601], loss:8.3485 class:cable
[Eval] cable class RocAUC at epoch 190: 0.8701
[Train] epoch [191/601], loss:8.3214 class:cable
[Train] epoch [192/601], loss:8.3257 class:cable
[Train] epoch [193/601], loss:8.2794 class:cable
[Train] epoch [194/601], loss:8.2723 class:cable
[Train] epoch [195/601], loss:8.2726 class:cable
[Train] epoch [196/601], loss:8.2454 class:cable
[Train] epoch [197/601], loss:8.2478 class:cable
[Train] epoch [198/601], loss:8.2343 class:cable
[Train] epoch [199/601], loss:8.1910 class:cable
[Train] epoch [200/601], loss:8.1766 class:cable
[Eval] cable class RocAUC at epoch 200: 0.8748
[Eval] save best model at epoch 200
[Train] epoch [201/601], loss:8.1504 class:cable
[Train] epoch [202/601], loss:8.1605 class:cable
[Train] epoch [203/601], loss:8.1291 class:cable
[Train] epoch [204/601], loss:8.1380 class:cable
[Train] epoch [205/601], loss:8.1160 class:cable
[Train] epoch [206/601], loss:8.0837 class:cable
[Train] epoch [207/601], loss:8.0711 class:cable
[Train] epoch [208/601], loss:8.0603 class:cable
[Train] epoch [209/601], loss:8.0633 class:cable
[Train] epoch [210/601], loss:8.0628 class:cable
[Eval] cable class RocAUC at epoch 210: 0.8761
[Eval] save best model at epoch 210
[Train] epoch [211/601], loss:8.0221 class:cable
[Train] epoch [212/601], loss:8.0057 class:cable
[Train] epoch [213/601], loss:7.9951 class:cable
[Train] epoch [214/601], loss:7.9887 class:cable
[Train] epoch [215/601], loss:7.9825 class:cable
[Train] epoch [216/601], loss:7.9407 class:cable
[Train] epoch [217/601], loss:7.9220 class:cable
[Train] epoch [218/601], loss:7.9113 class:cable
[Train] epoch [219/601], loss:7.9028 class:cable
[Train] epoch [220/601], loss:7.9109 class:cable
[Eval] cable class RocAUC at epoch 220: 0.8774
[Eval] save best model at epoch 220
[Train] epoch [221/601], loss:7.8739 class:cable
[Train] epoch [222/601], loss:7.8801 class:cable
[Train] epoch [223/601], loss:7.8733 class:cable
[Train] epoch [224/601], loss:7.8213 class:cable
[Train] epoch [225/601], loss:7.8495 class:cable
[Train] epoch [226/601], loss:7.8138 class:cable
[Train] epoch [227/601], loss:7.8035 class:cable
[Train] epoch [228/601], loss:7.7810 class:cable
[Train] epoch [229/601], loss:7.7747 class:cable
[Train] epoch [230/601], loss:7.7839 class:cable
[Eval] cable class RocAUC at epoch 230: 0.8731
[Train] epoch [231/601], loss:7.8089 class:cable
[Train] epoch [232/601], loss:7.7494 class:cable
[Train] epoch [233/601], loss:7.7504 class:cable
[Train] epoch [234/601], loss:7.7237 class:cable
[Train] epoch [235/601], loss:7.7262 class:cable
[Train] epoch [236/601], loss:7.7235 class:cable
[Train] epoch [237/601], loss:7.6843 class:cable
[Train] epoch [238/601], loss:7.6715 class:cable
[Train] epoch [239/601], loss:7.6625 class:cable
[Train] epoch [240/601], loss:7.6520 class:cable
[Eval] cable class RocAUC at epoch 240: 0.8782
[Eval] save best model at epoch 240
[Train] epoch [241/601], loss:7.6460 class:cable
[Train] epoch [242/601], loss:7.6310 class:cable
[Train] epoch [243/601], loss:7.6281 class:cable
[Train] epoch [244/601], loss:7.6031 class:cable
[Train] epoch [245/601], loss:7.6153 class:cable
[Train] epoch [246/601], loss:7.5825 class:cable
[Train] epoch [247/601], loss:7.6134 class:cable
[Train] epoch [248/601], loss:7.5685 class:cable
[Train] epoch [249/601], loss:7.5588 class:cable
[Train] epoch [250/601], loss:7.5287 class:cable
[Eval] cable class RocAUC at epoch 250: 0.8823
[Eval] save best model at epoch 250
[Train] epoch [251/601], loss:7.5299 class:cable
[Train] epoch [252/601], loss:7.5150 class:cable
[Train] epoch [253/601], loss:7.5139 class:cable
[Train] epoch [254/601], loss:7.5012 class:cable
[Train] epoch [255/601], loss:7.5027 class:cable
[Train] epoch [256/601], loss:7.4706 class:cable
[Train] epoch [257/601], loss:7.4600 class:cable
[Train] epoch [258/601], loss:7.4666 class:cable
[Train] epoch [259/601], loss:7.4563 class:cable
[Train] epoch [260/601], loss:7.4456 class:cable
[Eval] cable class RocAUC at epoch 260: 0.8772
[Train] epoch [261/601], loss:7.4339 class:cable
[Train] epoch [262/601], loss:7.4306 class:cable
[Train] epoch [263/601], loss:7.4158 class:cable
[Train] epoch [264/601], loss:7.4024 class:cable
[Train] epoch [265/601], loss:7.3854 class:cable
[Train] epoch [266/601], loss:7.3958 class:cable
[Train] epoch [267/601], loss:7.3935 class:cable
[Train] epoch [268/601], loss:7.3981 class:cable
[Train] epoch [269/601], loss:7.3646 class:cable
[Train] epoch [270/601], loss:7.3628 class:cable
[Eval] cable class RocAUC at epoch 270: 0.8744
[Train] epoch [271/601], loss:7.3464 class:cable
[Train] epoch [272/601], loss:7.3418 class:cable
[Train] epoch [273/601], loss:7.3165 class:cable
[Train] epoch [274/601], loss:7.3198 class:cable
[Train] epoch [275/601], loss:7.3053 class:cable
[Train] epoch [276/601], loss:7.3159 class:cable
[Train] epoch [277/601], loss:7.3122 class:cable
[Train] epoch [278/601], loss:7.3002 class:cable
[Train] epoch [279/601], loss:7.2566 class:cable
[Train] epoch [280/601], loss:7.2753 class:cable
[Eval] cable class RocAUC at epoch 280: 0.8744
[Train] epoch [281/601], loss:7.2568 class:cable
[Train] epoch [282/601], loss:7.2479 class:cable
[Train] epoch [283/601], loss:7.2378 class:cable
[Train] epoch [284/601], loss:7.2231 class:cable
[Train] epoch [285/601], loss:7.2249 class:cable
[Train] epoch [286/601], loss:7.2274 class:cable
[Train] epoch [287/601], loss:7.2218 class:cable
[Train] epoch [288/601], loss:7.2077 class:cable
[Train] epoch [289/601], loss:7.1907 class:cable
[Train] epoch [290/601], loss:7.1865 class:cable
[Eval] cable class RocAUC at epoch 290: 0.8849
[Eval] save best model at epoch 290
[Train] epoch [291/601], loss:7.2065 class:cable
[Train] epoch [292/601], loss:7.1695 class:cable
[Train] epoch [293/601], loss:7.1648 class:cable
[Train] epoch [294/601], loss:7.1534 class:cable
[Train] epoch [295/601], loss:7.1491 class:cable
[Train] epoch [296/601], loss:7.1493 class:cable
[Train] epoch [297/601], loss:7.1207 class:cable
[Train] epoch [298/601], loss:7.1238 class:cable
[Train] epoch [299/601], loss:7.1397 class:cable
[Train] epoch [300/601], loss:7.1083 class:cable
[Eval] cable class RocAUC at epoch 300: 0.8743
[Train] epoch [301/601], loss:7.1130 class:cable
[Train] epoch [302/601], loss:7.1023 class:cable
[Train] epoch [303/601], loss:7.0945 class:cable
[Train] epoch [304/601], loss:7.0688 class:cable
[Train] epoch [305/601], loss:7.0634 class:cable
[Train] epoch [306/601], loss:7.0664 class:cable
[Train] epoch [307/601], loss:7.0530 class:cable
[Train] epoch [308/601], loss:7.0626 class:cable
[Train] epoch [309/601], loss:7.0612 class:cable
[Train] epoch [310/601], loss:7.0267 class:cable
[Eval] cable class RocAUC at epoch 310: 0.8844
[Train] epoch [311/601], loss:7.0278 class:cable
[Train] epoch [312/601], loss:7.0393 class:cable
[Train] epoch [313/601], loss:7.0244 class:cable
[Train] epoch [314/601], loss:7.0091 class:cable
[Train] epoch [315/601], loss:7.0094 class:cable
[Train] epoch [316/601], loss:7.0041 class:cable
[Train] epoch [317/601], loss:6.9902 class:cable
[Train] epoch [318/601], loss:6.9780 class:cable
[Train] epoch [319/601], loss:7.0005 class:cable
[Train] epoch [320/601], loss:6.9626 class:cable
[Eval] cable class RocAUC at epoch 320: 0.8804
[Train] epoch [321/601], loss:6.9659 class:cable
[Train] epoch [322/601], loss:6.9599 class:cable
[Train] epoch [323/601], loss:6.9694 class:cable
[Train] epoch [324/601], loss:6.9500 class:cable
[Train] epoch [325/601], loss:6.9426 class:cable
[Train] epoch [326/601], loss:6.9350 class:cable
[Train] epoch [327/601], loss:6.9177 class:cable
[Train] epoch [328/601], loss:6.9082 class:cable
[Train] epoch [329/601], loss:6.9258 class:cable
[Train] epoch [330/601], loss:6.9217 class:cable
[Eval] cable class RocAUC at epoch 330: 0.8801
[Train] epoch [331/601], loss:6.9181 class:cable
[Train] epoch [332/601], loss:6.9170 class:cable
[Train] epoch [333/601], loss:6.9039 class:cable
[Train] epoch [334/601], loss:6.8816 class:cable
[Train] epoch [335/601], loss:6.8737 class:cable
[Train] epoch [336/601], loss:6.8861 class:cable
[Train] epoch [337/601], loss:6.8680 class:cable
[Train] epoch [338/601], loss:6.8867 class:cable
[Train] epoch [339/601], loss:6.8655 class:cable
[Train] epoch [340/601], loss:6.8623 class:cable
[Eval] cable class RocAUC at epoch 340: 0.8737
[Train] epoch [341/601], loss:6.8482 class:cable
[Train] epoch [342/601], loss:6.8564 class:cable
[Train] epoch [343/601], loss:6.8567 class:cable
[Train] epoch [344/601], loss:6.8275 class:cable
[Train] epoch [345/601], loss:6.8313 class:cable
[Train] epoch [346/601], loss:6.8096 class:cable
[Train] epoch [347/601], loss:6.8245 class:cable
[Train] epoch [348/601], loss:6.8080 class:cable
[Train] epoch [349/601], loss:6.7987 class:cable
[Train] epoch [350/601], loss:6.7748 class:cable
[Eval] cable class RocAUC at epoch 350: 0.8891
[Eval] save best model at epoch 350
[Train] epoch [351/601], loss:6.8012 class:cable
[Train] epoch [352/601], loss:6.7912 class:cable
[Train] epoch [353/601], loss:6.7635 class:cable
[Train] epoch [354/601], loss:6.7764 class:cable
[Train] epoch [355/601], loss:6.7613 class:cable
[Train] epoch [356/601], loss:6.7750 class:cable
[Train] epoch [357/601], loss:6.7619 class:cable
[Train] epoch [358/601], loss:6.7634 class:cable
[Train] epoch [359/601], loss:6.7482 class:cable
[Train] epoch [360/601], loss:6.7411 class:cable
[Eval] cable class RocAUC at epoch 360: 0.884
[Train] epoch [361/601], loss:6.7206 class:cable
[Train] epoch [362/601], loss:6.7347 class:cable
[Train] epoch [363/601], loss:6.7159 class:cable
[Train] epoch [364/601], loss:6.7219 class:cable
[Train] epoch [365/601], loss:6.7095 class:cable
[Train] epoch [366/601], loss:6.7255 class:cable
[Train] epoch [367/601], loss:6.7203 class:cable
[Train] epoch [368/601], loss:6.7131 class:cable
[Train] epoch [369/601], loss:6.6896 class:cable
[Train] epoch [370/601], loss:6.6893 class:cable
[Eval] cable class RocAUC at epoch 370: 0.8932
[Eval] save best model at epoch 370
[Train] epoch [371/601], loss:6.6894 class:cable
[Train] epoch [372/601], loss:6.6793 class:cable
[Train] epoch [373/601], loss:6.6803 class:cable
[Train] epoch [374/601], loss:6.6764 class:cable
[Train] epoch [375/601], loss:6.6604 class:cable
[Train] epoch [376/601], loss:6.6698 class:cable
[Train] epoch [377/601], loss:6.6618 class:cable
[Train] epoch [378/601], loss:6.6594 class:cable
[Train] epoch [379/601], loss:6.6443 class:cable
[Train] epoch [380/601], loss:6.6523 class:cable
[Eval] cable class RocAUC at epoch 380: 0.8846
[Train] epoch [381/601], loss:6.6429 class:cable
[Train] epoch [382/601], loss:6.6384 class:cable
[Train] epoch [383/601], loss:6.6346 class:cable
[Train] epoch [384/601], loss:6.6314 class:cable
[Train] epoch [385/601], loss:6.6019 class:cable
[Train] epoch [386/601], loss:6.6248 class:cable
[Train] epoch [387/601], loss:6.6174 class:cable
[Train] epoch [388/601], loss:6.6017 class:cable
[Train] epoch [389/601], loss:6.6012 class:cable
[Train] epoch [390/601], loss:6.6056 class:cable
[Eval] cable class RocAUC at epoch 390: 0.8838
[Train] epoch [391/601], loss:6.5993 class:cable
[Train] epoch [392/601], loss:6.5776 class:cable
[Train] epoch [393/601], loss:6.5819 class:cable
[Train] epoch [394/601], loss:6.5949 class:cable
[Train] epoch [395/601], loss:6.5716 class:cable
[Train] epoch [396/601], loss:6.5726 class:cable
[Train] epoch [397/601], loss:6.5821 class:cable
[Train] epoch [398/601], loss:6.5809 class:cable
[Train] epoch [399/601], loss:6.5646 class:cable
[Train] epoch [400/601], loss:6.5559 class:cable
[Eval] cable class RocAUC at epoch 400: 0.8877
[Train] epoch [401/601], loss:6.5451 class:cable
[Train] epoch [402/601], loss:6.5322 class:cable
[Train] epoch [403/601], loss:6.5477 class:cable
[Train] epoch [404/601], loss:6.5544 class:cable
[Train] epoch [405/601], loss:6.5353 class:cable
[Train] epoch [406/601], loss:6.5151 class:cable
[Train] epoch [407/601], loss:6.5174 class:cable
[Train] epoch [408/601], loss:6.5452 class:cable
[Train] epoch [409/601], loss:6.5333 class:cable
[Train] epoch [410/601], loss:6.5284 class:cable
[Eval] cable class RocAUC at epoch 410: 0.8836
[Train] epoch [411/601], loss:6.5058 class:cable
[Train] epoch [412/601], loss:6.5301 class:cable
[Train] epoch [413/601], loss:6.5111 class:cable
[Train] epoch [414/601], loss:6.5110 class:cable
[Train] epoch [415/601], loss:6.4933 class:cable
[Train] epoch [416/601], loss:6.4759 class:cable
[Train] epoch [417/601], loss:6.4945 class:cable
[Train] epoch [418/601], loss:6.4816 class:cable
[Train] epoch [419/601], loss:6.4894 class:cable
[Train] epoch [420/601], loss:6.4732 class:cable
[Eval] cable class RocAUC at epoch 420: 0.8881
[Train] epoch [421/601], loss:6.4722 class:cable
[Train] epoch [422/601], loss:6.4815 class:cable
[Train] epoch [423/601], loss:6.4890 class:cable
[Train] epoch [424/601], loss:6.4855 class:cable
[Train] epoch [425/601], loss:6.4727 class:cable
[Train] epoch [426/601], loss:6.4702 class:cable
[Train] epoch [427/601], loss:6.4335 class:cable
[Train] epoch [428/601], loss:6.4525 class:cable
[Train] epoch [429/601], loss:6.4474 class:cable
[Train] epoch [430/601], loss:6.4182 class:cable
[Eval] cable class RocAUC at epoch 430: 0.8883
[Train] epoch [431/601], loss:6.4302 class:cable
[Train] epoch [432/601], loss:6.4076 class:cable
[Train] epoch [433/601], loss:6.4005 class:cable
[Train] epoch [434/601], loss:6.4116 class:cable
[Train] epoch [435/601], loss:6.4148 class:cable
[Train] epoch [436/601], loss:6.4211 class:cable
[Train] epoch [437/601], loss:6.4112 class:cable
[Train] epoch [438/601], loss:6.3785 class:cable
[Train] epoch [439/601], loss:6.4094 class:cable
[Train] epoch [440/601], loss:6.4136 class:cable
[Eval] cable class RocAUC at epoch 440: 0.8787
[Train] epoch [441/601], loss:6.4023 class:cable
[Train] epoch [442/601], loss:6.3963 class:cable
[Train] epoch [443/601], loss:6.3963 class:cable
[Train] epoch [444/601], loss:6.3744 class:cable
[Train] epoch [445/601], loss:6.3788 class:cable
[Train] epoch [446/601], loss:6.3762 class:cable
[Train] epoch [447/601], loss:6.3718 class:cable
[Train] epoch [448/601], loss:6.3711 class:cable
[Train] epoch [449/601], loss:6.3642 class:cable
[Train] epoch [450/601], loss:6.3666 class:cable
[Eval] cable class RocAUC at epoch 450: 0.8868
[Train] epoch [451/601], loss:6.3617 class:cable
[Train] epoch [452/601], loss:6.3508 class:cable
[Train] epoch [453/601], loss:6.3211 class:cable
[Train] epoch [454/601], loss:6.3370 class:cable
[Train] epoch [455/601], loss:6.3381 class:cable
[Train] epoch [456/601], loss:6.3495 class:cable
[Train] epoch [457/601], loss:6.3223 class:cable
[Train] epoch [458/601], loss:6.3392 class:cable
[Train] epoch [459/601], loss:6.3121 class:cable
[Train] epoch [460/601], loss:6.3108 class:cable
[Eval] cable class RocAUC at epoch 460: 0.8885
[Train] epoch [461/601], loss:6.3342 class:cable
[Train] epoch [462/601], loss:6.3051 class:cable
[Train] epoch [463/601], loss:6.3104 class:cable
[Train] epoch [464/601], loss:6.3229 class:cable
[Train] epoch [465/601], loss:6.2962 class:cable
[Train] epoch [466/601], loss:6.2968 class:cable
[Train] epoch [467/601], loss:6.2841 class:cable
[Train] epoch [468/601], loss:6.2997 class:cable
[Train] epoch [469/601], loss:6.2879 class:cable
[Train] epoch [470/601], loss:6.3143 class:cable
[Eval] cable class RocAUC at epoch 470: 0.8834
[Train] epoch [471/601], loss:6.2936 class:cable
[Train] epoch [472/601], loss:6.2714 class:cable
[Train] epoch [473/601], loss:6.2905 class:cable
[Train] epoch [474/601], loss:6.2770 class:cable
[Train] epoch [475/601], loss:6.2769 class:cable
[Train] epoch [476/601], loss:6.2793 class:cable
[Train] epoch [477/601], loss:6.2917 class:cable
[Train] epoch [478/601], loss:6.2791 class:cable
[Train] epoch [479/601], loss:6.2695 class:cable
[Train] epoch [480/601], loss:6.2636 class:cable
[Eval] cable class RocAUC at epoch 480: 0.8853
[Train] epoch [481/601], loss:6.2704 class:cable
[Train] epoch [482/601], loss:6.2528 class:cable
[Train] epoch [483/601], loss:6.2483 class:cable
[Train] epoch [484/601], loss:6.2855 class:cable
[Train] epoch [485/601], loss:6.2562 class:cable
[Train] epoch [486/601], loss:6.2581 class:cable
[Train] epoch [487/601], loss:6.2587 class:cable
[Train] epoch [488/601], loss:6.2555 class:cable
[Train] epoch [489/601], loss:6.2274 class:cable
[Train] epoch [490/601], loss:6.2430 class:cable
[Eval] cable class RocAUC at epoch 490: 0.8894
[Train] epoch [491/601], loss:6.2272 class:cable
[Train] epoch [492/601], loss:6.2328 class:cable
[Train] epoch [493/601], loss:6.2340 class:cable
[Train] epoch [494/601], loss:6.2178 class:cable
[Train] epoch [495/601], loss:6.2174 class:cable
[Train] epoch [496/601], loss:6.2061 class:cable
[Train] epoch [497/601], loss:6.1997 class:cable
[Train] epoch [498/601], loss:6.2067 class:cable
[Train] epoch [499/601], loss:6.2184 class:cable
[Train] epoch [500/601], loss:6.2036 class:cable
[Eval] cable class RocAUC at epoch 500: 0.8864
[Train] epoch [501/601], loss:6.1979 class:cable
[Train] epoch [502/601], loss:6.1966 class:cable
[Train] epoch [503/601], loss:6.1883 class:cable
[Train] epoch [504/601], loss:6.1949 class:cable
[Train] epoch [505/601], loss:6.2049 class:cable
[Train] epoch [506/601], loss:6.1753 class:cable
[Train] epoch [507/601], loss:6.1623 class:cable
[Train] epoch [508/601], loss:6.1787 class:cable
[Train] epoch [509/601], loss:6.1826 class:cable
[Train] epoch [510/601], loss:6.1866 class:cable
[Eval] cable class RocAUC at epoch 510: 0.8874
[Train] epoch [511/601], loss:6.1745 class:cable
[Train] epoch [512/601], loss:6.1617 class:cable
[Train] epoch [513/601], loss:6.1628 class:cable
[Train] epoch [514/601], loss:6.1735 class:cable
[Train] epoch [515/601], loss:6.1599 class:cable
[Train] epoch [516/601], loss:6.1617 class:cable
[Train] epoch [517/601], loss:6.1548 class:cable
[Train] epoch [518/601], loss:6.1365 class:cable
[Train] epoch [519/601], loss:6.1560 class:cable
[Train] epoch [520/601], loss:6.1404 class:cable
[Eval] cable class RocAUC at epoch 520: 0.8936
[Eval] save best model at epoch 520
[Train] epoch [521/601], loss:6.1400 class:cable
[Train] epoch [522/601], loss:6.1251 class:cable
[Train] epoch [523/601], loss:6.1206 class:cable
[Train] epoch [524/601], loss:6.1403 class:cable
[Train] epoch [525/601], loss:6.1281 class:cable
[Train] epoch [526/601], loss:6.1265 class:cable
[Train] epoch [527/601], loss:6.1332 class:cable
[Train] epoch [528/601], loss:6.1193 class:cable
[Train] epoch [529/601], loss:6.1136 class:cable
[Train] epoch [530/601], loss:6.1144 class:cable
[Eval] cable class RocAUC at epoch 530: 0.8857
[Train] epoch [531/601], loss:6.1152 class:cable
[Train] epoch [532/601], loss:6.1121 class:cable
[Train] epoch [533/601], loss:6.1090 class:cable
[Train] epoch [534/601], loss:6.1055 class:cable
[Train] epoch [535/601], loss:6.0950 class:cable
[Train] epoch [536/601], loss:6.0926 class:cable
[Train] epoch [537/601], loss:6.0917 class:cable
[Train] epoch [538/601], loss:6.0958 class:cable
[Train] epoch [539/601], loss:6.0990 class:cable
[Train] epoch [540/601], loss:6.1037 class:cable
[Eval] cable class RocAUC at epoch 540: 0.884
[Train] epoch [541/601], loss:6.1179 class:cable
[Train] epoch [542/601], loss:6.0959 class:cable
[Train] epoch [543/601], loss:6.0831 class:cable
[Train] epoch [544/601], loss:6.0996 class:cable
[Train] epoch [545/601], loss:6.1045 class:cable
[Train] epoch [546/601], loss:6.0784 class:cable
[Train] epoch [547/601], loss:6.0796 class:cable
[Train] epoch [548/601], loss:6.0536 class:cable
[Train] epoch [549/601], loss:6.0477 class:cable
[Train] epoch [550/601], loss:6.0617 class:cable
[Eval] cable class RocAUC at epoch 550: 0.8913
[Train] epoch [551/601], loss:6.0790 class:cable
[Train] epoch [552/601], loss:6.0525 class:cable
[Train] epoch [553/601], loss:6.0528 class:cable
[Train] epoch [554/601], loss:6.0560 class:cable
[Train] epoch [555/601], loss:6.0438 class:cable
[Train] epoch [556/601], loss:6.0624 class:cable
[Train] epoch [557/601], loss:6.0687 class:cable
[Train] epoch [558/601], loss:6.0448 class:cable
[Train] epoch [559/601], loss:6.0462 class:cable
[Train] epoch [560/601], loss:6.0568 class:cable
[Eval] cable class RocAUC at epoch 560: 0.8892
[Train] epoch [561/601], loss:6.0361 class:cable
[Train] epoch [562/601], loss:6.0380 class:cable
[Train] epoch [563/601], loss:6.0450 class:cable
[Train] epoch [564/601], loss:6.0378 class:cable
[Train] epoch [565/601], loss:6.0266 class:cable
[Train] epoch [566/601], loss:6.0287 class:cable
[Train] epoch [567/601], loss:6.0124 class:cable
[Train] epoch [568/601], loss:6.0314 class:cable
[Train] epoch [569/601], loss:5.9944 class:cable
[Train] epoch [570/601], loss:6.0037 class:cable
[Eval] cable class RocAUC at epoch 570: 0.8947
[Eval] save best model at epoch 570
[Train] epoch [571/601], loss:5.9947 class:cable
[Train] epoch [572/601], loss:6.0153 class:cable
[Train] epoch [573/601], loss:6.0220 class:cable
[Train] epoch [574/601], loss:6.0222 class:cable
[Train] epoch [575/601], loss:5.9920 class:cable
[Train] epoch [576/601], loss:5.9907 class:cable
[Train] epoch [577/601], loss:6.0295 class:cable
[Train] epoch [578/601], loss:6.0024 class:cable
[Train] epoch [579/601], loss:6.0103 class:cable
[Train] epoch [580/601], loss:5.9976 class:cable
[Eval] cable class RocAUC at epoch 580: 0.8885
[Train] epoch [581/601], loss:5.9890 class:cable
[Train] epoch [582/601], loss:5.9905 class:cable
[Train] epoch [583/601], loss:5.9685 class:cable
[Train] epoch [584/601], loss:5.9848 class:cable
[Train] epoch [585/601], loss:5.9880 class:cable
[Train] epoch [586/601], loss:5.9806 class:cable
[Train] epoch [587/601], loss:5.9818 class:cable
[Train] epoch [588/601], loss:5.9893 class:cable
[Train] epoch [589/601], loss:5.9757 class:cable
[Train] epoch [590/601], loss:5.9548 class:cable
[Eval] cable class RocAUC at epoch 590: 0.8891
[Train] epoch [591/601], loss:5.9637 class:cable
[Train] epoch [592/601], loss:5.9738 class:cable
[Train] epoch [593/601], loss:5.9543 class:cable
[Train] epoch [594/601], loss:5.9608 class:cable
[Train] epoch [595/601], loss:5.9408 class:cable
[Train] epoch [596/601], loss:5.9512 class:cable
[Train] epoch [597/601], loss:5.9722 class:cable
[Train] epoch [598/601], loss:5.9577 class:cable
[Train] epoch [599/601], loss:5.9558 class:cable
[Train] epoch [600/601], loss:5.9390 class:cable
[Eval] cable class RocAUC at epoch 600: 0.8904
[Train] epoch [601/601], loss:5.9436 class:cable
[Eval] cable class RocAUC at epoch 601: 0.8885
