W0410 14:35:08.977020  3828 device_context.cc:447] Please NOTE: device: 0, GPU Compute Capability: 7.0, Driver API Version: 10.1, Runtime API Version: 10.1
W0410 14:35:08.982070  3828 device_context.cc:465] device: 0, cuDNN Version: 7.6.
Loading pretrained model from ./vgg16.pdparams
There are 32/32 variables loaded into VGG.
layer : 0 Conv2D(3, 16, kernel_size=[3, 3], padding=1, data_format=NCHW)
layer : 1 BatchNorm2D(num_features=16, momentum=0.9, epsilon=1e-05)
layer : 2 ReLU()
layer : 3 Conv2D(16, 16, kernel_size=[3, 3], padding=1, data_format=NCHW)
layer : 4 ReLU()
layer : 5 MaxPool2D(kernel_size=2, stride=2, padding=0)
layer : 6 Conv2D(16, 16, kernel_size=[3, 3], padding=1, data_format=NCHW)
layer : 7 BatchNorm2D(num_features=16, momentum=0.9, epsilon=1e-05)
layer : 8 ReLU()
layer : 9 Conv2D(16, 128, kernel_size=[3, 3], padding=1, data_format=NCHW)
layer : 10 ReLU()
layer : 11 MaxPool2D(kernel_size=2, stride=2, padding=0)
layer : 12 Conv2D(128, 16, kernel_size=[3, 3], padding=1, data_format=NCHW)
layer : 13 BatchNorm2D(num_features=16, momentum=0.9, epsilon=1e-05)
layer : 14 ReLU()
layer : 15 Conv2D(16, 16, kernel_size=[3, 3], padding=1, data_format=NCHW)
layer : 16 BatchNorm2D(num_features=16, momentum=0.9, epsilon=1e-05)
layer : 17 ReLU()
layer : 18 Conv2D(16, 256, kernel_size=[3, 3], padding=1, data_format=NCHW)
layer : 19 ReLU()
layer : 20 MaxPool2D(kernel_size=2, stride=2, padding=0)
layer : 21 Conv2D(256, 16, kernel_size=[3, 3], padding=1, data_format=NCHW)
layer : 22 BatchNorm2D(num_features=16, momentum=0.9, epsilon=1e-05)
layer : 23 ReLU()
layer : 24 Conv2D(16, 16, kernel_size=[3, 3], padding=1, data_format=NCHW)
layer : 25 BatchNorm2D(num_features=16, momentum=0.9, epsilon=1e-05)
layer : 26 ReLU()
layer : 27 Conv2D(16, 512, kernel_size=[3, 3], padding=1, data_format=NCHW)
layer : 28 ReLU()
layer : 29 MaxPool2D(kernel_size=2, stride=2, padding=0)
layer : 30 Conv2D(512, 16, kernel_size=[3, 3], padding=1, data_format=NCHW)
layer : 31 BatchNorm2D(num_features=16, momentum=0.9, epsilon=1e-05)
layer : 32 ReLU()
layer : 33 Conv2D(16, 16, kernel_size=[3, 3], padding=1, data_format=NCHW)
layer : 34 BatchNorm2D(num_features=16, momentum=0.9, epsilon=1e-05)
layer : 35 ReLU()
layer : 36 Conv2D(16, 512, kernel_size=[3, 3], padding=1, data_format=NCHW)
layer : 37 ReLU()
layer : 38 MaxPool2D(kernel_size=2, stride=2, padding=0)
[Train] epoch [0/601], loss:25.2685 class:capsule
[Eval] capsule class RocAUC at epoch 0: 0.5205
[Eval] save best model at epoch 0
[Train] epoch [1/601], loss:21.2960 class:capsule
[Train] epoch [2/601], loss:18.8137 class:capsule
[Train] epoch [3/601], loss:17.2933 class:capsule
[Train] epoch [4/601], loss:16.0442 class:capsule
[Train] epoch [5/601], loss:15.0836 class:capsule
[Train] epoch [6/601], loss:14.2148 class:capsule
[Train] epoch [7/601], loss:13.5370 class:capsule
[Train] epoch [8/601], loss:12.8739 class:capsule
[Train] epoch [9/601], loss:12.2776 class:capsule
[Train] epoch [10/601], loss:11.7326 class:capsule
[Eval] capsule class RocAUC at epoch 10: 0.6119
[Eval] save best model at epoch 10
[Train] epoch [11/601], loss:11.2462 class:capsule
[Train] epoch [12/601], loss:10.8158 class:capsule
[Train] epoch [13/601], loss:10.3493 class:capsule
[Train] epoch [14/601], loss:9.9673 class:capsule
[Train] epoch [15/601], loss:9.5782 class:capsule
[Train] epoch [16/601], loss:9.2313 class:capsule
[Train] epoch [17/601], loss:8.8792 class:capsule
[Train] epoch [18/601], loss:8.5586 class:capsule
[Train] epoch [19/601], loss:8.2602 class:capsule
[Train] epoch [20/601], loss:7.9920 class:capsule
[Eval] capsule class RocAUC at epoch 20: 0.6143
[Eval] save best model at epoch 20
[Train] epoch [21/601], loss:7.6814 class:capsule
[Train] epoch [22/601], loss:7.4516 class:capsule
[Train] epoch [23/601], loss:7.1667 class:capsule
[Train] epoch [24/601], loss:6.9204 class:capsule
[Train] epoch [25/601], loss:6.6957 class:capsule
[Train] epoch [26/601], loss:6.4805 class:capsule
[Train] epoch [27/601], loss:6.2911 class:capsule
[Train] epoch [28/601], loss:6.0739 class:capsule
[Train] epoch [29/601], loss:5.8486 class:capsule
[Train] epoch [30/601], loss:5.6786 class:capsule
[Eval] capsule class RocAUC at epoch 30: 0.6314
[Eval] save best model at epoch 30
[Train] epoch [31/601], loss:5.5174 class:capsule
[Train] epoch [32/601], loss:5.3099 class:capsule
[Train] epoch [33/601], loss:5.1796 class:capsule
[Train] epoch [34/601], loss:5.0437 class:capsule
[Train] epoch [35/601], loss:4.8544 class:capsule
[Train] epoch [36/601], loss:4.7033 class:capsule
[Train] epoch [37/601], loss:4.6013 class:capsule
[Train] epoch [38/601], loss:4.4824 class:capsule
[Train] epoch [39/601], loss:4.3405 class:capsule
[Train] epoch [40/601], loss:4.2269 class:capsule
[Eval] capsule class RocAUC at epoch 40: 0.657
[Eval] save best model at epoch 40
[Train] epoch [41/601], loss:4.0987 class:capsule
[Train] epoch [42/601], loss:3.9846 class:capsule
[Train] epoch [43/601], loss:3.8911 class:capsule
[Train] epoch [44/601], loss:3.7988 class:capsule
[Train] epoch [45/601], loss:3.7049 class:capsule
[Train] epoch [46/601], loss:3.5954 class:capsule
[Train] epoch [47/601], loss:3.5088 class:capsule
[Train] epoch [48/601], loss:3.4382 class:capsule
[Train] epoch [49/601], loss:3.3628 class:capsule
[Train] epoch [50/601], loss:3.2955 class:capsule
[Eval] capsule class RocAUC at epoch 50: 0.6705
[Eval] save best model at epoch 50
[Train] epoch [51/601], loss:3.2178 class:capsule
[Train] epoch [52/601], loss:3.1238 class:capsule
[Train] epoch [53/601], loss:3.0737 class:capsule
[Train] epoch [54/601], loss:2.9820 class:capsule
[Train] epoch [55/601], loss:2.9397 class:capsule
[Train] epoch [56/601], loss:2.8504 class:capsule
[Train] epoch [57/601], loss:2.7998 class:capsule
[Train] epoch [58/601], loss:2.7237 class:capsule
[Train] epoch [59/601], loss:2.6833 class:capsule
[Train] epoch [60/601], loss:2.6418 class:capsule
[Eval] capsule class RocAUC at epoch 60: 0.6805
[Eval] save best model at epoch 60
[Train] epoch [61/601], loss:2.6027 class:capsule
[Train] epoch [62/601], loss:2.5465 class:capsule
[Train] epoch [63/601], loss:2.4871 class:capsule
[Train] epoch [64/601], loss:2.4336 class:capsule
[Train] epoch [65/601], loss:2.3846 class:capsule
[Train] epoch [66/601], loss:2.3404 class:capsule
[Train] epoch [67/601], loss:2.3031 class:capsule
[Train] epoch [68/601], loss:2.2607 class:capsule
[Train] epoch [69/601], loss:2.2295 class:capsule
[Train] epoch [70/601], loss:2.1907 class:capsule
[Eval] capsule class RocAUC at epoch 70: 0.6949
[Eval] save best model at epoch 70
[Train] epoch [71/601], loss:2.1522 class:capsule
[Train] epoch [72/601], loss:2.1019 class:capsule
[Train] epoch [73/601], loss:2.0824 class:capsule
[Train] epoch [74/601], loss:2.0316 class:capsule
[Train] epoch [75/601], loss:2.0100 class:capsule
[Train] epoch [76/601], loss:1.9646 class:capsule
[Train] epoch [77/601], loss:1.9378 class:capsule
[Train] epoch [78/601], loss:1.9132 class:capsule
[Train] epoch [79/601], loss:1.8696 class:capsule
[Train] epoch [80/601], loss:1.8712 class:capsule
[Eval] capsule class RocAUC at epoch 80: 0.7036
[Eval] save best model at epoch 80
[Train] epoch [81/601], loss:1.8220 class:capsule
[Train] epoch [82/601], loss:1.7875 class:capsule
[Train] epoch [83/601], loss:1.7632 class:capsule
[Train] epoch [84/601], loss:1.7446 class:capsule
[Train] epoch [85/601], loss:1.7123 class:capsule
[Train] epoch [86/601], loss:1.6922 class:capsule
[Train] epoch [87/601], loss:1.6754 class:capsule
[Train] epoch [88/601], loss:1.6542 class:capsule
[Train] epoch [89/601], loss:1.6336 class:capsule
[Train] epoch [90/601], loss:1.6185 class:capsule
[Eval] capsule class RocAUC at epoch 90: 0.7152
[Eval] save best model at epoch 90
[Train] epoch [91/601], loss:1.5934 class:capsule
[Train] epoch [92/601], loss:1.5720 class:capsule
[Train] epoch [93/601], loss:1.5486 class:capsule
[Train] epoch [94/601], loss:1.5481 class:capsule
[Train] epoch [95/601], loss:1.5219 class:capsule
[Train] epoch [96/601], loss:1.4949 class:capsule
[Train] epoch [97/601], loss:1.4910 class:capsule
[Train] epoch [98/601], loss:1.4920 class:capsule
[Train] epoch [99/601], loss:1.4667 class:capsule
[Train] epoch [100/601], loss:1.4473 class:capsule
[Eval] capsule class RocAUC at epoch 100: 0.7228
[Eval] save best model at epoch 100
[Train] epoch [101/601], loss:1.4354 class:capsule
[Train] epoch [102/601], loss:1.4025 class:capsule
[Train] epoch [103/601], loss:1.3894 class:capsule
[Train] epoch [104/601], loss:1.3757 class:capsule
[Train] epoch [105/601], loss:1.3574 class:capsule
[Train] epoch [106/601], loss:1.3546 class:capsule
[Train] epoch [107/601], loss:1.3291 class:capsule
[Train] epoch [108/601], loss:1.3222 class:capsule
[Train] epoch [109/601], loss:1.3023 class:capsule
[Train] epoch [110/601], loss:1.2917 class:capsule
[Eval] capsule class RocAUC at epoch 110: 0.7363
[Eval] save best model at epoch 110
[Train] epoch [111/601], loss:1.2870 class:capsule
[Train] epoch [112/601], loss:1.2672 class:capsule
[Train] epoch [113/601], loss:1.2455 class:capsule
[Train] epoch [114/601], loss:1.2613 class:capsule
[Train] epoch [115/601], loss:1.2482 class:capsule
[Train] epoch [116/601], loss:1.2348 class:capsule
[Train] epoch [117/601], loss:1.2184 class:capsule
[Train] epoch [118/601], loss:1.1921 class:capsule
[Train] epoch [119/601], loss:1.1883 class:capsule
[Train] epoch [120/601], loss:1.1743 class:capsule
[Eval] capsule class RocAUC at epoch 120: 0.7371
[Eval] save best model at epoch 120
[Train] epoch [121/601], loss:1.1746 class:capsule
[Train] epoch [122/601], loss:1.1600 class:capsule
[Train] epoch [123/601], loss:1.1539 class:capsule
[Train] epoch [124/601], loss:1.1426 class:capsule
[Train] epoch [125/601], loss:1.1313 class:capsule
[Train] epoch [126/601], loss:1.1260 class:capsule
[Train] epoch [127/601], loss:1.1147 class:capsule
[Train] epoch [128/601], loss:1.1069 class:capsule
[Train] epoch [129/601], loss:1.1051 class:capsule
[Train] epoch [130/601], loss:1.0905 class:capsule
[Eval] capsule class RocAUC at epoch 130: 0.7379
[Eval] save best model at epoch 130
[Train] epoch [131/601], loss:1.0914 class:capsule
[Train] epoch [132/601], loss:1.0693 class:capsule
[Train] epoch [133/601], loss:1.0683 class:capsule
[Train] epoch [134/601], loss:1.0837 class:capsule
[Train] epoch [135/601], loss:1.0490 class:capsule
[Train] epoch [136/601], loss:1.0522 class:capsule
[Train] epoch [137/601], loss:1.0411 class:capsule
[Train] epoch [138/601], loss:1.0274 class:capsule
[Train] epoch [139/601], loss:1.0278 class:capsule
[Train] epoch [140/601], loss:1.0202 class:capsule
[Eval] capsule class RocAUC at epoch 140: 0.7455
[Eval] save best model at epoch 140
[Train] epoch [141/601], loss:1.0110 class:capsule
[Train] epoch [142/601], loss:1.0047 class:capsule
[Train] epoch [143/601], loss:0.9991 class:capsule
[Train] epoch [144/601], loss:1.0025 class:capsule
[Train] epoch [145/601], loss:0.9893 class:capsule
[Train] epoch [146/601], loss:0.9794 class:capsule
[Train] epoch [147/601], loss:0.9901 class:capsule
[Train] epoch [148/601], loss:0.9769 class:capsule
[Train] epoch [149/601], loss:0.9868 class:capsule
[Train] epoch [150/601], loss:0.9681 class:capsule
[Eval] capsule class RocAUC at epoch 150: 0.7459
[Eval] save best model at epoch 150
[Train] epoch [151/601], loss:0.9585 class:capsule
[Train] epoch [152/601], loss:0.9518 class:capsule
[Train] epoch [153/601], loss:0.9449 class:capsule
[Train] epoch [154/601], loss:0.9429 class:capsule
[Train] epoch [155/601], loss:0.9441 class:capsule
[Train] epoch [156/601], loss:0.9362 class:capsule
[Train] epoch [157/601], loss:0.9315 class:capsule
[Train] epoch [158/601], loss:0.9181 class:capsule
[Train] epoch [159/601], loss:0.9208 class:capsule
[Train] epoch [160/601], loss:0.9136 class:capsule
[Eval] capsule class RocAUC at epoch 160: 0.7551
[Eval] save best model at epoch 160
[Train] epoch [161/601], loss:0.9144 class:capsule
[Train] epoch [162/601], loss:0.9031 class:capsule
[Train] epoch [163/601], loss:0.9022 class:capsule
[Train] epoch [164/601], loss:0.8986 class:capsule
[Train] epoch [165/601], loss:0.8915 class:capsule
[Train] epoch [166/601], loss:0.9029 class:capsule
[Train] epoch [167/601], loss:0.8966 class:capsule
[Train] epoch [168/601], loss:0.8889 class:capsule
[Train] epoch [169/601], loss:0.8950 class:capsule
[Train] epoch [170/601], loss:0.8783 class:capsule
[Eval] capsule class RocAUC at epoch 170: 0.7539
[Train] epoch [171/601], loss:0.8748 class:capsule
[Train] epoch [172/601], loss:0.8721 class:capsule
[Train] epoch [173/601], loss:0.8603 class:capsule
[Train] epoch [174/601], loss:0.8605 class:capsule
[Train] epoch [175/601], loss:0.8498 class:capsule
[Train] epoch [176/601], loss:0.8441 class:capsule
[Train] epoch [177/601], loss:0.8453 class:capsule
[Train] epoch [178/601], loss:0.8457 class:capsule
[Train] epoch [179/601], loss:0.8445 class:capsule
[Train] epoch [180/601], loss:0.8454 class:capsule
[Eval] capsule class RocAUC at epoch 180: 0.7567
[Eval] save best model at epoch 180
[Train] epoch [181/601], loss:0.8413 class:capsule
[Train] epoch [182/601], loss:0.8330 class:capsule
[Train] epoch [183/601], loss:0.8383 class:capsule
[Train] epoch [184/601], loss:0.8252 class:capsule
[Train] epoch [185/601], loss:0.8256 class:capsule
[Train] epoch [186/601], loss:0.8215 class:capsule
[Train] epoch [187/601], loss:0.8248 class:capsule
[Train] epoch [188/601], loss:0.8089 class:capsule
[Train] epoch [189/601], loss:0.8125 class:capsule
[Train] epoch [190/601], loss:0.8124 class:capsule
[Eval] capsule class RocAUC at epoch 190: 0.7615
[Eval] save best model at epoch 190
[Train] epoch [191/601], loss:0.8137 class:capsule
[Train] epoch [192/601], loss:0.8076 class:capsule
[Train] epoch [193/601], loss:0.8019 class:capsule
[Train] epoch [194/601], loss:0.8035 class:capsule
[Train] epoch [195/601], loss:0.7935 class:capsule
[Train] epoch [196/601], loss:0.7986 class:capsule
[Train] epoch [197/601], loss:0.7956 class:capsule
[Train] epoch [198/601], loss:0.7834 class:capsule
[Train] epoch [199/601], loss:0.7909 class:capsule
[Train] epoch [200/601], loss:0.7868 class:capsule
[Eval] capsule class RocAUC at epoch 200: 0.7631
[Eval] save best model at epoch 200
[Train] epoch [201/601], loss:0.7815 class:capsule
[Train] epoch [202/601], loss:0.7749 class:capsule
[Train] epoch [203/601], loss:0.7793 class:capsule
[Train] epoch [204/601], loss:0.7715 class:capsule
[Train] epoch [205/601], loss:0.7642 class:capsule
[Train] epoch [206/601], loss:0.7654 class:capsule
[Train] epoch [207/601], loss:0.7617 class:capsule
[Train] epoch [208/601], loss:0.7719 class:capsule
[Train] epoch [209/601], loss:0.7776 class:capsule
[Train] epoch [210/601], loss:0.7650 class:capsule
[Eval] capsule class RocAUC at epoch 210: 0.7639
[Eval] save best model at epoch 210
[Train] epoch [211/601], loss:0.7635 class:capsule
[Train] epoch [212/601], loss:0.7565 class:capsule
[Train] epoch [213/601], loss:0.7547 class:capsule
[Train] epoch [214/601], loss:0.7644 class:capsule
[Train] epoch [215/601], loss:0.7531 class:capsule
[Train] epoch [216/601], loss:0.7564 class:capsule
[Train] epoch [217/601], loss:0.7501 class:capsule
[Train] epoch [218/601], loss:0.7445 class:capsule
[Train] epoch [219/601], loss:0.7375 class:capsule
[Train] epoch [220/601], loss:0.7418 class:capsule
[Eval] capsule class RocAUC at epoch 220: 0.7647
[Eval] save best model at epoch 220
[Train] epoch [221/601], loss:0.7447 class:capsule
[Train] epoch [222/601], loss:0.7336 class:capsule
[Train] epoch [223/601], loss:0.7351 class:capsule
[Train] epoch [224/601], loss:0.7324 class:capsule
[Train] epoch [225/601], loss:0.7266 class:capsule
[Train] epoch [226/601], loss:0.7277 class:capsule
[Train] epoch [227/601], loss:0.7288 class:capsule
[Train] epoch [228/601], loss:0.7378 class:capsule
[Train] epoch [229/601], loss:0.7221 class:capsule
[Train] epoch [230/601], loss:0.7176 class:capsule
[Eval] capsule class RocAUC at epoch 230: 0.7718
[Eval] save best model at epoch 230
[Train] epoch [231/601], loss:0.7223 class:capsule
[Train] epoch [232/601], loss:0.7231 class:capsule
[Train] epoch [233/601], loss:0.7151 class:capsule
[Train] epoch [234/601], loss:0.7117 class:capsule
[Train] epoch [235/601], loss:0.7048 class:capsule
[Train] epoch [236/601], loss:0.7131 class:capsule
[Train] epoch [237/601], loss:0.7113 class:capsule
[Train] epoch [238/601], loss:0.7029 class:capsule
[Train] epoch [239/601], loss:0.7123 class:capsule
[Train] epoch [240/601], loss:0.7084 class:capsule
[Eval] capsule class RocAUC at epoch 240: 0.7698
[Train] epoch [241/601], loss:0.7040 class:capsule
[Train] epoch [242/601], loss:0.7077 class:capsule
[Train] epoch [243/601], loss:0.6992 class:capsule
[Train] epoch [244/601], loss:0.7002 class:capsule
[Train] epoch [245/601], loss:0.6940 class:capsule
[Train] epoch [246/601], loss:0.7033 class:capsule
[Train] epoch [247/601], loss:0.6983 class:capsule
[Train] epoch [248/601], loss:0.6932 class:capsule
[Train] epoch [249/601], loss:0.6853 class:capsule
[Train] epoch [250/601], loss:0.6798 class:capsule
[Eval] capsule class RocAUC at epoch 250: 0.7746
[Eval] save best model at epoch 250
[Train] epoch [251/601], loss:0.6906 class:capsule
[Train] epoch [252/601], loss:0.6839 class:capsule
[Train] epoch [253/601], loss:0.6744 class:capsule
[Train] epoch [254/601], loss:0.6840 class:capsule
[Train] epoch [255/601], loss:0.6926 class:capsule
[Train] epoch [256/601], loss:0.6807 class:capsule
[Train] epoch [257/601], loss:0.6894 class:capsule
[Train] epoch [258/601], loss:0.6822 class:capsule
[Train] epoch [259/601], loss:0.6799 class:capsule
[Train] epoch [260/601], loss:0.6802 class:capsule
[Eval] capsule class RocAUC at epoch 260: 0.7734
[Train] epoch [261/601], loss:0.6668 class:capsule
[Train] epoch [262/601], loss:0.6747 class:capsule
[Train] epoch [263/601], loss:0.6644 class:capsule
[Train] epoch [264/601], loss:0.6734 class:capsule
[Train] epoch [265/601], loss:0.6692 class:capsule
[Train] epoch [266/601], loss:0.6654 class:capsule
[Train] epoch [267/601], loss:0.6675 class:capsule
[Train] epoch [268/601], loss:0.6687 class:capsule
[Train] epoch [269/601], loss:0.6565 class:capsule
[Train] epoch [270/601], loss:0.6586 class:capsule
[Eval] capsule class RocAUC at epoch 270: 0.7762
[Eval] save best model at epoch 270
[Train] epoch [271/601], loss:0.6660 class:capsule
[Train] epoch [272/601], loss:0.6628 class:capsule
[Train] epoch [273/601], loss:0.6632 class:capsule
[Train] epoch [274/601], loss:0.6618 class:capsule
[Train] epoch [275/601], loss:0.6553 class:capsule
[Train] epoch [276/601], loss:0.6449 class:capsule
[Train] epoch [277/601], loss:0.6536 class:capsule
[Train] epoch [278/601], loss:0.6532 class:capsule
[Train] epoch [279/601], loss:0.6481 class:capsule
[Train] epoch [280/601], loss:0.6473 class:capsule
[Eval] capsule class RocAUC at epoch 280: 0.7774
[Eval] save best model at epoch 280
[Train] epoch [281/601], loss:0.6432 class:capsule
[Train] epoch [282/601], loss:0.6452 class:capsule
[Train] epoch [283/601], loss:0.6513 class:capsule
[Train] epoch [284/601], loss:0.6479 class:capsule
[Train] epoch [285/601], loss:0.6346 class:capsule
[Train] epoch [286/601], loss:0.6468 class:capsule
[Train] epoch [287/601], loss:0.6346 class:capsule
[Train] epoch [288/601], loss:0.6460 class:capsule
[Train] epoch [289/601], loss:0.6385 class:capsule
[Train] epoch [290/601], loss:0.6439 class:capsule
[Eval] capsule class RocAUC at epoch 290: 0.7766
[Train] epoch [291/601], loss:0.6400 class:capsule
[Train] epoch [292/601], loss:0.6311 class:capsule
[Train] epoch [293/601], loss:0.6381 class:capsule
[Train] epoch [294/601], loss:0.6362 class:capsule
[Train] epoch [295/601], loss:0.6308 class:capsule
[Train] epoch [296/601], loss:0.6272 class:capsule
[Train] epoch [297/601], loss:0.6324 class:capsule
[Train] epoch [298/601], loss:0.6252 class:capsule
[Train] epoch [299/601], loss:0.6288 class:capsule
[Train] epoch [300/601], loss:0.6235 class:capsule
[Eval] capsule class RocAUC at epoch 300: 0.7798
[Eval] save best model at epoch 300
[Train] epoch [301/601], loss:0.6334 class:capsule
[Train] epoch [302/601], loss:0.6281 class:capsule
[Train] epoch [303/601], loss:0.6227 class:capsule
[Train] epoch [304/601], loss:0.6240 class:capsule
[Train] epoch [305/601], loss:0.6314 class:capsule
[Train] epoch [306/601], loss:0.6256 class:capsule
[Train] epoch [307/601], loss:0.6209 class:capsule
[Train] epoch [308/601], loss:0.6192 class:capsule
[Train] epoch [309/601], loss:0.6215 class:capsule
[Train] epoch [310/601], loss:0.6182 class:capsule
[Eval] capsule class RocAUC at epoch 310: 0.781
[Eval] save best model at epoch 310
[Train] epoch [311/601], loss:0.6155 class:capsule
[Train] epoch [312/601], loss:0.6212 class:capsule
[Train] epoch [313/601], loss:0.6218 class:capsule
[Train] epoch [314/601], loss:0.6160 class:capsule
[Train] epoch [315/601], loss:0.6144 class:capsule
[Train] epoch [316/601], loss:0.6107 class:capsule
[Train] epoch [317/601], loss:0.6105 class:capsule
[Train] epoch [318/601], loss:0.6074 class:capsule
[Train] epoch [319/601], loss:0.6160 class:capsule
[Train] epoch [320/601], loss:0.6138 class:capsule
[Eval] capsule class RocAUC at epoch 320: 0.7814
[Eval] save best model at epoch 320
[Train] epoch [321/601], loss:0.6061 class:capsule
[Train] epoch [322/601], loss:0.6132 class:capsule
[Train] epoch [323/601], loss:0.6098 class:capsule
[Train] epoch [324/601], loss:0.6047 class:capsule
[Train] epoch [325/601], loss:0.6165 class:capsule
[Train] epoch [326/601], loss:0.6149 class:capsule
[Train] epoch [327/601], loss:0.6116 class:capsule
[Train] epoch [328/601], loss:0.6010 class:capsule
[Train] epoch [329/601], loss:0.6011 class:capsule
[Train] epoch [330/601], loss:0.6029 class:capsule
[Eval] capsule class RocAUC at epoch 330: 0.7806
[Train] epoch [331/601], loss:0.5992 class:capsule
[Train] epoch [332/601], loss:0.6015 class:capsule
[Train] epoch [333/601], loss:0.6026 class:capsule
[Train] epoch [334/601], loss:0.5981 class:capsule
[Train] epoch [335/601], loss:0.6031 class:capsule
[Train] epoch [336/601], loss:0.6060 class:capsule
[Train] epoch [337/601], loss:0.5967 class:capsule
[Train] epoch [338/601], loss:0.6001 class:capsule
[Train] epoch [339/601], loss:0.5957 class:capsule
[Train] epoch [340/601], loss:0.5910 class:capsule
[Eval] capsule class RocAUC at epoch 340: 0.7846
[Eval] save best model at epoch 340
[Train] epoch [341/601], loss:0.6047 class:capsule
[Train] epoch [342/601], loss:0.5954 class:capsule
[Train] epoch [343/601], loss:0.5956 class:capsule
[Train] epoch [344/601], loss:0.5950 class:capsule
[Train] epoch [345/601], loss:0.5931 class:capsule
[Train] epoch [346/601], loss:0.5951 class:capsule
[Train] epoch [347/601], loss:0.5849 class:capsule
[Train] epoch [348/601], loss:0.5946 class:capsule
[Train] epoch [349/601], loss:0.5817 class:capsule
[Train] epoch [350/601], loss:0.5944 class:capsule
[Eval] capsule class RocAUC at epoch 350: 0.781
[Train] epoch [351/601], loss:0.5944 class:capsule
[Train] epoch [352/601], loss:0.5861 class:capsule
[Train] epoch [353/601], loss:0.5853 class:capsule
[Train] epoch [354/601], loss:0.5773 class:capsule
[Train] epoch [355/601], loss:0.5770 class:capsule
[Train] epoch [356/601], loss:0.5772 class:capsule
[Train] epoch [357/601], loss:0.5726 class:capsule
[Train] epoch [358/601], loss:0.5710 class:capsule
[Train] epoch [359/601], loss:0.5722 class:capsule
[Train] epoch [360/601], loss:0.5672 class:capsule
[Eval] capsule class RocAUC at epoch 360: 0.7858
[Eval] save best model at epoch 360
[Train] epoch [361/601], loss:0.5746 class:capsule
[Train] epoch [362/601], loss:0.5771 class:capsule
[Train] epoch [363/601], loss:0.5703 class:capsule
[Train] epoch [364/601], loss:0.5681 class:capsule
[Train] epoch [365/601], loss:0.5691 class:capsule
[Train] epoch [366/601], loss:0.5723 class:capsule
[Train] epoch [367/601], loss:0.5670 class:capsule
[Train] epoch [368/601], loss:0.5620 class:capsule
[Train] epoch [369/601], loss:0.5690 class:capsule
[Train] epoch [370/601], loss:0.5668 class:capsule
[Eval] capsule class RocAUC at epoch 370: 0.7838
[Train] epoch [371/601], loss:0.5648 class:capsule
[Train] epoch [372/601], loss:0.5666 class:capsule
[Train] epoch [373/601], loss:0.5579 class:capsule
[Train] epoch [374/601], loss:0.5675 class:capsule
[Train] epoch [375/601], loss:0.5735 class:capsule
[Train] epoch [376/601], loss:0.5573 class:capsule
[Train] epoch [377/601], loss:0.5642 class:capsule
[Train] epoch [378/601], loss:0.5547 class:capsule
[Train] epoch [379/601], loss:0.5507 class:capsule
[Train] epoch [380/601], loss:0.5614 class:capsule
[Eval] capsule class RocAUC at epoch 380: 0.7838
[Train] epoch [381/601], loss:0.5599 class:capsule
[Train] epoch [382/601], loss:0.5478 class:capsule
[Train] epoch [383/601], loss:0.5535 class:capsule
[Train] epoch [384/601], loss:0.5534 class:capsule
[Train] epoch [385/601], loss:0.5506 class:capsule
[Train] epoch [386/601], loss:0.5489 class:capsule
[Train] epoch [387/601], loss:0.5572 class:capsule
[Train] epoch [388/601], loss:0.5464 class:capsule
[Train] epoch [389/601], loss:0.5460 class:capsule
[Train] epoch [390/601], loss:0.5453 class:capsule
[Eval] capsule class RocAUC at epoch 390: 0.7866
[Eval] save best model at epoch 390
[Train] epoch [391/601], loss:0.5524 class:capsule
[Train] epoch [392/601], loss:0.5518 class:capsule
[Train] epoch [393/601], loss:0.5449 class:capsule
[Train] epoch [394/601], loss:0.5455 class:capsule
[Train] epoch [395/601], loss:0.5448 class:capsule
[Train] epoch [396/601], loss:0.5486 class:capsule
[Train] epoch [397/601], loss:0.5418 class:capsule
[Train] epoch [398/601], loss:0.5455 class:capsule
[Train] epoch [399/601], loss:0.5425 class:capsule
[Train] epoch [400/601], loss:0.5443 class:capsule
[Eval] capsule class RocAUC at epoch 400: 0.7882
[Eval] save best model at epoch 400
[Train] epoch [401/601], loss:0.5375 class:capsule
[Train] epoch [402/601], loss:0.5434 class:capsule
[Train] epoch [403/601], loss:0.5405 class:capsule
[Train] epoch [404/601], loss:0.5456 class:capsule
[Train] epoch [405/601], loss:0.5407 class:capsule
[Train] epoch [406/601], loss:0.5413 class:capsule
[Train] epoch [407/601], loss:0.5370 class:capsule
[Train] epoch [408/601], loss:0.5362 class:capsule
[Train] epoch [409/601], loss:0.5364 class:capsule
[Train] epoch [410/601], loss:0.5428 class:capsule
[Eval] capsule class RocAUC at epoch 410: 0.7874
[Train] epoch [411/601], loss:0.5379 class:capsule
[Train] epoch [412/601], loss:0.5330 class:capsule
[Train] epoch [413/601], loss:0.5355 class:capsule
[Train] epoch [414/601], loss:0.5333 class:capsule
[Train] epoch [415/601], loss:0.5360 class:capsule
[Train] epoch [416/601], loss:0.5333 class:capsule
[Train] epoch [417/601], loss:0.5341 class:capsule
[Train] epoch [418/601], loss:0.5396 class:capsule
[Train] epoch [419/601], loss:0.5430 class:capsule
[Train] epoch [420/601], loss:0.5352 class:capsule
[Eval] capsule class RocAUC at epoch 420: 0.7866
[Train] epoch [421/601], loss:0.5436 class:capsule
[Train] epoch [422/601], loss:0.5327 class:capsule
[Train] epoch [423/601], loss:0.5381 class:capsule
[Train] epoch [424/601], loss:0.5309 class:capsule
[Train] epoch [425/601], loss:0.5313 class:capsule
[Train] epoch [426/601], loss:0.5325 class:capsule
[Train] epoch [427/601], loss:0.5306 class:capsule
[Train] epoch [428/601], loss:0.5323 class:capsule
[Train] epoch [429/601], loss:0.5266 class:capsule
[Train] epoch [430/601], loss:0.5317 class:capsule
[Eval] capsule class RocAUC at epoch 430: 0.7854
[Train] epoch [431/601], loss:0.5286 class:capsule
[Train] epoch [432/601], loss:0.5276 class:capsule
[Train] epoch [433/601], loss:0.5225 class:capsule
[Train] epoch [434/601], loss:0.5224 class:capsule
[Train] epoch [435/601], loss:0.5321 class:capsule
[Train] epoch [436/601], loss:0.5219 class:capsule
[Train] epoch [437/601], loss:0.5237 class:capsule
[Train] epoch [438/601], loss:0.5219 class:capsule
[Train] epoch [439/601], loss:0.5209 class:capsule
[Train] epoch [440/601], loss:0.5220 class:capsule
[Eval] capsule class RocAUC at epoch 440: 0.7906
[Eval] save best model at epoch 440
[Train] epoch [441/601], loss:0.5190 class:capsule
[Train] epoch [442/601], loss:0.5171 class:capsule
[Train] epoch [443/601], loss:0.5242 class:capsule
[Train] epoch [444/601], loss:0.5116 class:capsule
[Train] epoch [445/601], loss:0.5193 class:capsule
[Train] epoch [446/601], loss:0.5098 class:capsule
[Train] epoch [447/601], loss:0.5179 class:capsule
[Train] epoch [448/601], loss:0.5150 class:capsule
[Train] epoch [449/601], loss:0.5236 class:capsule
[Train] epoch [450/601], loss:0.5209 class:capsule
[Eval] capsule class RocAUC at epoch 450: 0.787
[Train] epoch [451/601], loss:0.5142 class:capsule
[Train] epoch [452/601], loss:0.5127 class:capsule
[Train] epoch [453/601], loss:0.5133 class:capsule
[Train] epoch [454/601], loss:0.5180 class:capsule
[Train] epoch [455/601], loss:0.5151 class:capsule
[Train] epoch [456/601], loss:0.5114 class:capsule
[Train] epoch [457/601], loss:0.5128 class:capsule
[Train] epoch [458/601], loss:0.5169 class:capsule
[Train] epoch [459/601], loss:0.5140 class:capsule
[Train] epoch [460/601], loss:0.5143 class:capsule
[Eval] capsule class RocAUC at epoch 460: 0.7906
[Train] epoch [461/601], loss:0.5092 class:capsule
[Train] epoch [462/601], loss:0.5118 class:capsule
[Train] epoch [463/601], loss:0.5070 class:capsule
[Train] epoch [464/601], loss:0.5098 class:capsule
[Train] epoch [465/601], loss:0.5104 class:capsule
[Train] epoch [466/601], loss:0.5091 class:capsule
[Train] epoch [467/601], loss:0.5113 class:capsule
[Train] epoch [468/601], loss:0.5122 class:capsule
[Train] epoch [469/601], loss:0.5083 class:capsule
[Train] epoch [470/601], loss:0.5051 class:capsule
[Eval] capsule class RocAUC at epoch 470: 0.7922
[Eval] save best model at epoch 470
[Train] epoch [471/601], loss:0.5080 class:capsule
[Train] epoch [472/601], loss:0.5081 class:capsule
[Train] epoch [473/601], loss:0.5025 class:capsule
[Train] epoch [474/601], loss:0.5078 class:capsule
[Train] epoch [475/601], loss:0.4998 class:capsule
[Train] epoch [476/601], loss:0.5031 class:capsule
[Train] epoch [477/601], loss:0.4993 class:capsule
[Train] epoch [478/601], loss:0.4994 class:capsule
[Train] epoch [479/601], loss:0.5012 class:capsule
[Train] epoch [480/601], loss:0.5069 class:capsule
[Eval] capsule class RocAUC at epoch 480: 0.7886
[Train] epoch [481/601], loss:0.5058 class:capsule
[Train] epoch [482/601], loss:0.5056 class:capsule
[Train] epoch [483/601], loss:0.5068 class:capsule
[Train] epoch [484/601], loss:0.4994 class:capsule
[Train] epoch [485/601], loss:0.5039 class:capsule
[Train] epoch [486/601], loss:0.5019 class:capsule
[Train] epoch [487/601], loss:0.4969 class:capsule
[Train] epoch [488/601], loss:0.5024 class:capsule
[Train] epoch [489/601], loss:0.5026 class:capsule
[Train] epoch [490/601], loss:0.4944 class:capsule
[Eval] capsule class RocAUC at epoch 490: 0.7942
[Eval] save best model at epoch 490
[Train] epoch [491/601], loss:0.5040 class:capsule
[Train] epoch [492/601], loss:0.4926 class:capsule
[Train] epoch [493/601], loss:0.4974 class:capsule
[Train] epoch [494/601], loss:0.4972 class:capsule
[Train] epoch [495/601], loss:0.4959 class:capsule
[Train] epoch [496/601], loss:0.4933 class:capsule
[Train] epoch [497/601], loss:0.4962 class:capsule
[Train] epoch [498/601], loss:0.4922 class:capsule
[Train] epoch [499/601], loss:0.4967 class:capsule
[Train] epoch [500/601], loss:0.4886 class:capsule
[Eval] capsule class RocAUC at epoch 500: 0.7942
[Train] epoch [501/601], loss:0.4895 class:capsule
[Train] epoch [502/601], loss:0.4923 class:capsule
[Train] epoch [503/601], loss:0.4925 class:capsule
[Train] epoch [504/601], loss:0.5050 class:capsule
[Train] epoch [505/601], loss:0.4962 class:capsule
[Train] epoch [506/601], loss:0.4929 class:capsule
[Train] epoch [507/601], loss:0.4924 class:capsule
[Train] epoch [508/601], loss:0.4851 class:capsule
[Train] epoch [509/601], loss:0.4868 class:capsule
[Train] epoch [510/601], loss:0.4930 class:capsule
[Eval] capsule class RocAUC at epoch 510: 0.7914
[Train] epoch [511/601], loss:0.4889 class:capsule
[Train] epoch [512/601], loss:0.4889 class:capsule
[Train] epoch [513/601], loss:0.4863 class:capsule
[Train] epoch [514/601], loss:0.4872 class:capsule
[Train] epoch [515/601], loss:0.4947 class:capsule
[Train] epoch [516/601], loss:0.4859 class:capsule
[Train] epoch [517/601], loss:0.4844 class:capsule
[Train] epoch [518/601], loss:0.4912 class:capsule
[Train] epoch [519/601], loss:0.4831 class:capsule
[Train] epoch [520/601], loss:0.4848 class:capsule
[Eval] capsule class RocAUC at epoch 520: 0.7946
[Eval] save best model at epoch 520
[Train] epoch [521/601], loss:0.4928 class:capsule
[Train] epoch [522/601], loss:0.4889 class:capsule
[Train] epoch [523/601], loss:0.4855 class:capsule
[Train] epoch [524/601], loss:0.4824 class:capsule
[Train] epoch [525/601], loss:0.4772 class:capsule
[Train] epoch [526/601], loss:0.4833 class:capsule
[Train] epoch [527/601], loss:0.4852 class:capsule
[Train] epoch [528/601], loss:0.4815 class:capsule
[Train] epoch [529/601], loss:0.4813 class:capsule
[Train] epoch [530/601], loss:0.4815 class:capsule
[Eval] capsule class RocAUC at epoch 530: 0.7958
[Eval] save best model at epoch 530
[Train] epoch [531/601], loss:0.4836 class:capsule
[Train] epoch [532/601], loss:0.4791 class:capsule
[Train] epoch [533/601], loss:0.4769 class:capsule
[Train] epoch [534/601], loss:0.4794 class:capsule
[Train] epoch [535/601], loss:0.4758 class:capsule
[Train] epoch [536/601], loss:0.4740 class:capsule
[Train] epoch [537/601], loss:0.4769 class:capsule
[Train] epoch [538/601], loss:0.4720 class:capsule
[Train] epoch [539/601], loss:0.4813 class:capsule
[Train] epoch [540/601], loss:0.4750 class:capsule
[Eval] capsule class RocAUC at epoch 540: 0.8006
[Eval] save best model at epoch 540
[Train] epoch [541/601], loss:0.4777 class:capsule
[Train] epoch [542/601], loss:0.4790 class:capsule
[Train] epoch [543/601], loss:0.4791 class:capsule
[Train] epoch [544/601], loss:0.4776 class:capsule
[Train] epoch [545/601], loss:0.4709 class:capsule
[Train] epoch [546/601], loss:0.4758 class:capsule
[Train] epoch [547/601], loss:0.4705 class:capsule
[Train] epoch [548/601], loss:0.4688 class:capsule
[Train] epoch [549/601], loss:0.4715 class:capsule
[Train] epoch [550/601], loss:0.4717 class:capsule
[Eval] capsule class RocAUC at epoch 550: 0.7986
[Train] epoch [551/601], loss:0.4711 class:capsule
[Train] epoch [552/601], loss:0.4790 class:capsule
[Train] epoch [553/601], loss:0.4693 class:capsule
[Train] epoch [554/601], loss:0.4661 class:capsule
[Train] epoch [555/601], loss:0.4736 class:capsule
[Train] epoch [556/601], loss:0.4698 class:capsule
[Train] epoch [557/601], loss:0.4771 class:capsule
[Train] epoch [558/601], loss:0.4634 class:capsule
[Train] epoch [559/601], loss:0.4682 class:capsule
[Train] epoch [560/601], loss:0.4696 class:capsule
[Eval] capsule class RocAUC at epoch 560: 0.8026
[Eval] save best model at epoch 560
[Train] epoch [561/601], loss:0.4655 class:capsule
[Train] epoch [562/601], loss:0.4705 class:capsule
[Train] epoch [563/601], loss:0.4742 class:capsule
[Train] epoch [564/601], loss:0.4723 class:capsule
[Train] epoch [565/601], loss:0.4743 class:capsule
[Train] epoch [566/601], loss:0.4618 class:capsule
[Train] epoch [567/601], loss:0.4659 class:capsule
[Train] epoch [568/601], loss:0.4660 class:capsule
[Train] epoch [569/601], loss:0.4696 class:capsule
[Train] epoch [570/601], loss:0.4640 class:capsule
[Eval] capsule class RocAUC at epoch 570: 0.7978
[Train] epoch [571/601], loss:0.4592 class:capsule
[Train] epoch [572/601], loss:0.4622 class:capsule
[Train] epoch [573/601], loss:0.4579 class:capsule
[Train] epoch [574/601], loss:0.4577 class:capsule
[Train] epoch [575/601], loss:0.4709 class:capsule
[Train] epoch [576/601], loss:0.4630 class:capsule
[Train] epoch [577/601], loss:0.4650 class:capsule
[Train] epoch [578/601], loss:0.4582 class:capsule
[Train] epoch [579/601], loss:0.4583 class:capsule
[Train] epoch [580/601], loss:0.4564 class:capsule
[Eval] capsule class RocAUC at epoch 580: 0.799
[Train] epoch [581/601], loss:0.4600 class:capsule
[Train] epoch [582/601], loss:0.4567 class:capsule
[Train] epoch [583/601], loss:0.4644 class:capsule
[Train] epoch [584/601], loss:0.4612 class:capsule
[Train] epoch [585/601], loss:0.4617 class:capsule
[Train] epoch [586/601], loss:0.4625 class:capsule
[Train] epoch [587/601], loss:0.4606 class:capsule
[Train] epoch [588/601], loss:0.4596 class:capsule
[Train] epoch [589/601], loss:0.4587 class:capsule
[Train] epoch [590/601], loss:0.4614 class:capsule
[Eval] capsule class RocAUC at epoch 590: 0.8026
[Train] epoch [591/601], loss:0.4549 class:capsule
[Train] epoch [592/601], loss:0.4536 class:capsule
[Train] epoch [593/601], loss:0.4625 class:capsule
[Train] epoch [594/601], loss:0.4583 class:capsule
[Train] epoch [595/601], loss:0.4566 class:capsule
[Train] epoch [596/601], loss:0.4589 class:capsule
[Train] epoch [597/601], loss:0.4549 class:capsule
[Train] epoch [598/601], loss:0.4569 class:capsule
[Train] epoch [599/601], loss:0.4595 class:capsule
[Train] epoch [600/601], loss:0.4585 class:capsule
[Eval] capsule class RocAUC at epoch 600: 0.801
[Train] epoch [601/601], loss:0.4562 class:capsule
[Eval] capsule class RocAUC at epoch 601: 0.797
