W0411 12:41:38.349123 20628 device_context.cc:447] Please NOTE: device: 0, GPU Compute Capability: 7.0, Driver API Version: 10.1, Runtime API Version: 10.1
W0411 12:41:38.355185 20628 device_context.cc:465] device: 0, cuDNN Version: 7.6.
Loading pretrained model from ./vgg16.pdparams
There are 32/32 variables loaded into VGG.
layer : 0 Conv2D(3, 16, kernel_size=[3, 3], padding=1, data_format=NCHW)
layer : 1 BatchNorm2D(num_features=16, momentum=0.9, epsilon=1e-05)
layer : 2 ReLU()
layer : 3 Conv2D(16, 16, kernel_size=[3, 3], padding=1, data_format=NCHW)
layer : 4 ReLU()
layer : 5 MaxPool2D(kernel_size=2, stride=2, padding=0)
layer : 6 Conv2D(16, 16, kernel_size=[3, 3], padding=1, data_format=NCHW)
layer : 7 BatchNorm2D(num_features=16, momentum=0.9, epsilon=1e-05)
layer : 8 ReLU()
layer : 9 Conv2D(16, 128, kernel_size=[3, 3], padding=1, data_format=NCHW)
layer : 10 ReLU()
layer : 11 MaxPool2D(kernel_size=2, stride=2, padding=0)
layer : 12 Conv2D(128, 16, kernel_size=[3, 3], padding=1, data_format=NCHW)
layer : 13 BatchNorm2D(num_features=16, momentum=0.9, epsilon=1e-05)
layer : 14 ReLU()
layer : 15 Conv2D(16, 16, kernel_size=[3, 3], padding=1, data_format=NCHW)
layer : 16 BatchNorm2D(num_features=16, momentum=0.9, epsilon=1e-05)
layer : 17 ReLU()
layer : 18 Conv2D(16, 256, kernel_size=[3, 3], padding=1, data_format=NCHW)
layer : 19 ReLU()
layer : 20 MaxPool2D(kernel_size=2, stride=2, padding=0)
layer : 21 Conv2D(256, 16, kernel_size=[3, 3], padding=1, data_format=NCHW)
layer : 22 BatchNorm2D(num_features=16, momentum=0.9, epsilon=1e-05)
layer : 23 ReLU()
layer : 24 Conv2D(16, 16, kernel_size=[3, 3], padding=1, data_format=NCHW)
layer : 25 BatchNorm2D(num_features=16, momentum=0.9, epsilon=1e-05)
layer : 26 ReLU()
layer : 27 Conv2D(16, 512, kernel_size=[3, 3], padding=1, data_format=NCHW)
layer : 28 ReLU()
layer : 29 MaxPool2D(kernel_size=2, stride=2, padding=0)
layer : 30 Conv2D(512, 16, kernel_size=[3, 3], padding=1, data_format=NCHW)
layer : 31 BatchNorm2D(num_features=16, momentum=0.9, epsilon=1e-05)
layer : 32 ReLU()
layer : 33 Conv2D(16, 16, kernel_size=[3, 3], padding=1, data_format=NCHW)
layer : 34 BatchNorm2D(num_features=16, momentum=0.9, epsilon=1e-05)
layer : 35 ReLU()
layer : 36 Conv2D(16, 512, kernel_size=[3, 3], padding=1, data_format=NCHW)
layer : 37 ReLU()
layer : 38 MaxPool2D(kernel_size=2, stride=2, padding=0)
[Train] epoch [0/601], loss:40.5014 class:bottle
[Train] epoch [1/601], loss:36.0911 class:bottle
[Train] epoch [2/601], loss:33.4611 class:bottle
[Train] epoch [3/601], loss:31.4348 class:bottle
[Train] epoch [4/601], loss:29.9938 class:bottle
[Train] epoch [5/601], loss:28.5525 class:bottle
[Train] epoch [6/601], loss:27.3705 class:bottle
[Train] epoch [7/601], loss:26.1547 class:bottle
[Train] epoch [8/601], loss:25.1380 class:bottle
[Train] epoch [9/601], loss:24.1903 class:bottle
[Train] epoch [10/601], loss:23.2305 class:bottle
Vanilla Backpropagation:
[Eval] bottle class RocAUC detection: 0.8548 localization: 0.8322667479515076 at epoch 10
[Eval] best detection_roc_auc at epoch 10
[Eval] best localization_roc_auc at epoch 10
[Train] epoch [11/601], loss:22.2956 class:bottle
[Train] epoch [12/601], loss:21.5282 class:bottle
[Train] epoch [13/601], loss:20.7678 class:bottle
[Train] epoch [14/601], loss:20.0343 class:bottle
[Train] epoch [15/601], loss:19.3288 class:bottle
[Train] epoch [16/601], loss:18.7100 class:bottle
[Train] epoch [17/601], loss:18.0692 class:bottle
[Train] epoch [18/601], loss:17.4751 class:bottle
[Train] epoch [19/601], loss:16.9600 class:bottle
[Train] epoch [20/601], loss:16.4022 class:bottle
Vanilla Backpropagation:
[Eval] bottle class RocAUC detection: 0.919 localization: 0.8986409902572632 at epoch 20
[Eval] best detection_roc_auc at epoch 20
[Eval] best localization_roc_auc at epoch 20
[Train] epoch [21/601], loss:15.8749 class:bottle
[Train] epoch [22/601], loss:15.3732 class:bottle
[Train] epoch [23/601], loss:14.9235 class:bottle
[Train] epoch [24/601], loss:14.4790 class:bottle
[Train] epoch [25/601], loss:14.0322 class:bottle
[Train] epoch [26/601], loss:13.6255 class:bottle
[Train] epoch [27/601], loss:13.2173 class:bottle
[Train] epoch [28/601], loss:12.8436 class:bottle
[Train] epoch [29/601], loss:12.4575 class:bottle
[Train] epoch [30/601], loss:12.1292 class:bottle
Vanilla Backpropagation:
[Eval] bottle class RocAUC detection: 0.9508 localization: 0.917864203453064 at epoch 30
[Eval] best detection_roc_auc at epoch 30
[Eval] best localization_roc_auc at epoch 30
[Train] epoch [31/601], loss:11.7607 class:bottle
[Train] epoch [32/601], loss:11.4282 class:bottle
[Train] epoch [33/601], loss:11.1344 class:bottle
[Train] epoch [34/601], loss:10.8532 class:bottle
[Train] epoch [35/601], loss:10.5777 class:bottle
[Train] epoch [36/601], loss:10.2673 class:bottle
[Train] epoch [37/601], loss:10.0290 class:bottle
[Train] epoch [38/601], loss:9.7636 class:bottle
[Train] epoch [39/601], loss:9.4983 class:bottle
[Train] epoch [40/601], loss:9.2712 class:bottle
Vanilla Backpropagation:
[Eval] bottle class RocAUC detection: 0.9714 localization: 0.9292776584625244 at epoch 40
[Eval] best detection_roc_auc at epoch 40
[Eval] best localization_roc_auc at epoch 40
[Train] epoch [41/601], loss:9.0439 class:bottle
[Train] epoch [42/601], loss:8.8301 class:bottle
[Train] epoch [43/601], loss:8.6031 class:bottle
[Train] epoch [44/601], loss:8.3819 class:bottle
[Train] epoch [45/601], loss:8.2046 class:bottle
[Train] epoch [46/601], loss:8.0006 class:bottle
[Train] epoch [47/601], loss:7.8605 class:bottle
[Train] epoch [48/601], loss:7.6528 class:bottle
[Train] epoch [49/601], loss:7.4796 class:bottle
[Train] epoch [50/601], loss:7.3026 class:bottle
Vanilla Backpropagation:
[Eval] bottle class RocAUC detection: 0.981 localization: 0.9374344348907471 at epoch 50
[Eval] best detection_roc_auc at epoch 50
[Eval] best localization_roc_auc at epoch 50
[Train] epoch [51/601], loss:7.1208 class:bottle
[Train] epoch [52/601], loss:6.9762 class:bottle
[Train] epoch [53/601], loss:6.8161 class:bottle
[Train] epoch [54/601], loss:6.6590 class:bottle
[Train] epoch [55/601], loss:6.5186 class:bottle
[Train] epoch [56/601], loss:6.3968 class:bottle
[Train] epoch [57/601], loss:6.2554 class:bottle
[Train] epoch [58/601], loss:6.0920 class:bottle
[Train] epoch [59/601], loss:5.9771 class:bottle
[Train] epoch [60/601], loss:5.8686 class:bottle
Vanilla Backpropagation:
[Eval] bottle class RocAUC detection: 0.9849 localization: 0.941292405128479 at epoch 60
[Eval] best detection_roc_auc at epoch 60
[Eval] best localization_roc_auc at epoch 60
[Train] epoch [61/601], loss:5.7406 class:bottle
[Train] epoch [62/601], loss:5.6420 class:bottle
[Train] epoch [63/601], loss:5.5289 class:bottle
[Train] epoch [64/601], loss:5.4524 class:bottle
[Train] epoch [65/601], loss:5.3238 class:bottle
[Train] epoch [66/601], loss:5.2186 class:bottle
[Train] epoch [67/601], loss:5.1133 class:bottle
[Train] epoch [68/601], loss:5.0273 class:bottle
[Train] epoch [69/601], loss:4.9270 class:bottle
[Train] epoch [70/601], loss:4.8503 class:bottle
Vanilla Backpropagation:
[Eval] bottle class RocAUC detection: 0.9897 localization: 0.9454635381698608 at epoch 70
[Eval] best detection_roc_auc at epoch 70
[Eval] best localization_roc_auc at epoch 70
[Train] epoch [71/601], loss:4.7528 class:bottle
[Train] epoch [72/601], loss:4.6803 class:bottle
[Train] epoch [73/601], loss:4.6074 class:bottle
[Train] epoch [74/601], loss:4.5039 class:bottle
[Train] epoch [75/601], loss:4.4500 class:bottle
[Train] epoch [76/601], loss:4.3431 class:bottle
[Train] epoch [77/601], loss:4.2904 class:bottle
[Train] epoch [78/601], loss:4.2195 class:bottle
[Train] epoch [79/601], loss:4.1342 class:bottle
[Train] epoch [80/601], loss:4.1084 class:bottle
Vanilla Backpropagation:
[Eval] bottle class RocAUC detection: 0.9905 localization: 0.9486675262451172 at epoch 80
[Eval] best detection_roc_auc at epoch 80
[Eval] best localization_roc_auc at epoch 80
[Train] epoch [81/601], loss:4.0038 class:bottle
[Train] epoch [82/601], loss:3.9696 class:bottle
[Train] epoch [83/601], loss:3.8982 class:bottle
[Train] epoch [84/601], loss:3.8307 class:bottle
[Train] epoch [85/601], loss:3.7931 class:bottle
[Train] epoch [86/601], loss:3.7453 class:bottle
[Train] epoch [87/601], loss:3.6787 class:bottle
[Train] epoch [88/601], loss:3.6396 class:bottle
[Train] epoch [89/601], loss:3.5858 class:bottle
[Train] epoch [90/601], loss:3.5377 class:bottle
Vanilla Backpropagation:
[Eval] bottle class RocAUC detection: 0.9913 localization: 0.9514577984809875 at epoch 90
[Eval] best detection_roc_auc at epoch 90
[Eval] best localization_roc_auc at epoch 90
[Train] epoch [91/601], loss:3.4994 class:bottle
[Train] epoch [92/601], loss:3.4430 class:bottle
[Train] epoch [93/601], loss:3.4001 class:bottle
[Train] epoch [94/601], loss:3.3479 class:bottle
[Train] epoch [95/601], loss:3.3279 class:bottle
[Train] epoch [96/601], loss:3.2601 class:bottle
[Train] epoch [97/601], loss:3.2409 class:bottle
[Train] epoch [98/601], loss:3.1876 class:bottle
[Train] epoch [99/601], loss:3.1532 class:bottle
[Train] epoch [100/601], loss:3.1232 class:bottle
Vanilla Backpropagation:
[Eval] bottle class RocAUC detection: 0.9937 localization: 0.9531987905502319 at epoch 100
[Eval] best detection_roc_auc at epoch 100
[Eval] best localization_roc_auc at epoch 100
[Train] epoch [101/601], loss:3.0667 class:bottle
[Train] epoch [102/601], loss:3.0340 class:bottle
[Train] epoch [103/601], loss:3.0200 class:bottle
[Train] epoch [104/601], loss:2.9766 class:bottle
[Train] epoch [105/601], loss:2.9600 class:bottle
[Train] epoch [106/601], loss:2.9043 class:bottle
[Train] epoch [107/601], loss:2.8881 class:bottle
[Train] epoch [108/601], loss:2.8581 class:bottle
[Train] epoch [109/601], loss:2.8239 class:bottle
[Train] epoch [110/601], loss:2.8074 class:bottle
Vanilla Backpropagation:
[Eval] bottle class RocAUC detection: 0.9929 localization: 0.9537782669067383 at epoch 110
[Eval] best localization_roc_auc at epoch 110
[Train] epoch [111/601], loss:2.7786 class:bottle
[Train] epoch [112/601], loss:2.7462 class:bottle
[Train] epoch [113/601], loss:2.7195 class:bottle
[Train] epoch [114/601], loss:2.6954 class:bottle
[Train] epoch [115/601], loss:2.6732 class:bottle
[Train] epoch [116/601], loss:2.6355 class:bottle
[Train] epoch [117/601], loss:2.6249 class:bottle
[Train] epoch [118/601], loss:2.6176 class:bottle
[Train] epoch [119/601], loss:2.5891 class:bottle
[Train] epoch [120/601], loss:2.5689 class:bottle
Vanilla Backpropagation:
[Eval] bottle class RocAUC detection: 0.9937 localization: 0.9545423984527588 at epoch 120
[Eval] best localization_roc_auc at epoch 120
[Train] epoch [121/601], loss:2.5395 class:bottle
[Train] epoch [122/601], loss:2.5300 class:bottle
[Train] epoch [123/601], loss:2.5129 class:bottle
[Train] epoch [124/601], loss:2.4628 class:bottle
[Train] epoch [125/601], loss:2.4683 class:bottle
[Train] epoch [126/601], loss:2.4496 class:bottle
[Train] epoch [127/601], loss:2.4184 class:bottle
[Train] epoch [128/601], loss:2.4009 class:bottle
[Train] epoch [129/601], loss:2.4070 class:bottle
[Train] epoch [130/601], loss:2.3862 class:bottle
Vanilla Backpropagation:
[Eval] bottle class RocAUC detection: 0.9944 localization: 0.9556218981742859 at epoch 130
[Eval] best detection_roc_auc at epoch 130
[Eval] best localization_roc_auc at epoch 130
[Train] epoch [131/601], loss:2.3732 class:bottle
[Train] epoch [132/601], loss:2.3341 class:bottle
[Train] epoch [133/601], loss:2.3282 class:bottle
[Train] epoch [134/601], loss:2.3271 class:bottle
[Train] epoch [135/601], loss:2.2940 class:bottle
[Train] epoch [136/601], loss:2.2917 class:bottle
[Train] epoch [137/601], loss:2.2710 class:bottle
[Train] epoch [138/601], loss:2.2285 class:bottle
[Train] epoch [139/601], loss:2.2269 class:bottle
[Train] epoch [140/601], loss:2.2317 class:bottle
Vanilla Backpropagation:
[Eval] bottle class RocAUC detection: 0.9944 localization: 0.9558048248291016 at epoch 140
[Eval] best localization_roc_auc at epoch 140
[Train] epoch [141/601], loss:2.1976 class:bottle
[Train] epoch [142/601], loss:2.1809 class:bottle
[Train] epoch [143/601], loss:2.1627 class:bottle
[Train] epoch [144/601], loss:2.1526 class:bottle
[Train] epoch [145/601], loss:2.1531 class:bottle
[Train] epoch [146/601], loss:2.1206 class:bottle
[Train] epoch [147/601], loss:2.1327 class:bottle
[Train] epoch [148/601], loss:2.1148 class:bottle
[Train] epoch [149/601], loss:2.0939 class:bottle
[Train] epoch [150/601], loss:2.0801 class:bottle
Vanilla Backpropagation:
[Eval] bottle class RocAUC detection: 0.9944 localization: 0.9565544724464417 at epoch 150
[Eval] best localization_roc_auc at epoch 150
[Train] epoch [151/601], loss:2.0800 class:bottle
[Train] epoch [152/601], loss:2.0696 class:bottle
[Train] epoch [153/601], loss:2.0495 class:bottle
[Train] epoch [154/601], loss:2.0428 class:bottle
[Train] epoch [155/601], loss:2.0448 class:bottle
[Train] epoch [156/601], loss:2.0384 class:bottle
[Train] epoch [157/601], loss:2.0121 class:bottle
[Train] epoch [158/601], loss:1.9982 class:bottle
[Train] epoch [159/601], loss:1.9811 class:bottle
[Train] epoch [160/601], loss:2.0128 class:bottle
Vanilla Backpropagation:
[Eval] bottle class RocAUC detection: 0.9944 localization: 0.9564557671546936 at epoch 160
[Train] epoch [161/601], loss:1.9825 class:bottle
[Train] epoch [162/601], loss:1.9838 class:bottle
[Train] epoch [163/601], loss:1.9653 class:bottle
[Train] epoch [164/601], loss:1.9497 class:bottle
[Train] epoch [165/601], loss:1.9458 class:bottle
[Train] epoch [166/601], loss:1.9490 class:bottle
[Train] epoch [167/601], loss:1.9403 class:bottle
[Train] epoch [168/601], loss:1.9210 class:bottle
[Train] epoch [169/601], loss:1.9264 class:bottle
[Train] epoch [170/601], loss:1.9142 class:bottle
Vanilla Backpropagation:
[Eval] bottle class RocAUC detection: 0.9929 localization: 0.9568511843681335 at epoch 170
[Eval] best localization_roc_auc at epoch 170
[Train] epoch [171/601], loss:1.8982 class:bottle
[Train] epoch [172/601], loss:1.8846 class:bottle
[Train] epoch [173/601], loss:1.8697 class:bottle
[Train] epoch [174/601], loss:1.8694 class:bottle
[Train] epoch [175/601], loss:1.8483 class:bottle
[Train] epoch [176/601], loss:1.8434 class:bottle
[Train] epoch [177/601], loss:1.8410 class:bottle
[Train] epoch [178/601], loss:1.8317 class:bottle
[Train] epoch [179/601], loss:1.8367 class:bottle
[Train] epoch [180/601], loss:1.8303 class:bottle
Vanilla Backpropagation:
[Eval] bottle class RocAUC detection: 0.9937 localization: 0.9574107527732849 at epoch 180
[Eval] best localization_roc_auc at epoch 180
[Train] epoch [181/601], loss:1.8197 class:bottle
[Train] epoch [182/601], loss:1.8228 class:bottle
[Train] epoch [183/601], loss:1.8097 class:bottle
[Train] epoch [184/601], loss:1.7988 class:bottle
[Train] epoch [185/601], loss:1.7877 class:bottle
[Train] epoch [186/601], loss:1.7748 class:bottle
[Train] epoch [187/601], loss:1.7871 class:bottle
[Train] epoch [188/601], loss:1.7596 class:bottle
[Train] epoch [189/601], loss:1.7600 class:bottle
[Train] epoch [190/601], loss:1.7546 class:bottle
Vanilla Backpropagation:
[Eval] bottle class RocAUC detection: 0.9937 localization: 0.9585701823234558 at epoch 190
[Eval] best localization_roc_auc at epoch 190
[Train] epoch [191/601], loss:1.7576 class:bottle
[Train] epoch [192/601], loss:1.7535 class:bottle
[Train] epoch [193/601], loss:1.7459 class:bottle
[Train] epoch [194/601], loss:1.7392 class:bottle
[Train] epoch [195/601], loss:1.7224 class:bottle
[Train] epoch [196/601], loss:1.7132 class:bottle
[Train] epoch [197/601], loss:1.7144 class:bottle
[Train] epoch [198/601], loss:1.7188 class:bottle
[Train] epoch [199/601], loss:1.7020 class:bottle
[Train] epoch [200/601], loss:1.7007 class:bottle
Vanilla Backpropagation:
[Eval] bottle class RocAUC detection: 0.9937 localization: 0.957842230796814 at epoch 200
[Train] epoch [201/601], loss:1.7047 class:bottle
[Train] epoch [202/601], loss:1.6981 class:bottle
[Train] epoch [203/601], loss:1.6950 class:bottle
[Train] epoch [204/601], loss:1.6835 class:bottle
[Train] epoch [205/601], loss:1.6839 class:bottle
[Train] epoch [206/601], loss:1.6817 class:bottle
[Train] epoch [207/601], loss:1.6625 class:bottle
[Train] epoch [208/601], loss:1.6878 class:bottle
[Train] epoch [209/601], loss:1.6599 class:bottle
[Train] epoch [210/601], loss:1.6529 class:bottle
Vanilla Backpropagation:
[Eval] bottle class RocAUC detection: 0.9937 localization: 0.9569524526596069 at epoch 210
[Train] epoch [211/601], loss:1.6742 class:bottle
[Train] epoch [212/601], loss:1.6487 class:bottle
[Train] epoch [213/601], loss:1.6446 class:bottle
[Train] epoch [214/601], loss:1.6449 class:bottle
[Train] epoch [215/601], loss:1.6331 class:bottle
[Train] epoch [216/601], loss:1.6121 class:bottle
[Train] epoch [217/601], loss:1.6286 class:bottle
[Train] epoch [218/601], loss:1.6301 class:bottle
[Train] epoch [219/601], loss:1.6259 class:bottle
[Train] epoch [220/601], loss:1.6082 class:bottle
Vanilla Backpropagation:
[Eval] bottle class RocAUC detection: 0.9937 localization: 0.9587699770927429 at epoch 220
[Eval] best localization_roc_auc at epoch 220
[Train] epoch [221/601], loss:1.6007 class:bottle
[Train] epoch [222/601], loss:1.6064 class:bottle
[Train] epoch [223/601], loss:1.6055 class:bottle
[Train] epoch [224/601], loss:1.5911 class:bottle
[Train] epoch [225/601], loss:1.5947 class:bottle
[Train] epoch [226/601], loss:1.5808 class:bottle
[Train] epoch [227/601], loss:1.5741 class:bottle
[Train] epoch [228/601], loss:1.5752 class:bottle
[Train] epoch [229/601], loss:1.5662 class:bottle
[Train] epoch [230/601], loss:1.5789 class:bottle
Vanilla Backpropagation:
[Eval] bottle class RocAUC detection: 0.9937 localization: 0.9567188024520874 at epoch 230
[Train] epoch [231/601], loss:1.5705 class:bottle
[Train] epoch [232/601], loss:1.5720 class:bottle
[Train] epoch [233/601], loss:1.5704 class:bottle
[Train] epoch [234/601], loss:1.5485 class:bottle
[Train] epoch [235/601], loss:1.5513 class:bottle
[Train] epoch [236/601], loss:1.5515 class:bottle
[Train] epoch [237/601], loss:1.5345 class:bottle
[Train] epoch [238/601], loss:1.5458 class:bottle
[Train] epoch [239/601], loss:1.5381 class:bottle
[Train] epoch [240/601], loss:1.5389 class:bottle
Vanilla Backpropagation:
[Eval] bottle class RocAUC detection: 0.9937 localization: 0.9594924449920654 at epoch 240
[Eval] best localization_roc_auc at epoch 240
[Train] epoch [241/601], loss:1.5293 class:bottle
[Train] epoch [242/601], loss:1.5208 class:bottle
[Train] epoch [243/601], loss:1.5164 class:bottle
[Train] epoch [244/601], loss:1.5250 class:bottle
[Train] epoch [245/601], loss:1.5108 class:bottle
[Train] epoch [246/601], loss:1.5108 class:bottle
[Train] epoch [247/601], loss:1.5100 class:bottle
[Train] epoch [248/601], loss:1.5125 class:bottle
[Train] epoch [249/601], loss:1.5164 class:bottle
[Train] epoch [250/601], loss:1.5114 class:bottle
Vanilla Backpropagation:
[Eval] bottle class RocAUC detection: 0.9937 localization: 0.9592969417572021 at epoch 250
[Train] epoch [251/601], loss:1.4972 class:bottle
[Train] epoch [252/601], loss:1.4954 class:bottle
[Train] epoch [253/601], loss:1.5059 class:bottle
[Train] epoch [254/601], loss:1.4941 class:bottle
[Train] epoch [255/601], loss:1.4789 class:bottle
[Train] epoch [256/601], loss:1.4707 class:bottle
[Train] epoch [257/601], loss:1.4971 class:bottle
[Train] epoch [258/601], loss:1.4715 class:bottle
[Train] epoch [259/601], loss:1.4718 class:bottle
[Train] epoch [260/601], loss:1.4817 class:bottle
Vanilla Backpropagation:
[Eval] bottle class RocAUC detection: 0.9937 localization: 0.9578510522842407 at epoch 260
[Train] epoch [261/601], loss:1.4735 class:bottle
[Train] epoch [262/601], loss:1.4743 class:bottle
[Train] epoch [263/601], loss:1.4691 class:bottle
[Train] epoch [264/601], loss:1.4702 class:bottle
[Train] epoch [265/601], loss:1.4530 class:bottle
[Train] epoch [266/601], loss:1.4656 class:bottle
[Train] epoch [267/601], loss:1.4649 class:bottle
[Train] epoch [268/601], loss:1.4551 class:bottle
[Train] epoch [269/601], loss:1.4407 class:bottle
[Train] epoch [270/601], loss:1.4527 class:bottle
Vanilla Backpropagation:
[Eval] bottle class RocAUC detection: 0.9952 localization: 0.956792950630188 at epoch 270
[Eval] best detection_roc_auc at epoch 270
[Train] epoch [271/601], loss:1.4620 class:bottle
[Train] epoch [272/601], loss:1.4473 class:bottle
[Train] epoch [273/601], loss:1.4276 class:bottle
[Train] epoch [274/601], loss:1.4315 class:bottle
[Train] epoch [275/601], loss:1.4433 class:bottle
[Train] epoch [276/601], loss:1.4281 class:bottle
[Train] epoch [277/601], loss:1.4295 class:bottle
[Train] epoch [278/601], loss:1.4308 class:bottle
[Train] epoch [279/601], loss:1.4282 class:bottle
[Train] epoch [280/601], loss:1.4332 class:bottle
Vanilla Backpropagation:
[Eval] bottle class RocAUC detection: 0.9937 localization: 0.9596057534217834 at epoch 280
[Eval] best localization_roc_auc at epoch 280
[Train] epoch [281/601], loss:1.4198 class:bottle
[Train] epoch [282/601], loss:1.4373 class:bottle
[Train] epoch [283/601], loss:1.4249 class:bottle
[Train] epoch [284/601], loss:1.4091 class:bottle
[Train] epoch [285/601], loss:1.4164 class:bottle
[Train] epoch [286/601], loss:1.3980 class:bottle
[Train] epoch [287/601], loss:1.4118 class:bottle
[Train] epoch [288/601], loss:1.3965 class:bottle
[Train] epoch [289/601], loss:1.3944 class:bottle
[Train] epoch [290/601], loss:1.3975 class:bottle
Vanilla Backpropagation:
[Eval] bottle class RocAUC detection: 0.9937 localization: 0.9585987329483032 at epoch 290
[Train] epoch [291/601], loss:1.3906 class:bottle
[Train] epoch [292/601], loss:1.4009 class:bottle
[Train] epoch [293/601], loss:1.3847 class:bottle
[Train] epoch [294/601], loss:1.3826 class:bottle
[Train] epoch [295/601], loss:1.3883 class:bottle
[Train] epoch [296/601], loss:1.3927 class:bottle
[Train] epoch [297/601], loss:1.3930 class:bottle
[Train] epoch [298/601], loss:1.3904 class:bottle
[Train] epoch [299/601], loss:1.3747 class:bottle
[Train] epoch [300/601], loss:1.3837 class:bottle
Vanilla Backpropagation:
[Eval] bottle class RocAUC detection: 0.9937 localization: 0.9588256478309631 at epoch 300
[Train] epoch [301/601], loss:1.3856 class:bottle
[Train] epoch [302/601], loss:1.3772 class:bottle
[Train] epoch [303/601], loss:1.3709 class:bottle
[Train] epoch [304/601], loss:1.3744 class:bottle
[Train] epoch [305/601], loss:1.3634 class:bottle
[Train] epoch [306/601], loss:1.3684 class:bottle
[Train] epoch [307/601], loss:1.3577 class:bottle
[Train] epoch [308/601], loss:1.3580 class:bottle
[Train] epoch [309/601], loss:1.3585 class:bottle
[Train] epoch [310/601], loss:1.3562 class:bottle
Vanilla Backpropagation:
[Eval] bottle class RocAUC detection: 0.9937 localization: 0.958596408367157 at epoch 310
[Train] epoch [311/601], loss:1.3599 class:bottle
[Train] epoch [312/601], loss:1.3621 class:bottle
[Train] epoch [313/601], loss:1.3503 class:bottle
[Train] epoch [314/601], loss:1.3482 class:bottle
[Train] epoch [315/601], loss:1.3421 class:bottle
[Train] epoch [316/601], loss:1.3453 class:bottle
[Train] epoch [317/601], loss:1.3446 class:bottle
[Train] epoch [318/601], loss:1.3380 class:bottle
[Train] epoch [319/601], loss:1.3282 class:bottle
[Train] epoch [320/601], loss:1.3304 class:bottle
Vanilla Backpropagation:
[Eval] bottle class RocAUC detection: 0.9937 localization: 0.9593890905380249 at epoch 320
[Train] epoch [321/601], loss:1.3458 class:bottle
[Train] epoch [322/601], loss:1.3334 class:bottle
[Train] epoch [323/601], loss:1.3372 class:bottle
[Train] epoch [324/601], loss:1.3269 class:bottle
[Train] epoch [325/601], loss:1.3215 class:bottle
[Train] epoch [326/601], loss:1.3233 class:bottle
[Train] epoch [327/601], loss:1.3219 class:bottle
[Train] epoch [328/601], loss:1.3293 class:bottle
[Train] epoch [329/601], loss:1.3226 class:bottle
[Train] epoch [330/601], loss:1.3114 class:bottle
Vanilla Backpropagation:
[Eval] bottle class RocAUC detection: 0.9937 localization: 0.9586295485496521 at epoch 330
[Train] epoch [331/601], loss:1.3122 class:bottle
[Train] epoch [332/601], loss:1.3174 class:bottle
[Train] epoch [333/601], loss:1.3189 class:bottle
[Train] epoch [334/601], loss:1.3250 class:bottle
[Train] epoch [335/601], loss:1.3244 class:bottle
[Train] epoch [336/601], loss:1.3130 class:bottle
[Train] epoch [337/601], loss:1.2959 class:bottle
[Train] epoch [338/601], loss:1.3051 class:bottle
[Train] epoch [339/601], loss:1.3143 class:bottle
[Train] epoch [340/601], loss:1.3013 class:bottle
Vanilla Backpropagation:
[Eval] bottle class RocAUC detection: 0.9937 localization: 0.9588061571121216 at epoch 340
[Train] epoch [341/601], loss:1.2964 class:bottle
[Train] epoch [342/601], loss:1.3132 class:bottle
[Train] epoch [343/601], loss:1.3005 class:bottle
[Train] epoch [344/601], loss:1.2998 class:bottle
[Train] epoch [345/601], loss:1.3062 class:bottle
[Train] epoch [346/601], loss:1.2864 class:bottle
[Train] epoch [347/601], loss:1.2884 class:bottle
[Train] epoch [348/601], loss:1.3019 class:bottle
[Train] epoch [349/601], loss:1.2867 class:bottle
[Train] epoch [350/601], loss:1.2893 class:bottle
Vanilla Backpropagation:
[Eval] bottle class RocAUC detection: 0.9937 localization: 0.9593576192855835 at epoch 350
[Train] epoch [351/601], loss:1.2863 class:bottle
[Train] epoch [352/601], loss:1.2807 class:bottle
[Train] epoch [353/601], loss:1.2741 class:bottle
[Train] epoch [354/601], loss:1.2863 class:bottle
[Train] epoch [355/601], loss:1.2695 class:bottle
[Train] epoch [356/601], loss:1.2826 class:bottle
[Train] epoch [357/601], loss:1.2800 class:bottle
[Train] epoch [358/601], loss:1.2758 class:bottle
[Train] epoch [359/601], loss:1.2922 class:bottle
[Train] epoch [360/601], loss:1.2741 class:bottle
Vanilla Backpropagation:
[Eval] bottle class RocAUC detection: 0.9937 localization: 0.9602057337760925 at epoch 360
[Eval] best localization_roc_auc at epoch 360
[Train] epoch [361/601], loss:1.2717 class:bottle
[Train] epoch [362/601], loss:1.2704 class:bottle
[Train] epoch [363/601], loss:1.2739 class:bottle
[Train] epoch [364/601], loss:1.2829 class:bottle
[Train] epoch [365/601], loss:1.2790 class:bottle
[Train] epoch [366/601], loss:1.2705 class:bottle
[Train] epoch [367/601], loss:1.2735 class:bottle
[Train] epoch [368/601], loss:1.2689 class:bottle
[Train] epoch [369/601], loss:1.2701 class:bottle
[Train] epoch [370/601], loss:1.2646 class:bottle
Vanilla Backpropagation:
[Eval] bottle class RocAUC detection: 0.9937 localization: 0.9592722654342651 at epoch 370
[Train] epoch [371/601], loss:1.2517 class:bottle
[Train] epoch [372/601], loss:1.2550 class:bottle
[Train] epoch [373/601], loss:1.2594 class:bottle
[Train] epoch [374/601], loss:1.2525 class:bottle
[Train] epoch [375/601], loss:1.2552 class:bottle
[Train] epoch [376/601], loss:1.2617 class:bottle
[Train] epoch [377/601], loss:1.2458 class:bottle
[Train] epoch [378/601], loss:1.2480 class:bottle
[Train] epoch [379/601], loss:1.2467 class:bottle
[Train] epoch [380/601], loss:1.2461 class:bottle
Vanilla Backpropagation:
[Eval] bottle class RocAUC detection: 0.9937 localization: 0.9597069621086121 at epoch 380
[Train] epoch [381/601], loss:1.2486 class:bottle
[Train] epoch [382/601], loss:1.2419 class:bottle
[Train] epoch [383/601], loss:1.2524 class:bottle
[Train] epoch [384/601], loss:1.2362 class:bottle
[Train] epoch [385/601], loss:1.2465 class:bottle
[Train] epoch [386/601], loss:1.2300 class:bottle
[Train] epoch [387/601], loss:1.2330 class:bottle
[Train] epoch [388/601], loss:1.2289 class:bottle
[Train] epoch [389/601], loss:1.2386 class:bottle
[Train] epoch [390/601], loss:1.2453 class:bottle
Vanilla Backpropagation:
[Eval] bottle class RocAUC detection: 0.9937 localization: 0.9600904583930969 at epoch 390
[Train] epoch [391/601], loss:1.2460 class:bottle
[Train] epoch [392/601], loss:1.2409 class:bottle
[Train] epoch [393/601], loss:1.2363 class:bottle
[Train] epoch [394/601], loss:1.2239 class:bottle
[Train] epoch [395/601], loss:1.2340 class:bottle
[Train] epoch [396/601], loss:1.2326 class:bottle
[Train] epoch [397/601], loss:1.2435 class:bottle
[Train] epoch [398/601], loss:1.2379 class:bottle
[Train] epoch [399/601], loss:1.2286 class:bottle
[Train] epoch [400/601], loss:1.2269 class:bottle
Vanilla Backpropagation:
[Eval] bottle class RocAUC detection: 0.9937 localization: 0.9593436121940613 at epoch 400
[Train] epoch [401/601], loss:1.2213 class:bottle
[Train] epoch [402/601], loss:1.2194 class:bottle
[Train] epoch [403/601], loss:1.2187 class:bottle
[Train] epoch [404/601], loss:1.2195 class:bottle
[Train] epoch [405/601], loss:1.2141 class:bottle
[Train] epoch [406/601], loss:1.2115 class:bottle
[Train] epoch [407/601], loss:1.2195 class:bottle
[Train] epoch [408/601], loss:1.2194 class:bottle
[Train] epoch [409/601], loss:1.2045 class:bottle
[Train] epoch [410/601], loss:1.2201 class:bottle
Vanilla Backpropagation:
[Eval] bottle class RocAUC detection: 0.9937 localization: 0.9584658145904541 at epoch 410
[Train] epoch [411/601], loss:1.2065 class:bottle
[Train] epoch [412/601], loss:1.1990 class:bottle
[Train] epoch [413/601], loss:1.2076 class:bottle
[Train] epoch [414/601], loss:1.2091 class:bottle
[Train] epoch [415/601], loss:1.2117 class:bottle
[Train] epoch [416/601], loss:1.2040 class:bottle
[Train] epoch [417/601], loss:1.1957 class:bottle
[Train] epoch [418/601], loss:1.1911 class:bottle
[Train] epoch [419/601], loss:1.1880 class:bottle
[Train] epoch [420/601], loss:1.2097 class:bottle
Vanilla Backpropagation:
[Eval] bottle class RocAUC detection: 0.9937 localization: 0.9594063758850098 at epoch 420
[Train] epoch [421/601], loss:1.2022 class:bottle
[Train] epoch [422/601], loss:1.1999 class:bottle
[Train] epoch [423/601], loss:1.2035 class:bottle
[Train] epoch [424/601], loss:1.2035 class:bottle
[Train] epoch [425/601], loss:1.1901 class:bottle
[Train] epoch [426/601], loss:1.2017 class:bottle
[Train] epoch [427/601], loss:1.1896 class:bottle
[Train] epoch [428/601], loss:1.1852 class:bottle
[Train] epoch [429/601], loss:1.1783 class:bottle
[Train] epoch [430/601], loss:1.1935 class:bottle
Vanilla Backpropagation:
[Eval] bottle class RocAUC detection: 0.9937 localization: 0.9595535397529602 at epoch 430
[Train] epoch [431/601], loss:1.1844 class:bottle
[Train] epoch [432/601], loss:1.1871 class:bottle
[Train] epoch [433/601], loss:1.1965 class:bottle
[Train] epoch [434/601], loss:1.1888 class:bottle
[Train] epoch [435/601], loss:1.1915 class:bottle
[Train] epoch [436/601], loss:1.1822 class:bottle
[Train] epoch [437/601], loss:1.1820 class:bottle
[Train] epoch [438/601], loss:1.1811 class:bottle
[Train] epoch [439/601], loss:1.1726 class:bottle
[Train] epoch [440/601], loss:1.1828 class:bottle
Vanilla Backpropagation:
[Eval] bottle class RocAUC detection: 0.9944 localization: 0.9593784213066101 at epoch 440
[Train] epoch [441/601], loss:1.1719 class:bottle
[Train] epoch [442/601], loss:1.1865 class:bottle
[Train] epoch [443/601], loss:1.1651 class:bottle
[Train] epoch [444/601], loss:1.1734 class:bottle
[Train] epoch [445/601], loss:1.1667 class:bottle
[Train] epoch [446/601], loss:1.1685 class:bottle
[Train] epoch [447/601], loss:1.1789 class:bottle
[Train] epoch [448/601], loss:1.1736 class:bottle
[Train] epoch [449/601], loss:1.1673 class:bottle
[Train] epoch [450/601], loss:1.1610 class:bottle
Vanilla Backpropagation:
[Eval] bottle class RocAUC detection: 0.9937 localization: 0.9594740271568298 at epoch 450
[Train] epoch [451/601], loss:1.1571 class:bottle
[Train] epoch [452/601], loss:1.1667 class:bottle
[Train] epoch [453/601], loss:1.1748 class:bottle
[Train] epoch [454/601], loss:1.1648 class:bottle
[Train] epoch [455/601], loss:1.1523 class:bottle
[Train] epoch [456/601], loss:1.1611 class:bottle
[Train] epoch [457/601], loss:1.1601 class:bottle
[Train] epoch [458/601], loss:1.1663 class:bottle
[Train] epoch [459/601], loss:1.1685 class:bottle
[Train] epoch [460/601], loss:1.1644 class:bottle
Vanilla Backpropagation:
[Eval] bottle class RocAUC detection: 0.9937 localization: 0.959722101688385 at epoch 460
[Train] epoch [461/601], loss:1.1464 class:bottle
[Train] epoch [462/601], loss:1.1673 class:bottle
[Train] epoch [463/601], loss:1.1577 class:bottle
[Train] epoch [464/601], loss:1.1491 class:bottle
[Train] epoch [465/601], loss:1.1544 class:bottle
[Train] epoch [466/601], loss:1.1562 class:bottle
[Train] epoch [467/601], loss:1.1490 class:bottle
[Train] epoch [468/601], loss:1.1447 class:bottle
[Train] epoch [469/601], loss:1.1494 class:bottle
[Train] epoch [470/601], loss:1.1439 class:bottle
Vanilla Backpropagation:
[Eval] bottle class RocAUC detection: 0.9937 localization: 0.9579192996025085 at epoch 470
[Train] epoch [471/601], loss:1.1464 class:bottle
[Train] epoch [472/601], loss:1.1509 class:bottle
[Train] epoch [473/601], loss:1.1502 class:bottle
[Train] epoch [474/601], loss:1.1298 class:bottle
[Train] epoch [475/601], loss:1.1412 class:bottle
[Train] epoch [476/601], loss:1.1463 class:bottle
[Train] epoch [477/601], loss:1.1332 class:bottle
[Train] epoch [478/601], loss:1.1345 class:bottle
[Train] epoch [479/601], loss:1.1460 class:bottle
[Train] epoch [480/601], loss:1.1315 class:bottle
Vanilla Backpropagation:
[Eval] bottle class RocAUC detection: 0.9937 localization: 0.959881067276001 at epoch 480
[Train] epoch [481/601], loss:1.1344 class:bottle
[Train] epoch [482/601], loss:1.1336 class:bottle
[Train] epoch [483/601], loss:1.1323 class:bottle
[Train] epoch [484/601], loss:1.1427 class:bottle
[Train] epoch [485/601], loss:1.1251 class:bottle
[Train] epoch [486/601], loss:1.1272 class:bottle
[Train] epoch [487/601], loss:1.1376 class:bottle
[Train] epoch [488/601], loss:1.1353 class:bottle
[Train] epoch [489/601], loss:1.1268 class:bottle
[Train] epoch [490/601], loss:1.1444 class:bottle
Vanilla Backpropagation:
[Eval] bottle class RocAUC detection: 0.9937 localization: 0.9605605006217957 at epoch 490
[Eval] best localization_roc_auc at epoch 490
[Train] epoch [491/601], loss:1.1283 class:bottle
[Train] epoch [492/601], loss:1.1302 class:bottle
[Train] epoch [493/601], loss:1.1427 class:bottle
[Train] epoch [494/601], loss:1.1244 class:bottle
[Train] epoch [495/601], loss:1.1310 class:bottle
[Train] epoch [496/601], loss:1.1316 class:bottle
[Train] epoch [497/601], loss:1.1345 class:bottle
[Train] epoch [498/601], loss:1.1189 class:bottle
[Train] epoch [499/601], loss:1.1148 class:bottle
[Train] epoch [500/601], loss:1.1208 class:bottle
Vanilla Backpropagation:
[Eval] bottle class RocAUC detection: 0.9937 localization: 0.9605501890182495 at epoch 500
[Train] epoch [501/601], loss:1.1171 class:bottle
[Train] epoch [502/601], loss:1.1251 class:bottle
[Train] epoch [503/601], loss:1.1276 class:bottle
[Train] epoch [504/601], loss:1.1093 class:bottle
[Train] epoch [505/601], loss:1.1143 class:bottle
[Train] epoch [506/601], loss:1.1192 class:bottle
[Train] epoch [507/601], loss:1.1301 class:bottle
[Train] epoch [508/601], loss:1.1292 class:bottle
[Train] epoch [509/601], loss:1.1108 class:bottle
[Train] epoch [510/601], loss:1.1112 class:bottle
Vanilla Backpropagation:
[Eval] bottle class RocAUC detection: 0.9937 localization: 0.9588549733161926 at epoch 510
[Train] epoch [511/601], loss:1.1111 class:bottle
[Train] epoch [512/601], loss:1.1162 class:bottle
[Train] epoch [513/601], loss:1.1165 class:bottle
[Train] epoch [514/601], loss:1.1147 class:bottle
[Train] epoch [515/601], loss:1.1170 class:bottle
[Train] epoch [516/601], loss:1.1149 class:bottle
[Train] epoch [517/601], loss:1.1177 class:bottle
[Train] epoch [518/601], loss:1.1150 class:bottle
[Train] epoch [519/601], loss:1.1117 class:bottle
[Train] epoch [520/601], loss:1.1032 class:bottle
Vanilla Backpropagation:
[Eval] bottle class RocAUC detection: 0.9937 localization: 0.9592494964599609 at epoch 520
[Train] epoch [521/601], loss:1.0915 class:bottle
[Train] epoch [522/601], loss:1.0954 class:bottle
[Train] epoch [523/601], loss:1.0943 class:bottle
[Train] epoch [524/601], loss:1.1071 class:bottle
[Train] epoch [525/601], loss:1.1090 class:bottle
[Train] epoch [526/601], loss:1.1026 class:bottle
[Train] epoch [527/601], loss:1.0951 class:bottle
[Train] epoch [528/601], loss:1.0998 class:bottle
[Train] epoch [529/601], loss:1.0938 class:bottle
[Train] epoch [530/601], loss:1.1081 class:bottle
Vanilla Backpropagation:
[Eval] bottle class RocAUC detection: 0.9937 localization: 0.9607629776000977 at epoch 530
[Eval] best localization_roc_auc at epoch 530
[Train] epoch [531/601], loss:1.1073 class:bottle
[Train] epoch [532/601], loss:1.0915 class:bottle
[Train] epoch [533/601], loss:1.0869 class:bottle
[Train] epoch [534/601], loss:1.0899 class:bottle
[Train] epoch [535/601], loss:1.0895 class:bottle
[Train] epoch [536/601], loss:1.0991 class:bottle
[Train] epoch [537/601], loss:1.0990 class:bottle
[Train] epoch [538/601], loss:1.1015 class:bottle
[Train] epoch [539/601], loss:1.0969 class:bottle
[Train] epoch [540/601], loss:1.1063 class:bottle
Vanilla Backpropagation:
[Eval] bottle class RocAUC detection: 0.9937 localization: 0.9601306319236755 at epoch 540
[Train] epoch [541/601], loss:1.0944 class:bottle
[Train] epoch [542/601], loss:1.0933 class:bottle
[Train] epoch [543/601], loss:1.0799 class:bottle
[Train] epoch [544/601], loss:1.0881 class:bottle
[Train] epoch [545/601], loss:1.0977 class:bottle
[Train] epoch [546/601], loss:1.0920 class:bottle
[Train] epoch [547/601], loss:1.0848 class:bottle
[Train] epoch [548/601], loss:1.0820 class:bottle
[Train] epoch [549/601], loss:1.0872 class:bottle
[Train] epoch [550/601], loss:1.0830 class:bottle
Vanilla Backpropagation:
[Eval] bottle class RocAUC detection: 0.9944 localization: 0.9580934047698975 at epoch 550
[Train] epoch [551/601], loss:1.0885 class:bottle
[Train] epoch [552/601], loss:1.0872 class:bottle
[Train] epoch [553/601], loss:1.0823 class:bottle
[Train] epoch [554/601], loss:1.0802 class:bottle
[Train] epoch [555/601], loss:1.0759 class:bottle
[Train] epoch [556/601], loss:1.0751 class:bottle
[Train] epoch [557/601], loss:1.0867 class:bottle
[Train] epoch [558/601], loss:1.0865 class:bottle
[Train] epoch [559/601], loss:1.0847 class:bottle
[Train] epoch [560/601], loss:1.0840 class:bottle
Vanilla Backpropagation:
[Eval] bottle class RocAUC detection: 0.9937 localization: 0.9596194624900818 at epoch 560
[Train] epoch [561/601], loss:1.0741 class:bottle
[Train] epoch [562/601], loss:1.0677 class:bottle
[Train] epoch [563/601], loss:1.0809 class:bottle
[Train] epoch [564/601], loss:1.0809 class:bottle
[Train] epoch [565/601], loss:1.0764 class:bottle
[Train] epoch [566/601], loss:1.0755 class:bottle
[Train] epoch [567/601], loss:1.0776 class:bottle
[Train] epoch [568/601], loss:1.0848 class:bottle
[Train] epoch [569/601], loss:1.0729 class:bottle
[Train] epoch [570/601], loss:1.0829 class:bottle
Vanilla Backpropagation:
[Eval] bottle class RocAUC detection: 0.9929 localization: 0.961999237537384 at epoch 570
[Eval] best localization_roc_auc at epoch 570
[Train] epoch [571/601], loss:1.0656 class:bottle
[Train] epoch [572/601], loss:1.0749 class:bottle
[Train] epoch [573/601], loss:1.0699 class:bottle
[Train] epoch [574/601], loss:1.0652 class:bottle
[Train] epoch [575/601], loss:1.0646 class:bottle
[Train] epoch [576/601], loss:1.0607 class:bottle
[Train] epoch [577/601], loss:1.0631 class:bottle
[Train] epoch [578/601], loss:1.0820 class:bottle
[Train] epoch [579/601], loss:1.0641 class:bottle
[Train] epoch [580/601], loss:1.0626 class:bottle
Vanilla Backpropagation:
[Eval] bottle class RocAUC detection: 0.9944 localization: 0.9595223069190979 at epoch 580
[Train] epoch [581/601], loss:1.0583 class:bottle
[Train] epoch [582/601], loss:1.0556 class:bottle
[Train] epoch [583/601], loss:1.0743 class:bottle
[Train] epoch [584/601], loss:1.0649 class:bottle
[Train] epoch [585/601], loss:1.0573 class:bottle
[Train] epoch [586/601], loss:1.0652 class:bottle
[Train] epoch [587/601], loss:1.0563 class:bottle
[Train] epoch [588/601], loss:1.0551 class:bottle
[Train] epoch [589/601], loss:1.0678 class:bottle
[Train] epoch [590/601], loss:1.0550 class:bottle
Vanilla Backpropagation:
[Eval] bottle class RocAUC detection: 0.9937 localization: 0.9596614837646484 at epoch 590
[Train] epoch [591/601], loss:1.0487 class:bottle
[Train] epoch [592/601], loss:1.0663 class:bottle
[Train] epoch [593/601], loss:1.0497 class:bottle
[Train] epoch [594/601], loss:1.0609 class:bottle
[Train] epoch [595/601], loss:1.0565 class:bottle
[Train] epoch [596/601], loss:1.0618 class:bottle
[Train] epoch [597/601], loss:1.0450 class:bottle
[Train] epoch [598/601], loss:1.0587 class:bottle
[Train] epoch [599/601], loss:1.0494 class:bottle
[Train] epoch [600/601], loss:1.0523 class:bottle
Vanilla Backpropagation:
[Eval] bottle class RocAUC detection: 0.9937 localization: 0.9593371152877808 at epoch 600
[Train] epoch [601/601], loss:1.0497 class:bottle
Vanilla Backpropagation:
[Eval] bottle class RocAUC detection: 0.9937 localization: 0.9603555202484131 at epoch 601
