W0411 12:45:24.709431  1583 device_context.cc:447] Please NOTE: device: 0, GPU Compute Capability: 7.0, Driver API Version: 10.1, Runtime API Version: 10.1
W0411 12:45:24.718034  1583 device_context.cc:465] device: 0, cuDNN Version: 7.6.
Loading pretrained model from ./vgg16.pdparams
There are 32/32 variables loaded into VGG.
layer : 0 Conv2D(3, 16, kernel_size=[3, 3], padding=1, data_format=NCHW)
layer : 1 BatchNorm2D(num_features=16, momentum=0.9, epsilon=1e-05)
layer : 2 ReLU()
layer : 3 Conv2D(16, 16, kernel_size=[3, 3], padding=1, data_format=NCHW)
layer : 4 ReLU()
layer : 5 MaxPool2D(kernel_size=2, stride=2, padding=0)
layer : 6 Conv2D(16, 16, kernel_size=[3, 3], padding=1, data_format=NCHW)
layer : 7 BatchNorm2D(num_features=16, momentum=0.9, epsilon=1e-05)
layer : 8 ReLU()
layer : 9 Conv2D(16, 128, kernel_size=[3, 3], padding=1, data_format=NCHW)
layer : 10 ReLU()
layer : 11 MaxPool2D(kernel_size=2, stride=2, padding=0)
layer : 12 Conv2D(128, 16, kernel_size=[3, 3], padding=1, data_format=NCHW)
layer : 13 BatchNorm2D(num_features=16, momentum=0.9, epsilon=1e-05)
layer : 14 ReLU()
layer : 15 Conv2D(16, 16, kernel_size=[3, 3], padding=1, data_format=NCHW)
layer : 16 BatchNorm2D(num_features=16, momentum=0.9, epsilon=1e-05)
layer : 17 ReLU()
layer : 18 Conv2D(16, 256, kernel_size=[3, 3], padding=1, data_format=NCHW)
layer : 19 ReLU()
layer : 20 MaxPool2D(kernel_size=2, stride=2, padding=0)
layer : 21 Conv2D(256, 16, kernel_size=[3, 3], padding=1, data_format=NCHW)
layer : 22 BatchNorm2D(num_features=16, momentum=0.9, epsilon=1e-05)
layer : 23 ReLU()
layer : 24 Conv2D(16, 16, kernel_size=[3, 3], padding=1, data_format=NCHW)
layer : 25 BatchNorm2D(num_features=16, momentum=0.9, epsilon=1e-05)
layer : 26 ReLU()
layer : 27 Conv2D(16, 512, kernel_size=[3, 3], padding=1, data_format=NCHW)
layer : 28 ReLU()
layer : 29 MaxPool2D(kernel_size=2, stride=2, padding=0)
layer : 30 Conv2D(512, 16, kernel_size=[3, 3], padding=1, data_format=NCHW)
layer : 31 BatchNorm2D(num_features=16, momentum=0.9, epsilon=1e-05)
layer : 32 ReLU()
layer : 33 Conv2D(16, 16, kernel_size=[3, 3], padding=1, data_format=NCHW)
layer : 34 BatchNorm2D(num_features=16, momentum=0.9, epsilon=1e-05)
layer : 35 ReLU()
layer : 36 Conv2D(16, 512, kernel_size=[3, 3], padding=1, data_format=NCHW)
layer : 37 ReLU()
layer : 38 MaxPool2D(kernel_size=2, stride=2, padding=0)
[Train] epoch [0/601], loss:51.5561 class:cable
[Train] epoch [1/601], loss:47.2664 class:cable
[Train] epoch [2/601], loss:44.3726 class:cable
[Train] epoch [3/601], loss:42.1412 class:cable
[Train] epoch [4/601], loss:40.3968 class:cable
[Train] epoch [5/601], loss:39.0429 class:cable
[Train] epoch [6/601], loss:37.7307 class:cable
[Train] epoch [7/601], loss:36.7370 class:cable
[Train] epoch [8/601], loss:35.8225 class:cable
[Train] epoch [9/601], loss:35.0097 class:cable
[Train] epoch [10/601], loss:34.1092 class:cable
Vanilla Backpropagation:
[Eval] cable class RocAUC detection: 0.5275 localization: 0.6972914338111877 at epoch 10
[Eval] best detection_roc_auc at epoch 10
[Eval] best localization_roc_auc at epoch 10
[Train] epoch [11/601], loss:33.3752 class:cable
[Train] epoch [12/601], loss:32.5835 class:cable
[Train] epoch [13/601], loss:31.8122 class:cable
[Train] epoch [14/601], loss:30.9586 class:cable
[Train] epoch [15/601], loss:30.2327 class:cable
[Train] epoch [16/601], loss:29.5062 class:cable
[Train] epoch [17/601], loss:28.7482 class:cable
[Train] epoch [18/601], loss:28.0690 class:cable
[Train] epoch [19/601], loss:27.4259 class:cable
[Train] epoch [20/601], loss:26.7288 class:cable
Vanilla Backpropagation:
[Eval] cable class RocAUC detection: 0.6928 localization: 0.7420600056648254 at epoch 20
[Eval] best detection_roc_auc at epoch 20
[Eval] best localization_roc_auc at epoch 20
[Train] epoch [21/601], loss:26.2010 class:cable
[Train] epoch [22/601], loss:25.6006 class:cable
[Train] epoch [23/601], loss:25.0477 class:cable
[Train] epoch [24/601], loss:24.4743 class:cable
[Train] epoch [25/601], loss:23.9571 class:cable
[Train] epoch [26/601], loss:23.5134 class:cable
[Train] epoch [27/601], loss:23.0207 class:cable
[Train] epoch [28/601], loss:22.5776 class:cable
[Train] epoch [29/601], loss:22.1904 class:cable
[Train] epoch [30/601], loss:21.7426 class:cable
Vanilla Backpropagation:
[Eval] cable class RocAUC detection: 0.7316 localization: 0.759097695350647 at epoch 30
[Eval] best detection_roc_auc at epoch 30
[Eval] best localization_roc_auc at epoch 30
[Train] epoch [31/601], loss:21.4056 class:cable
[Train] epoch [32/601], loss:21.0685 class:cable
[Train] epoch [33/601], loss:20.6962 class:cable
[Train] epoch [34/601], loss:20.3379 class:cable
[Train] epoch [35/601], loss:20.0208 class:cable
[Train] epoch [36/601], loss:19.7740 class:cable
[Train] epoch [37/601], loss:19.4324 class:cable
[Train] epoch [38/601], loss:19.1093 class:cable
[Train] epoch [39/601], loss:18.8468 class:cable
[Train] epoch [40/601], loss:18.5663 class:cable
Vanilla Backpropagation:
[Eval] cable class RocAUC detection: 0.7656 localization: 0.775212824344635 at epoch 40
[Eval] best detection_roc_auc at epoch 40
[Eval] best localization_roc_auc at epoch 40
[Train] epoch [41/601], loss:18.3341 class:cable
[Train] epoch [42/601], loss:18.0725 class:cable
[Train] epoch [43/601], loss:17.9025 class:cable
[Train] epoch [44/601], loss:17.6612 class:cable
[Train] epoch [45/601], loss:17.4592 class:cable
[Train] epoch [46/601], loss:17.2667 class:cable
[Train] epoch [47/601], loss:17.0534 class:cable
[Train] epoch [48/601], loss:16.8738 class:cable
[Train] epoch [49/601], loss:16.6684 class:cable
[Train] epoch [50/601], loss:16.4225 class:cable
Vanilla Backpropagation:
[Eval] cable class RocAUC detection: 0.783 localization: 0.7897517681121826 at epoch 50
[Eval] best detection_roc_auc at epoch 50
[Eval] best localization_roc_auc at epoch 50
[Train] epoch [51/601], loss:16.2778 class:cable
[Train] epoch [52/601], loss:16.1342 class:cable
[Train] epoch [53/601], loss:15.9914 class:cable
[Train] epoch [54/601], loss:15.7727 class:cable
[Train] epoch [55/601], loss:15.6174 class:cable
[Train] epoch [56/601], loss:15.4390 class:cable
[Train] epoch [57/601], loss:15.3357 class:cable
[Train] epoch [58/601], loss:15.1338 class:cable
[Train] epoch [59/601], loss:15.0587 class:cable
[Train] epoch [60/601], loss:14.9042 class:cable
Vanilla Backpropagation:
[Eval] cable class RocAUC detection: 0.81 localization: 0.800835371017456 at epoch 60
[Eval] best detection_roc_auc at epoch 60
[Eval] best localization_roc_auc at epoch 60
[Train] epoch [61/601], loss:14.7747 class:cable
[Train] epoch [62/601], loss:14.6080 class:cable
[Train] epoch [63/601], loss:14.5007 class:cable
[Train] epoch [64/601], loss:14.3742 class:cable
[Train] epoch [65/601], loss:14.2612 class:cable
[Train] epoch [66/601], loss:14.1328 class:cable
[Train] epoch [67/601], loss:14.0234 class:cable
[Train] epoch [68/601], loss:13.9227 class:cable
[Train] epoch [69/601], loss:13.8378 class:cable
[Train] epoch [70/601], loss:13.7110 class:cable
Vanilla Backpropagation:
[Eval] cable class RocAUC detection: 0.8201 localization: 0.7945424318313599 at epoch 70
[Eval] best detection_roc_auc at epoch 70
[Train] epoch [71/601], loss:13.5996 class:cable
[Train] epoch [72/601], loss:13.4497 class:cable
[Train] epoch [73/601], loss:13.3670 class:cable
[Train] epoch [74/601], loss:13.2818 class:cable
[Train] epoch [75/601], loss:13.1992 class:cable
[Train] epoch [76/601], loss:13.0656 class:cable
[Train] epoch [77/601], loss:13.0031 class:cable
[Train] epoch [78/601], loss:12.8543 class:cable
[Train] epoch [79/601], loss:12.8068 class:cable
[Train] epoch [80/601], loss:12.6966 class:cable
Vanilla Backpropagation:
[Eval] cable class RocAUC detection: 0.8295 localization: 0.788915753364563 at epoch 80
[Eval] best detection_roc_auc at epoch 80
[Train] epoch [81/601], loss:12.6189 class:cable
[Train] epoch [82/601], loss:12.5577 class:cable
[Train] epoch [83/601], loss:12.4433 class:cable
[Train] epoch [84/601], loss:12.3750 class:cable
[Train] epoch [85/601], loss:12.2694 class:cable
[Train] epoch [86/601], loss:12.2116 class:cable
[Train] epoch [87/601], loss:12.1654 class:cable
[Train] epoch [88/601], loss:12.0889 class:cable
[Train] epoch [89/601], loss:12.0120 class:cable
[Train] epoch [90/601], loss:11.9203 class:cable
Vanilla Backpropagation:
[Eval] cable class RocAUC detection: 0.8385 localization: 0.7940794825553894 at epoch 90
[Eval] best detection_roc_auc at epoch 90
[Train] epoch [91/601], loss:11.8270 class:cable
[Train] epoch [92/601], loss:11.7392 class:cable
[Train] epoch [93/601], loss:11.6933 class:cable
[Train] epoch [94/601], loss:11.6304 class:cable
[Train] epoch [95/601], loss:11.5433 class:cable
[Train] epoch [96/601], loss:11.4924 class:cable
[Train] epoch [97/601], loss:11.4188 class:cable
[Train] epoch [98/601], loss:11.3732 class:cable
[Train] epoch [99/601], loss:11.3407 class:cable
[Train] epoch [100/601], loss:11.2415 class:cable
Vanilla Backpropagation:
[Eval] cable class RocAUC detection: 0.8506 localization: 0.7952615022659302 at epoch 100
[Eval] best detection_roc_auc at epoch 100
[Train] epoch [101/601], loss:11.1755 class:cable
[Train] epoch [102/601], loss:11.1629 class:cable
[Train] epoch [103/601], loss:11.0859 class:cable
[Train] epoch [104/601], loss:11.0135 class:cable
[Train] epoch [105/601], loss:10.9631 class:cable
[Train] epoch [106/601], loss:10.8927 class:cable
[Train] epoch [107/601], loss:10.8361 class:cable
[Train] epoch [108/601], loss:10.8166 class:cable
[Train] epoch [109/601], loss:10.7093 class:cable
[Train] epoch [110/601], loss:10.6691 class:cable
Vanilla Backpropagation:
[Eval] cable class RocAUC detection: 0.8538 localization: 0.7965499758720398 at epoch 110
[Eval] best detection_roc_auc at epoch 110
[Train] epoch [111/601], loss:10.6253 class:cable
[Train] epoch [112/601], loss:10.6003 class:cable
[Train] epoch [113/601], loss:10.5097 class:cable
[Train] epoch [114/601], loss:10.4686 class:cable
[Train] epoch [115/601], loss:10.4309 class:cable
[Train] epoch [116/601], loss:10.3693 class:cable
[Train] epoch [117/601], loss:10.3121 class:cable
[Train] epoch [118/601], loss:10.2766 class:cable
[Train] epoch [119/601], loss:10.2388 class:cable
[Train] epoch [120/601], loss:10.2128 class:cable
Vanilla Backpropagation:
[Eval] cable class RocAUC detection: 0.8615 localization: 0.803436815738678 at epoch 120
[Eval] best detection_roc_auc at epoch 120
[Eval] best localization_roc_auc at epoch 120
[Train] epoch [121/601], loss:10.1394 class:cable
[Train] epoch [122/601], loss:10.1276 class:cable
[Train] epoch [123/601], loss:10.0793 class:cable
[Train] epoch [124/601], loss:10.0166 class:cable
[Train] epoch [125/601], loss:9.9742 class:cable
[Train] epoch [126/601], loss:9.9635 class:cable
[Train] epoch [127/601], loss:9.8799 class:cable
[Train] epoch [128/601], loss:9.8980 class:cable
[Train] epoch [129/601], loss:9.8408 class:cable
[Train] epoch [130/601], loss:9.8371 class:cable
Vanilla Backpropagation:
[Eval] cable class RocAUC detection: 0.8653 localization: 0.8040133714675903 at epoch 130
[Eval] best detection_roc_auc at epoch 130
[Eval] best localization_roc_auc at epoch 130
[Train] epoch [131/601], loss:9.7493 class:cable
[Train] epoch [132/601], loss:9.7122 class:cable
[Train] epoch [133/601], loss:9.6983 class:cable
[Train] epoch [134/601], loss:9.6592 class:cable
[Train] epoch [135/601], loss:9.6350 class:cable
[Train] epoch [136/601], loss:9.5920 class:cable
[Train] epoch [137/601], loss:9.5509 class:cable
[Train] epoch [138/601], loss:9.5520 class:cable
[Train] epoch [139/601], loss:9.5122 class:cable
[Train] epoch [140/601], loss:9.4453 class:cable
Vanilla Backpropagation:
[Eval] cable class RocAUC detection: 0.8668 localization: 0.8061931133270264 at epoch 140
[Eval] best detection_roc_auc at epoch 140
[Eval] best localization_roc_auc at epoch 140
[Train] epoch [141/601], loss:9.4209 class:cable
[Train] epoch [142/601], loss:9.3907 class:cable
[Train] epoch [143/601], loss:9.3471 class:cable
[Train] epoch [144/601], loss:9.3265 class:cable
[Train] epoch [145/601], loss:9.3117 class:cable
[Train] epoch [146/601], loss:9.2726 class:cable
[Train] epoch [147/601], loss:9.2243 class:cable
[Train] epoch [148/601], loss:9.1946 class:cable
[Train] epoch [149/601], loss:9.1651 class:cable
[Train] epoch [150/601], loss:9.1553 class:cable
Vanilla Backpropagation:
[Eval] cable class RocAUC detection: 0.8716 localization: 0.7998253107070923 at epoch 150
[Eval] best detection_roc_auc at epoch 150
[Train] epoch [151/601], loss:9.1171 class:cable
[Train] epoch [152/601], loss:9.0805 class:cable
[Train] epoch [153/601], loss:9.0665 class:cable
[Train] epoch [154/601], loss:9.0230 class:cable
[Train] epoch [155/601], loss:9.0449 class:cable
[Train] epoch [156/601], loss:8.9710 class:cable
[Train] epoch [157/601], loss:8.9378 class:cable
[Train] epoch [158/601], loss:8.9187 class:cable
[Train] epoch [159/601], loss:8.9101 class:cable
[Train] epoch [160/601], loss:8.8943 class:cable
Vanilla Backpropagation:
[Eval] cable class RocAUC detection: 0.8722 localization: 0.8117614388465881 at epoch 160
[Eval] best detection_roc_auc at epoch 160
[Eval] best localization_roc_auc at epoch 160
[Train] epoch [161/601], loss:8.8576 class:cable
[Train] epoch [162/601], loss:8.8290 class:cable
[Train] epoch [163/601], loss:8.8178 class:cable
[Train] epoch [164/601], loss:8.7605 class:cable
[Train] epoch [165/601], loss:8.7765 class:cable
[Train] epoch [166/601], loss:8.7641 class:cable
[Train] epoch [167/601], loss:8.7192 class:cable
[Train] epoch [168/601], loss:8.6721 class:cable
[Train] epoch [169/601], loss:8.6890 class:cable
[Train] epoch [170/601], loss:8.6410 class:cable
Vanilla Backpropagation:
[Eval] cable class RocAUC detection: 0.8731 localization: 0.806769847869873 at epoch 170
[Eval] best detection_roc_auc at epoch 170
[Train] epoch [171/601], loss:8.6191 class:cable
[Train] epoch [172/601], loss:8.6043 class:cable
[Train] epoch [173/601], loss:8.5961 class:cable
[Train] epoch [174/601], loss:8.5973 class:cable
[Train] epoch [175/601], loss:8.5636 class:cable
[Train] epoch [176/601], loss:8.5224 class:cable
[Train] epoch [177/601], loss:8.5105 class:cable
[Train] epoch [178/601], loss:8.4895 class:cable
[Train] epoch [179/601], loss:8.4752 class:cable
[Train] epoch [180/601], loss:8.4436 class:cable
Vanilla Backpropagation:
[Eval] cable class RocAUC detection: 0.8789 localization: 0.8107905387878418 at epoch 180
[Eval] best detection_roc_auc at epoch 180
[Train] epoch [181/601], loss:8.3930 class:cable
[Train] epoch [182/601], loss:8.4131 class:cable
[Train] epoch [183/601], loss:8.3911 class:cable
[Train] epoch [184/601], loss:8.3697 class:cable
[Train] epoch [185/601], loss:8.3427 class:cable
[Train] epoch [186/601], loss:8.3232 class:cable
[Train] epoch [187/601], loss:8.2976 class:cable
[Train] epoch [188/601], loss:8.2767 class:cable
[Train] epoch [189/601], loss:8.2519 class:cable
[Train] epoch [190/601], loss:8.2694 class:cable
Vanilla Backpropagation:
[Eval] cable class RocAUC detection: 0.8729 localization: 0.8135749101638794 at epoch 190
[Eval] best localization_roc_auc at epoch 190
[Train] epoch [191/601], loss:8.2626 class:cable
[Train] epoch [192/601], loss:8.2262 class:cable
[Train] epoch [193/601], loss:8.1881 class:cable
[Train] epoch [194/601], loss:8.1740 class:cable
[Train] epoch [195/601], loss:8.2031 class:cable
[Train] epoch [196/601], loss:8.1531 class:cable
[Train] epoch [197/601], loss:8.1501 class:cable
[Train] epoch [198/601], loss:8.1081 class:cable
[Train] epoch [199/601], loss:8.1233 class:cable
[Train] epoch [200/601], loss:8.1085 class:cable
Vanilla Backpropagation:
[Eval] cable class RocAUC detection: 0.881 localization: 0.8135132789611816 at epoch 200
[Eval] best detection_roc_auc at epoch 200
[Train] epoch [201/601], loss:8.0819 class:cable
[Train] epoch [202/601], loss:8.0681 class:cable
[Train] epoch [203/601], loss:8.0550 class:cable
[Train] epoch [204/601], loss:8.0365 class:cable
[Train] epoch [205/601], loss:8.0488 class:cable
[Train] epoch [206/601], loss:7.9808 class:cable
[Train] epoch [207/601], loss:7.9779 class:cable
[Train] epoch [208/601], loss:7.9480 class:cable
[Train] epoch [209/601], loss:7.9486 class:cable
[Train] epoch [210/601], loss:7.9081 class:cable
Vanilla Backpropagation:
[Eval] cable class RocAUC detection: 0.8802 localization: 0.8136852979660034 at epoch 210
[Eval] best localization_roc_auc at epoch 210
[Train] epoch [211/601], loss:7.9069 class:cable
[Train] epoch [212/601], loss:7.9055 class:cable
[Train] epoch [213/601], loss:7.8925 class:cable
[Train] epoch [214/601], loss:7.8537 class:cable
[Train] epoch [215/601], loss:7.8615 class:cable
[Train] epoch [216/601], loss:7.8530 class:cable
[Train] epoch [217/601], loss:7.8325 class:cable
[Train] epoch [218/601], loss:7.8211 class:cable
[Train] epoch [219/601], loss:7.8249 class:cable
[Train] epoch [220/601], loss:7.8026 class:cable
Vanilla Backpropagation:
[Eval] cable class RocAUC detection: 0.8819 localization: 0.816135823726654 at epoch 220
[Eval] best detection_roc_auc at epoch 220
[Eval] best localization_roc_auc at epoch 220
[Train] epoch [221/601], loss:7.7880 class:cable
[Train] epoch [222/601], loss:7.7739 class:cable
[Train] epoch [223/601], loss:7.7449 class:cable
[Train] epoch [224/601], loss:7.7499 class:cable
[Train] epoch [225/601], loss:7.7340 class:cable
[Train] epoch [226/601], loss:7.7376 class:cable
[Train] epoch [227/601], loss:7.7072 class:cable
[Train] epoch [228/601], loss:7.7086 class:cable
[Train] epoch [229/601], loss:7.6939 class:cable
[Train] epoch [230/601], loss:7.6601 class:cable
Vanilla Backpropagation:
[Eval] cable class RocAUC detection: 0.8819 localization: 0.8145125508308411 at epoch 230
[Train] epoch [231/601], loss:7.6493 class:cable
[Train] epoch [232/601], loss:7.6466 class:cable
[Train] epoch [233/601], loss:7.6563 class:cable
[Train] epoch [234/601], loss:7.6751 class:cable
[Train] epoch [235/601], loss:7.6354 class:cable
[Train] epoch [236/601], loss:7.6558 class:cable
[Train] epoch [237/601], loss:7.5877 class:cable
[Train] epoch [238/601], loss:7.5805 class:cable
[Train] epoch [239/601], loss:7.6009 class:cable
[Train] epoch [240/601], loss:7.5724 class:cable
Vanilla Backpropagation:
[Eval] cable class RocAUC detection: 0.8816 localization: 0.8201864361763 at epoch 240
[Eval] best localization_roc_auc at epoch 240
[Train] epoch [241/601], loss:7.5592 class:cable
[Train] epoch [242/601], loss:7.5349 class:cable
[Train] epoch [243/601], loss:7.5427 class:cable
[Train] epoch [244/601], loss:7.5193 class:cable
[Train] epoch [245/601], loss:7.5166 class:cable
[Train] epoch [246/601], loss:7.4900 class:cable
[Train] epoch [247/601], loss:7.4689 class:cable
[Train] epoch [248/601], loss:7.4662 class:cable
[Train] epoch [249/601], loss:7.4530 class:cable
[Train] epoch [250/601], loss:7.4278 class:cable
Vanilla Backpropagation:
[Eval] cable class RocAUC detection: 0.8823 localization: 0.8222426772117615 at epoch 250
[Eval] best detection_roc_auc at epoch 250
[Eval] best localization_roc_auc at epoch 250
[Train] epoch [251/601], loss:7.4518 class:cable
[Train] epoch [252/601], loss:7.4391 class:cable
[Train] epoch [253/601], loss:7.4263 class:cable
[Train] epoch [254/601], loss:7.4287 class:cable
[Train] epoch [255/601], loss:7.3958 class:cable
[Train] epoch [256/601], loss:7.3920 class:cable
[Train] epoch [257/601], loss:7.3975 class:cable
[Train] epoch [258/601], loss:7.3579 class:cable
[Train] epoch [259/601], loss:7.3665 class:cable
[Train] epoch [260/601], loss:7.3492 class:cable
Vanilla Backpropagation:
[Eval] cable class RocAUC detection: 0.8831 localization: 0.817246675491333 at epoch 260
[Eval] best detection_roc_auc at epoch 260
[Train] epoch [261/601], loss:7.3418 class:cable
[Train] epoch [262/601], loss:7.3337 class:cable
[Train] epoch [263/601], loss:7.3270 class:cable
[Train] epoch [264/601], loss:7.2999 class:cable
[Train] epoch [265/601], loss:7.3013 class:cable
[Train] epoch [266/601], loss:7.2871 class:cable
[Train] epoch [267/601], loss:7.2887 class:cable
[Train] epoch [268/601], loss:7.2953 class:cable
[Train] epoch [269/601], loss:7.2935 class:cable
[Train] epoch [270/601], loss:7.2572 class:cable
Vanilla Backpropagation:
[Eval] cable class RocAUC detection: 0.8849 localization: 0.8144451975822449 at epoch 270
[Eval] best detection_roc_auc at epoch 270
[Train] epoch [271/601], loss:7.2489 class:cable
[Train] epoch [272/601], loss:7.2402 class:cable
[Train] epoch [273/601], loss:7.2397 class:cable
[Train] epoch [274/601], loss:7.2092 class:cable
[Train] epoch [275/601], loss:7.2321 class:cable
[Train] epoch [276/601], loss:7.1839 class:cable
[Train] epoch [277/601], loss:7.1823 class:cable
[Train] epoch [278/601], loss:7.2016 class:cable
[Train] epoch [279/601], loss:7.1774 class:cable
[Train] epoch [280/601], loss:7.1831 class:cable
Vanilla Backpropagation:
[Eval] cable class RocAUC detection: 0.8911 localization: 0.8234059810638428 at epoch 280
[Eval] best detection_roc_auc at epoch 280
[Eval] best localization_roc_auc at epoch 280
[Train] epoch [281/601], loss:7.1730 class:cable
[Train] epoch [282/601], loss:7.1783 class:cable
[Train] epoch [283/601], loss:7.1400 class:cable
[Train] epoch [284/601], loss:7.1263 class:cable
[Train] epoch [285/601], loss:7.1270 class:cable
[Train] epoch [286/601], loss:7.1329 class:cable
[Train] epoch [287/601], loss:7.1135 class:cable
[Train] epoch [288/601], loss:7.0967 class:cable
[Train] epoch [289/601], loss:7.0997 class:cable
[Train] epoch [290/601], loss:7.1118 class:cable
Vanilla Backpropagation:
[Eval] cable class RocAUC detection: 0.8771 localization: 0.8268868327140808 at epoch 290
[Eval] best localization_roc_auc at epoch 290
[Train] epoch [291/601], loss:7.1101 class:cable
[Train] epoch [292/601], loss:7.0987 class:cable
[Train] epoch [293/601], loss:7.0617 class:cable
[Train] epoch [294/601], loss:7.0775 class:cable
[Train] epoch [295/601], loss:7.0407 class:cable
[Train] epoch [296/601], loss:7.0530 class:cable
[Train] epoch [297/601], loss:7.0504 class:cable
[Train] epoch [298/601], loss:7.0204 class:cable
[Train] epoch [299/601], loss:7.0430 class:cable
[Train] epoch [300/601], loss:7.0198 class:cable
Vanilla Backpropagation:
[Eval] cable class RocAUC detection: 0.8883 localization: 0.8247337937355042 at epoch 300
[Train] epoch [301/601], loss:7.0284 class:cable
[Train] epoch [302/601], loss:7.0099 class:cable
[Train] epoch [303/601], loss:7.0021 class:cable
[Train] epoch [304/601], loss:6.9728 class:cable
[Train] epoch [305/601], loss:6.9701 class:cable
[Train] epoch [306/601], loss:6.9740 class:cable
[Train] epoch [307/601], loss:6.9730 class:cable
[Train] epoch [308/601], loss:6.9631 class:cable
[Train] epoch [309/601], loss:6.9263 class:cable
[Train] epoch [310/601], loss:6.9542 class:cable
Vanilla Backpropagation:
[Eval] cable class RocAUC detection: 0.8898 localization: 0.8266918063163757 at epoch 310
[Train] epoch [311/601], loss:6.9453 class:cable
[Train] epoch [312/601], loss:6.9242 class:cable
[Train] epoch [313/601], loss:6.9224 class:cable
[Train] epoch [314/601], loss:6.9365 class:cable
[Train] epoch [315/601], loss:6.9408 class:cable
[Train] epoch [316/601], loss:6.9055 class:cable
[Train] epoch [317/601], loss:6.9052 class:cable
[Train] epoch [318/601], loss:6.8987 class:cable
[Train] epoch [319/601], loss:6.8803 class:cable
[Train] epoch [320/601], loss:6.8833 class:cable
Vanilla Backpropagation:
[Eval] cable class RocAUC detection: 0.89 localization: 0.8319643139839172 at epoch 320
[Eval] best localization_roc_auc at epoch 320
[Train] epoch [321/601], loss:6.8761 class:cable
[Train] epoch [322/601], loss:6.8783 class:cable
[Train] epoch [323/601], loss:6.8683 class:cable
[Train] epoch [324/601], loss:6.8757 class:cable
[Train] epoch [325/601], loss:6.8605 class:cable
[Train] epoch [326/601], loss:6.8243 class:cable
[Train] epoch [327/601], loss:6.8444 class:cable
[Train] epoch [328/601], loss:6.8156 class:cable
[Train] epoch [329/601], loss:6.8276 class:cable
[Train] epoch [330/601], loss:6.8295 class:cable
Vanilla Backpropagation:
[Eval] cable class RocAUC detection: 0.8902 localization: 0.8324123024940491 at epoch 330
[Eval] best localization_roc_auc at epoch 330
[Train] epoch [331/601], loss:6.8156 class:cable
[Train] epoch [332/601], loss:6.8222 class:cable
[Train] epoch [333/601], loss:6.8300 class:cable
[Train] epoch [334/601], loss:6.8335 class:cable
[Train] epoch [335/601], loss:6.8176 class:cable
[Train] epoch [336/601], loss:6.7931 class:cable
[Train] epoch [337/601], loss:6.7883 class:cable
[Train] epoch [338/601], loss:6.7758 class:cable
[Train] epoch [339/601], loss:6.7597 class:cable
[Train] epoch [340/601], loss:6.7447 class:cable
Vanilla Backpropagation:
[Eval] cable class RocAUC detection: 0.8829 localization: 0.8240317106246948 at epoch 340
[Train] epoch [341/601], loss:6.7700 class:cable
[Train] epoch [342/601], loss:6.7652 class:cable
[Train] epoch [343/601], loss:6.7661 class:cable
[Train] epoch [344/601], loss:6.7568 class:cable
[Train] epoch [345/601], loss:6.7425 class:cable
[Train] epoch [346/601], loss:6.7538 class:cable
[Train] epoch [347/601], loss:6.7178 class:cable
[Train] epoch [348/601], loss:6.7277 class:cable
[Train] epoch [349/601], loss:6.7333 class:cable
[Train] epoch [350/601], loss:6.7000 class:cable
Vanilla Backpropagation:
[Eval] cable class RocAUC detection: 0.8861 localization: 0.8281382322311401 at epoch 350
[Train] epoch [351/601], loss:6.7167 class:cable
[Train] epoch [352/601], loss:6.6991 class:cable
[Train] epoch [353/601], loss:6.7005 class:cable
[Train] epoch [354/601], loss:6.7068 class:cable
[Train] epoch [355/601], loss:6.6984 class:cable
[Train] epoch [356/601], loss:6.6766 class:cable
[Train] epoch [357/601], loss:6.6614 class:cable
[Train] epoch [358/601], loss:6.6516 class:cable
[Train] epoch [359/601], loss:6.6633 class:cable
[Train] epoch [360/601], loss:6.6495 class:cable
Vanilla Backpropagation:
[Eval] cable class RocAUC detection: 0.8889 localization: 0.8301053047180176 at epoch 360
[Train] epoch [361/601], loss:6.6429 class:cable
[Train] epoch [362/601], loss:6.6604 class:cable
[Train] epoch [363/601], loss:6.6424 class:cable
[Train] epoch [364/601], loss:6.6442 class:cable
[Train] epoch [365/601], loss:6.6310 class:cable
[Train] epoch [366/601], loss:6.6170 class:cable
[Train] epoch [367/601], loss:6.6156 class:cable
[Train] epoch [368/601], loss:6.6036 class:cable
[Train] epoch [369/601], loss:6.6178 class:cable
[Train] epoch [370/601], loss:6.6032 class:cable
Vanilla Backpropagation:
[Eval] cable class RocAUC detection: 0.8874 localization: 0.8236432075500488 at epoch 370
[Train] epoch [371/601], loss:6.6132 class:cable
[Train] epoch [372/601], loss:6.6110 class:cable
[Train] epoch [373/601], loss:6.5788 class:cable
[Train] epoch [374/601], loss:6.5872 class:cable
[Train] epoch [375/601], loss:6.5609 class:cable
[Train] epoch [376/601], loss:6.5816 class:cable
[Train] epoch [377/601], loss:6.5749 class:cable
[Train] epoch [378/601], loss:6.5691 class:cable
[Train] epoch [379/601], loss:6.5773 class:cable
[Train] epoch [380/601], loss:6.5669 class:cable
Vanilla Backpropagation:
[Eval] cable class RocAUC detection: 0.8885 localization: 0.8300099968910217 at epoch 380
[Train] epoch [381/601], loss:6.5316 class:cable
[Train] epoch [382/601], loss:6.5633 class:cable
[Train] epoch [383/601], loss:6.5548 class:cable
[Train] epoch [384/601], loss:6.5248 class:cable
[Train] epoch [385/601], loss:6.5237 class:cable
[Train] epoch [386/601], loss:6.5023 class:cable
[Train] epoch [387/601], loss:6.4968 class:cable
[Train] epoch [388/601], loss:6.4982 class:cable
[Train] epoch [389/601], loss:6.4964 class:cable
[Train] epoch [390/601], loss:6.4953 class:cable
Vanilla Backpropagation:
[Eval] cable class RocAUC detection: 0.8928 localization: 0.8307867646217346 at epoch 390
[Eval] best detection_roc_auc at epoch 390
[Train] epoch [391/601], loss:6.5134 class:cable
[Train] epoch [392/601], loss:6.5034 class:cable
[Train] epoch [393/601], loss:6.5366 class:cable
[Train] epoch [394/601], loss:6.4984 class:cable
[Train] epoch [395/601], loss:6.4841 class:cable
[Train] epoch [396/601], loss:6.4716 class:cable
[Train] epoch [397/601], loss:6.4660 class:cable
[Train] epoch [398/601], loss:6.4644 class:cable
[Train] epoch [399/601], loss:6.4741 class:cable
[Train] epoch [400/601], loss:6.4557 class:cable
Vanilla Backpropagation:
[Eval] cable class RocAUC detection: 0.8936 localization: 0.8330312967300415 at epoch 400
[Eval] best detection_roc_auc at epoch 400
[Eval] best localization_roc_auc at epoch 400
[Train] epoch [401/601], loss:6.4931 class:cable
[Train] epoch [402/601], loss:6.4589 class:cable
[Train] epoch [403/601], loss:6.4743 class:cable
[Train] epoch [404/601], loss:6.4484 class:cable
[Train] epoch [405/601], loss:6.4473 class:cable
[Train] epoch [406/601], loss:6.4540 class:cable
[Train] epoch [407/601], loss:6.4386 class:cable
[Train] epoch [408/601], loss:6.4230 class:cable
[Train] epoch [409/601], loss:6.4388 class:cable
[Train] epoch [410/601], loss:6.4270 class:cable
Vanilla Backpropagation:
[Eval] cable class RocAUC detection: 0.8921 localization: 0.8328589797019958 at epoch 410
[Train] epoch [411/601], loss:6.4348 class:cable
[Train] epoch [412/601], loss:6.4222 class:cable
[Train] epoch [413/601], loss:6.4188 class:cable
[Train] epoch [414/601], loss:6.4012 class:cable
[Train] epoch [415/601], loss:6.4107 class:cable
[Train] epoch [416/601], loss:6.4200 class:cable
[Train] epoch [417/601], loss:6.4093 class:cable
[Train] epoch [418/601], loss:6.4002 class:cable
[Train] epoch [419/601], loss:6.3804 class:cable
[Train] epoch [420/601], loss:6.3719 class:cable
Vanilla Backpropagation:
[Eval] cable class RocAUC detection: 0.8876 localization: 0.8269872069358826 at epoch 420
[Train] epoch [421/601], loss:6.3691 class:cable
[Train] epoch [422/601], loss:6.3978 class:cable
[Train] epoch [423/601], loss:6.3647 class:cable
[Train] epoch [424/601], loss:6.3554 class:cable
[Train] epoch [425/601], loss:6.3792 class:cable
[Train] epoch [426/601], loss:6.3592 class:cable
[Train] epoch [427/601], loss:6.3596 class:cable
[Train] epoch [428/601], loss:6.3624 class:cable
[Train] epoch [429/601], loss:6.3550 class:cable
[Train] epoch [430/601], loss:6.3414 class:cable
Vanilla Backpropagation:
[Eval] cable class RocAUC detection: 0.8911 localization: 0.8337253332138062 at epoch 430
[Eval] best localization_roc_auc at epoch 430
[Train] epoch [431/601], loss:6.3473 class:cable
[Train] epoch [432/601], loss:6.3293 class:cable
[Train] epoch [433/601], loss:6.3470 class:cable
[Train] epoch [434/601], loss:6.3319 class:cable
[Train] epoch [435/601], loss:6.3335 class:cable
[Train] epoch [436/601], loss:6.3357 class:cable
[Train] epoch [437/601], loss:6.3297 class:cable
[Train] epoch [438/601], loss:6.3141 class:cable
[Train] epoch [439/601], loss:6.3198 class:cable
[Train] epoch [440/601], loss:6.3240 class:cable
Vanilla Backpropagation:
[Eval] cable class RocAUC detection: 0.8889 localization: 0.8303642868995667 at epoch 440
[Train] epoch [441/601], loss:6.2930 class:cable
[Train] epoch [442/601], loss:6.3033 class:cable
[Train] epoch [443/601], loss:6.2826 class:cable
[Train] epoch [444/601], loss:6.2801 class:cable
[Train] epoch [445/601], loss:6.2846 class:cable
[Train] epoch [446/601], loss:6.2855 class:cable
[Train] epoch [447/601], loss:6.2772 class:cable
[Train] epoch [448/601], loss:6.2881 class:cable
[Train] epoch [449/601], loss:6.2903 class:cable
[Train] epoch [450/601], loss:6.2911 class:cable
Vanilla Backpropagation:
[Eval] cable class RocAUC detection: 0.8906 localization: 0.8331332802772522 at epoch 450
[Train] epoch [451/601], loss:6.2625 class:cable
[Train] epoch [452/601], loss:6.2663 class:cable
[Train] epoch [453/601], loss:6.2678 class:cable
[Train] epoch [454/601], loss:6.2711 class:cable
[Train] epoch [455/601], loss:6.2525 class:cable
[Train] epoch [456/601], loss:6.2436 class:cable
[Train] epoch [457/601], loss:6.2516 class:cable
[Train] epoch [458/601], loss:6.2888 class:cable
[Train] epoch [459/601], loss:6.2456 class:cable
[Train] epoch [460/601], loss:6.2501 class:cable
Vanilla Backpropagation:
[Eval] cable class RocAUC detection: 0.8883 localization: 0.8290533423423767 at epoch 460
[Train] epoch [461/601], loss:6.2458 class:cable
[Train] epoch [462/601], loss:6.2351 class:cable
[Train] epoch [463/601], loss:6.2395 class:cable
[Train] epoch [464/601], loss:6.2369 class:cable
[Train] epoch [465/601], loss:6.2431 class:cable
[Train] epoch [466/601], loss:6.2426 class:cable
[Train] epoch [467/601], loss:6.2205 class:cable
[Train] epoch [468/601], loss:6.2143 class:cable
[Train] epoch [469/601], loss:6.2072 class:cable
[Train] epoch [470/601], loss:6.2176 class:cable
Vanilla Backpropagation:
[Eval] cable class RocAUC detection: 0.8934 localization: 0.8312014937400818 at epoch 470
[Train] epoch [471/601], loss:6.2110 class:cable
[Train] epoch [472/601], loss:6.2184 class:cable
[Train] epoch [473/601], loss:6.2157 class:cable
[Train] epoch [474/601], loss:6.2071 class:cable
[Train] epoch [475/601], loss:6.2259 class:cable
[Train] epoch [476/601], loss:6.2071 class:cable
[Train] epoch [477/601], loss:6.1971 class:cable
[Train] epoch [478/601], loss:6.2059 class:cable
[Train] epoch [479/601], loss:6.1821 class:cable
[Train] epoch [480/601], loss:6.1970 class:cable
Vanilla Backpropagation:
[Eval] cable class RocAUC detection: 0.89 localization: 0.831305742263794 at epoch 480
[Train] epoch [481/601], loss:6.1612 class:cable
[Train] epoch [482/601], loss:6.1603 class:cable
[Train] epoch [483/601], loss:6.1730 class:cable
[Train] epoch [484/601], loss:6.1689 class:cable
[Train] epoch [485/601], loss:6.1437 class:cable
[Train] epoch [486/601], loss:6.1364 class:cable
[Train] epoch [487/601], loss:6.1591 class:cable
[Train] epoch [488/601], loss:6.1479 class:cable
[Train] epoch [489/601], loss:6.1564 class:cable
[Train] epoch [490/601], loss:6.1610 class:cable
Vanilla Backpropagation:
[Eval] cable class RocAUC detection: 0.8913 localization: 0.8373359441757202 at epoch 490
[Eval] best localization_roc_auc at epoch 490
[Train] epoch [491/601], loss:6.1527 class:cable
[Train] epoch [492/601], loss:6.1626 class:cable
[Train] epoch [493/601], loss:6.1508 class:cable
[Train] epoch [494/601], loss:6.1463 class:cable
[Train] epoch [495/601], loss:6.1491 class:cable
[Train] epoch [496/601], loss:6.1443 class:cable
[Train] epoch [497/601], loss:6.1466 class:cable
[Train] epoch [498/601], loss:6.1631 class:cable
[Train] epoch [499/601], loss:6.1389 class:cable
[Train] epoch [500/601], loss:6.1291 class:cable
Vanilla Backpropagation:
[Eval] cable class RocAUC detection: 0.8943 localization: 0.8346244692802429 at epoch 500
[Eval] best detection_roc_auc at epoch 500
[Train] epoch [501/601], loss:6.1225 class:cable
[Train] epoch [502/601], loss:6.1201 class:cable
[Train] epoch [503/601], loss:6.0970 class:cable
[Train] epoch [504/601], loss:6.1029 class:cable
[Train] epoch [505/601], loss:6.1149 class:cable
[Train] epoch [506/601], loss:6.0908 class:cable
[Train] epoch [507/601], loss:6.0952 class:cable
[Train] epoch [508/601], loss:6.1016 class:cable
[Train] epoch [509/601], loss:6.0956 class:cable
[Train] epoch [510/601], loss:6.1021 class:cable
Vanilla Backpropagation:
[Eval] cable class RocAUC detection: 0.89 localization: 0.8294516205787659 at epoch 510
[Train] epoch [511/601], loss:6.0904 class:cable
[Train] epoch [512/601], loss:6.0798 class:cable
[Train] epoch [513/601], loss:6.0892 class:cable
[Train] epoch [514/601], loss:6.0918 class:cable
[Train] epoch [515/601], loss:6.0695 class:cable
[Train] epoch [516/601], loss:6.0873 class:cable
[Train] epoch [517/601], loss:6.0768 class:cable
[Train] epoch [518/601], loss:6.0753 class:cable
[Train] epoch [519/601], loss:6.0684 class:cable
[Train] epoch [520/601], loss:6.0733 class:cable
Vanilla Backpropagation:
[Eval] cable class RocAUC detection: 0.893 localization: 0.835808515548706 at epoch 520
[Train] epoch [521/601], loss:6.0514 class:cable
[Train] epoch [522/601], loss:6.0533 class:cable
[Train] epoch [523/601], loss:6.0653 class:cable
[Train] epoch [524/601], loss:6.0569 class:cable
[Train] epoch [525/601], loss:6.0382 class:cable
[Train] epoch [526/601], loss:6.0433 class:cable
[Train] epoch [527/601], loss:6.0471 class:cable
[Train] epoch [528/601], loss:6.0711 class:cable
[Train] epoch [529/601], loss:6.0448 class:cable
[Train] epoch [530/601], loss:6.0552 class:cable
Vanilla Backpropagation:
[Eval] cable class RocAUC detection: 0.8892 localization: 0.8231701850891113 at epoch 530
[Train] epoch [531/601], loss:6.0515 class:cable
[Train] epoch [532/601], loss:6.0570 class:cable
[Train] epoch [533/601], loss:6.0416 class:cable
[Train] epoch [534/601], loss:6.0407 class:cable
[Train] epoch [535/601], loss:6.0316 class:cable
[Train] epoch [536/601], loss:6.0299 class:cable
[Train] epoch [537/601], loss:6.0352 class:cable
[Train] epoch [538/601], loss:6.0271 class:cable
[Train] epoch [539/601], loss:6.0284 class:cable
[Train] epoch [540/601], loss:6.0175 class:cable
Vanilla Backpropagation:
[Eval] cable class RocAUC detection: 0.8906 localization: 0.8304600715637207 at epoch 540
[Train] epoch [541/601], loss:6.0311 class:cable
[Train] epoch [542/601], loss:6.0081 class:cable
[Train] epoch [543/601], loss:5.9992 class:cable
[Train] epoch [544/601], loss:6.0109 class:cable
[Train] epoch [545/601], loss:6.0076 class:cable
[Train] epoch [546/601], loss:6.0071 class:cable
[Train] epoch [547/601], loss:5.9904 class:cable
[Train] epoch [548/601], loss:5.9984 class:cable
[Train] epoch [549/601], loss:5.9850 class:cable
[Train] epoch [550/601], loss:5.9916 class:cable
Vanilla Backpropagation:
[Eval] cable class RocAUC detection: 0.8904 localization: 0.8275289535522461 at epoch 550
[Train] epoch [551/601], loss:6.0024 class:cable
[Train] epoch [552/601], loss:5.9846 class:cable
[Train] epoch [553/601], loss:5.9778 class:cable
[Train] epoch [554/601], loss:5.9874 class:cable
[Train] epoch [555/601], loss:5.9755 class:cable
[Train] epoch [556/601], loss:5.9797 class:cable
[Train] epoch [557/601], loss:5.9833 class:cable
[Train] epoch [558/601], loss:5.9685 class:cable
[Train] epoch [559/601], loss:5.9653 class:cable
[Train] epoch [560/601], loss:5.9742 class:cable
Vanilla Backpropagation:
[Eval] cable class RocAUC detection: 0.8902 localization: 0.8278117775917053 at epoch 560
[Train] epoch [561/601], loss:5.9726 class:cable
[Train] epoch [562/601], loss:5.9594 class:cable
[Train] epoch [563/601], loss:5.9655 class:cable
[Train] epoch [564/601], loss:5.9677 class:cable
[Train] epoch [565/601], loss:5.9584 class:cable
[Train] epoch [566/601], loss:5.9610 class:cable
[Train] epoch [567/601], loss:5.9650 class:cable
[Train] epoch [568/601], loss:5.9613 class:cable
[Train] epoch [569/601], loss:5.9446 class:cable
[Train] epoch [570/601], loss:5.9622 class:cable
Vanilla Backpropagation:
[Eval] cable class RocAUC detection: 0.8911 localization: 0.8372526168823242 at epoch 570
[Train] epoch [571/601], loss:5.9776 class:cable
[Train] epoch [572/601], loss:5.9633 class:cable
[Train] epoch [573/601], loss:5.9628 class:cable
[Train] epoch [574/601], loss:5.9416 class:cable
[Train] epoch [575/601], loss:5.9511 class:cable
[Train] epoch [576/601], loss:5.9259 class:cable
[Train] epoch [577/601], loss:5.9218 class:cable
[Train] epoch [578/601], loss:5.9257 class:cable
[Train] epoch [579/601], loss:5.9262 class:cable
[Train] epoch [580/601], loss:5.9093 class:cable
Vanilla Backpropagation:
[Eval] cable class RocAUC detection: 0.8885 localization: 0.8319419622421265 at epoch 580
[Train] epoch [581/601], loss:5.9240 class:cable
[Train] epoch [582/601], loss:5.9043 class:cable
[Train] epoch [583/601], loss:5.9167 class:cable
[Train] epoch [584/601], loss:5.9148 class:cable
[Train] epoch [585/601], loss:5.9040 class:cable
[Train] epoch [586/601], loss:5.9028 class:cable
[Train] epoch [587/601], loss:5.8782 class:cable
[Train] epoch [588/601], loss:5.9020 class:cable
[Train] epoch [589/601], loss:5.8955 class:cable
[Train] epoch [590/601], loss:5.9107 class:cable
Vanilla Backpropagation:
[Eval] cable class RocAUC detection: 0.8922 localization: 0.835750162601471 at epoch 590
[Train] epoch [591/601], loss:5.9171 class:cable
[Train] epoch [592/601], loss:5.9118 class:cable
[Train] epoch [593/601], loss:5.8962 class:cable
[Train] epoch [594/601], loss:5.8941 class:cable
[Train] epoch [595/601], loss:5.8983 class:cable
[Train] epoch [596/601], loss:5.8884 class:cable
[Train] epoch [597/601], loss:5.8671 class:cable
[Train] epoch [598/601], loss:5.8693 class:cable
[Train] epoch [599/601], loss:5.8923 class:cable
[Train] epoch [600/601], loss:5.8770 class:cable
Vanilla Backpropagation:
[Eval] cable class RocAUC detection: 0.8932 localization: 0.8366969227790833 at epoch 600
[Train] epoch [601/601], loss:5.8673 class:cable
Vanilla Backpropagation:
[Eval] cable class RocAUC detection: 0.8936 localization: 0.8363151550292969 at epoch 601
