W0411 12:23:11.879005  4627 device_context.cc:447] Please NOTE: device: 0, GPU Compute Capability: 7.0, Driver API Version: 10.1, Runtime API Version: 10.1
W0411 12:23:11.885330  4627 device_context.cc:465] device: 0, cuDNN Version: 7.6.
Loading pretrained model from ./vgg16.pdparams
There are 32/32 variables loaded into VGG.
layer : 0 Conv2D(3, 16, kernel_size=[3, 3], padding=1, data_format=NCHW)
layer : 1 BatchNorm2D(num_features=16, momentum=0.9, epsilon=1e-05)
layer : 2 ReLU()
layer : 3 Conv2D(16, 16, kernel_size=[3, 3], padding=1, data_format=NCHW)
layer : 4 ReLU()
layer : 5 MaxPool2D(kernel_size=2, stride=2, padding=0)
layer : 6 Conv2D(16, 16, kernel_size=[3, 3], padding=1, data_format=NCHW)
layer : 7 BatchNorm2D(num_features=16, momentum=0.9, epsilon=1e-05)
layer : 8 ReLU()
layer : 9 Conv2D(16, 128, kernel_size=[3, 3], padding=1, data_format=NCHW)
layer : 10 ReLU()
layer : 11 MaxPool2D(kernel_size=2, stride=2, padding=0)
layer : 12 Conv2D(128, 16, kernel_size=[3, 3], padding=1, data_format=NCHW)
layer : 13 BatchNorm2D(num_features=16, momentum=0.9, epsilon=1e-05)
layer : 14 ReLU()
layer : 15 Conv2D(16, 16, kernel_size=[3, 3], padding=1, data_format=NCHW)
layer : 16 BatchNorm2D(num_features=16, momentum=0.9, epsilon=1e-05)
layer : 17 ReLU()
layer : 18 Conv2D(16, 256, kernel_size=[3, 3], padding=1, data_format=NCHW)
layer : 19 ReLU()
layer : 20 MaxPool2D(kernel_size=2, stride=2, padding=0)
layer : 21 Conv2D(256, 16, kernel_size=[3, 3], padding=1, data_format=NCHW)
layer : 22 BatchNorm2D(num_features=16, momentum=0.9, epsilon=1e-05)
layer : 23 ReLU()
layer : 24 Conv2D(16, 16, kernel_size=[3, 3], padding=1, data_format=NCHW)
layer : 25 BatchNorm2D(num_features=16, momentum=0.9, epsilon=1e-05)
layer : 26 ReLU()
layer : 27 Conv2D(16, 512, kernel_size=[3, 3], padding=1, data_format=NCHW)
layer : 28 ReLU()
layer : 29 MaxPool2D(kernel_size=2, stride=2, padding=0)
layer : 30 Conv2D(512, 16, kernel_size=[3, 3], padding=1, data_format=NCHW)
layer : 31 BatchNorm2D(num_features=16, momentum=0.9, epsilon=1e-05)
layer : 32 ReLU()
layer : 33 Conv2D(16, 16, kernel_size=[3, 3], padding=1, data_format=NCHW)
layer : 34 BatchNorm2D(num_features=16, momentum=0.9, epsilon=1e-05)
layer : 35 ReLU()
layer : 36 Conv2D(16, 512, kernel_size=[3, 3], padding=1, data_format=NCHW)
layer : 37 ReLU()
layer : 38 MaxPool2D(kernel_size=2, stride=2, padding=0)
[Train] epoch [0/601], loss:25.2167 class:capsule
[Train] epoch [1/601], loss:21.3163 class:capsule
[Train] epoch [2/601], loss:18.9432 class:capsule
[Train] epoch [3/601], loss:17.3315 class:capsule
[Train] epoch [4/601], loss:16.0929 class:capsule
[Train] epoch [5/601], loss:15.0682 class:capsule
[Train] epoch [6/601], loss:14.2046 class:capsule
[Train] epoch [7/601], loss:13.4576 class:capsule
[Train] epoch [8/601], loss:12.7745 class:capsule
[Train] epoch [9/601], loss:12.1667 class:capsule
[Train] epoch [10/601], loss:11.6279 class:capsule
Vanilla Backpropagation:
[Eval] capsule class RocAUC detection: 0.6203 localization: 0.8858559131622314 at epoch 10
[Eval] best detection_roc_auc at epoch 10
[Eval] best localization_roc_auc at epoch 10
[Train] epoch [11/601], loss:11.1545 class:capsule
[Train] epoch [12/601], loss:10.6407 class:capsule
[Train] epoch [13/601], loss:10.1726 class:capsule
[Train] epoch [14/601], loss:9.7600 class:capsule
[Train] epoch [15/601], loss:9.3747 class:capsule
[Train] epoch [16/601], loss:8.9927 class:capsule
[Train] epoch [17/601], loss:8.6555 class:capsule
[Train] epoch [18/601], loss:8.3277 class:capsule
[Train] epoch [19/601], loss:8.0050 class:capsule
[Train] epoch [20/601], loss:7.7023 class:capsule
Vanilla Backpropagation:
[Eval] capsule class RocAUC detection: 0.641 localization: 0.8995522856712341 at epoch 20
[Eval] best detection_roc_auc at epoch 20
[Eval] best localization_roc_auc at epoch 20
[Train] epoch [21/601], loss:7.4232 class:capsule
[Train] epoch [22/601], loss:7.1455 class:capsule
[Train] epoch [23/601], loss:6.8750 class:capsule
[Train] epoch [24/601], loss:6.6238 class:capsule
[Train] epoch [25/601], loss:6.3977 class:capsule
[Train] epoch [26/601], loss:6.1891 class:capsule
[Train] epoch [27/601], loss:5.9648 class:capsule
[Train] epoch [28/601], loss:5.7581 class:capsule
[Train] epoch [29/601], loss:5.5790 class:capsule
[Train] epoch [30/601], loss:5.3724 class:capsule
Vanilla Backpropagation:
[Eval] capsule class RocAUC detection: 0.6518 localization: 0.9123731851577759 at epoch 30
[Eval] best detection_roc_auc at epoch 30
[Eval] best localization_roc_auc at epoch 30
[Train] epoch [31/601], loss:5.1865 class:capsule
[Train] epoch [32/601], loss:5.0171 class:capsule
[Train] epoch [33/601], loss:4.8884 class:capsule
[Train] epoch [34/601], loss:4.7283 class:capsule
[Train] epoch [35/601], loss:4.6158 class:capsule
[Train] epoch [36/601], loss:4.4467 class:capsule
[Train] epoch [37/601], loss:4.3210 class:capsule
[Train] epoch [38/601], loss:4.1862 class:capsule
[Train] epoch [39/601], loss:4.0914 class:capsule
[Train] epoch [40/601], loss:3.9625 class:capsule
Vanilla Backpropagation:
[Eval] capsule class RocAUC detection: 0.6625 localization: 0.9266573190689087 at epoch 40
[Eval] best detection_roc_auc at epoch 40
[Eval] best localization_roc_auc at epoch 40
[Train] epoch [41/601], loss:3.8360 class:capsule
[Train] epoch [42/601], loss:3.7477 class:capsule
[Train] epoch [43/601], loss:3.6618 class:capsule
[Train] epoch [44/601], loss:3.5419 class:capsule
[Train] epoch [45/601], loss:3.4573 class:capsule
[Train] epoch [46/601], loss:3.3787 class:capsule
[Train] epoch [47/601], loss:3.2848 class:capsule
[Train] epoch [48/601], loss:3.2132 class:capsule
[Train] epoch [49/601], loss:3.1461 class:capsule
[Train] epoch [50/601], loss:3.0498 class:capsule
Vanilla Backpropagation:
[Eval] capsule class RocAUC detection: 0.6757 localization: 0.932585597038269 at epoch 50
[Eval] best detection_roc_auc at epoch 50
[Eval] best localization_roc_auc at epoch 50
[Train] epoch [51/601], loss:2.9889 class:capsule
[Train] epoch [52/601], loss:2.9191 class:capsule
[Train] epoch [53/601], loss:2.8476 class:capsule
[Train] epoch [54/601], loss:2.7816 class:capsule
[Train] epoch [55/601], loss:2.7243 class:capsule
[Train] epoch [56/601], loss:2.6700 class:capsule
[Train] epoch [57/601], loss:2.6128 class:capsule
[Train] epoch [58/601], loss:2.5752 class:capsule
[Train] epoch [59/601], loss:2.4901 class:capsule
[Train] epoch [60/601], loss:2.4450 class:capsule
Vanilla Backpropagation:
[Eval] capsule class RocAUC detection: 0.6837 localization: 0.937933087348938 at epoch 60
[Eval] best detection_roc_auc at epoch 60
[Eval] best localization_roc_auc at epoch 60
[Train] epoch [61/601], loss:2.3964 class:capsule
[Train] epoch [62/601], loss:2.3518 class:capsule
[Train] epoch [63/601], loss:2.3105 class:capsule
[Train] epoch [64/601], loss:2.2652 class:capsule
[Train] epoch [65/601], loss:2.2276 class:capsule
[Train] epoch [66/601], loss:2.1654 class:capsule
[Train] epoch [67/601], loss:2.1467 class:capsule
[Train] epoch [68/601], loss:2.1051 class:capsule
[Train] epoch [69/601], loss:2.0668 class:capsule
[Train] epoch [70/601], loss:2.0238 class:capsule
Vanilla Backpropagation:
[Eval] capsule class RocAUC detection: 0.6949 localization: 0.9431838989257812 at epoch 70
[Eval] best detection_roc_auc at epoch 70
[Eval] best localization_roc_auc at epoch 70
[Train] epoch [71/601], loss:1.9867 class:capsule
[Train] epoch [72/601], loss:1.9747 class:capsule
[Train] epoch [73/601], loss:1.9188 class:capsule
[Train] epoch [74/601], loss:1.9074 class:capsule
[Train] epoch [75/601], loss:1.8706 class:capsule
[Train] epoch [76/601], loss:1.8288 class:capsule
[Train] epoch [77/601], loss:1.8219 class:capsule
[Train] epoch [78/601], loss:1.7625 class:capsule
[Train] epoch [79/601], loss:1.7352 class:capsule
[Train] epoch [80/601], loss:1.7124 class:capsule
Vanilla Backpropagation:
[Eval] capsule class RocAUC detection: 0.712 localization: 0.9498939514160156 at epoch 80
[Eval] best detection_roc_auc at epoch 80
[Eval] best localization_roc_auc at epoch 80
[Train] epoch [81/601], loss:1.6964 class:capsule
[Train] epoch [82/601], loss:1.6864 class:capsule
[Train] epoch [83/601], loss:1.6543 class:capsule
[Train] epoch [84/601], loss:1.6256 class:capsule
[Train] epoch [85/601], loss:1.6056 class:capsule
[Train] epoch [86/601], loss:1.5802 class:capsule
[Train] epoch [87/601], loss:1.5581 class:capsule
[Train] epoch [88/601], loss:1.5349 class:capsule
[Train] epoch [89/601], loss:1.5100 class:capsule
[Train] epoch [90/601], loss:1.4990 class:capsule
Vanilla Backpropagation:
[Eval] capsule class RocAUC detection: 0.722 localization: 0.951073169708252 at epoch 90
[Eval] best detection_roc_auc at epoch 90
[Eval] best localization_roc_auc at epoch 90
[Train] epoch [91/601], loss:1.4681 class:capsule
[Train] epoch [92/601], loss:1.4643 class:capsule
[Train] epoch [93/601], loss:1.4391 class:capsule
[Train] epoch [94/601], loss:1.4338 class:capsule
[Train] epoch [95/601], loss:1.4235 class:capsule
[Train] epoch [96/601], loss:1.4140 class:capsule
[Train] epoch [97/601], loss:1.3780 class:capsule
[Train] epoch [98/601], loss:1.3605 class:capsule
[Train] epoch [99/601], loss:1.3545 class:capsule
[Train] epoch [100/601], loss:1.3308 class:capsule
Vanilla Backpropagation:
[Eval] capsule class RocAUC detection: 0.73 localization: 0.9511323571205139 at epoch 100
[Eval] best detection_roc_auc at epoch 100
[Eval] best localization_roc_auc at epoch 100
[Train] epoch [101/601], loss:1.3355 class:capsule
[Train] epoch [102/601], loss:1.3139 class:capsule
[Train] epoch [103/601], loss:1.2868 class:capsule
[Train] epoch [104/601], loss:1.2839 class:capsule
[Train] epoch [105/601], loss:1.2729 class:capsule
[Train] epoch [106/601], loss:1.2553 class:capsule
[Train] epoch [107/601], loss:1.2577 class:capsule
[Train] epoch [108/601], loss:1.2413 class:capsule
[Train] epoch [109/601], loss:1.2121 class:capsule
[Train] epoch [110/601], loss:1.2134 class:capsule
Vanilla Backpropagation:
[Eval] capsule class RocAUC detection: 0.732 localization: 0.9532514214515686 at epoch 110
[Eval] best detection_roc_auc at epoch 110
[Eval] best localization_roc_auc at epoch 110
[Train] epoch [111/601], loss:1.1980 class:capsule
[Train] epoch [112/601], loss:1.1988 class:capsule
[Train] epoch [113/601], loss:1.1883 class:capsule
[Train] epoch [114/601], loss:1.1770 class:capsule
[Train] epoch [115/601], loss:1.1680 class:capsule
[Train] epoch [116/601], loss:1.1701 class:capsule
[Train] epoch [117/601], loss:1.1383 class:capsule
[Train] epoch [118/601], loss:1.1455 class:capsule
[Train] epoch [119/601], loss:1.1284 class:capsule
[Train] epoch [120/601], loss:1.1104 class:capsule
Vanilla Backpropagation:
[Eval] capsule class RocAUC detection: 0.7387 localization: 0.955051064491272 at epoch 120
[Eval] best detection_roc_auc at epoch 120
[Eval] best localization_roc_auc at epoch 120
[Train] epoch [121/601], loss:1.1009 class:capsule
[Train] epoch [122/601], loss:1.0935 class:capsule
[Train] epoch [123/601], loss:1.0885 class:capsule
[Train] epoch [124/601], loss:1.0855 class:capsule
[Train] epoch [125/601], loss:1.0724 class:capsule
[Train] epoch [126/601], loss:1.0698 class:capsule
[Train] epoch [127/601], loss:1.0632 class:capsule
[Train] epoch [128/601], loss:1.0532 class:capsule
[Train] epoch [129/601], loss:1.0450 class:capsule
[Train] epoch [130/601], loss:1.0317 class:capsule
Vanilla Backpropagation:
[Eval] capsule class RocAUC detection: 0.7463 localization: 0.955502986907959 at epoch 130
[Eval] best detection_roc_auc at epoch 130
[Eval] best localization_roc_auc at epoch 130
[Train] epoch [131/601], loss:1.0247 class:capsule
[Train] epoch [132/601], loss:1.0218 class:capsule
[Train] epoch [133/601], loss:1.0176 class:capsule
[Train] epoch [134/601], loss:1.0080 class:capsule
[Train] epoch [135/601], loss:0.9945 class:capsule
[Train] epoch [136/601], loss:0.9942 class:capsule
[Train] epoch [137/601], loss:0.9938 class:capsule
[Train] epoch [138/601], loss:0.9841 class:capsule
[Train] epoch [139/601], loss:0.9768 class:capsule
[Train] epoch [140/601], loss:0.9638 class:capsule
Vanilla Backpropagation:
[Eval] capsule class RocAUC detection: 0.7539 localization: 0.9548004269599915 at epoch 140
[Eval] best detection_roc_auc at epoch 140
[Train] epoch [141/601], loss:0.9623 class:capsule
[Train] epoch [142/601], loss:0.9601 class:capsule
[Train] epoch [143/601], loss:0.9644 class:capsule
[Train] epoch [144/601], loss:0.9448 class:capsule
[Train] epoch [145/601], loss:0.9466 class:capsule
[Train] epoch [146/601], loss:0.9323 class:capsule
[Train] epoch [147/601], loss:0.9322 class:capsule
[Train] epoch [148/601], loss:0.9488 class:capsule
[Train] epoch [149/601], loss:0.9232 class:capsule
[Train] epoch [150/601], loss:0.9253 class:capsule
Vanilla Backpropagation:
[Eval] capsule class RocAUC detection: 0.7523 localization: 0.9557188153266907 at epoch 150
[Eval] best localization_roc_auc at epoch 150
[Train] epoch [151/601], loss:0.9127 class:capsule
[Train] epoch [152/601], loss:0.9058 class:capsule
[Train] epoch [153/601], loss:0.8980 class:capsule
[Train] epoch [154/601], loss:0.8905 class:capsule
[Train] epoch [155/601], loss:0.8868 class:capsule
[Train] epoch [156/601], loss:0.8818 class:capsule
[Train] epoch [157/601], loss:0.8908 class:capsule
[Train] epoch [158/601], loss:0.8795 class:capsule
[Train] epoch [159/601], loss:0.8772 class:capsule
[Train] epoch [160/601], loss:0.8734 class:capsule
Vanilla Backpropagation:
[Eval] capsule class RocAUC detection: 0.7603 localization: 0.9566046595573425 at epoch 160
[Eval] best detection_roc_auc at epoch 160
[Eval] best localization_roc_auc at epoch 160
[Train] epoch [161/601], loss:0.8755 class:capsule
[Train] epoch [162/601], loss:0.8747 class:capsule
[Train] epoch [163/601], loss:0.8625 class:capsule
[Train] epoch [164/601], loss:0.8573 class:capsule
[Train] epoch [165/601], loss:0.8524 class:capsule
[Train] epoch [166/601], loss:0.8496 class:capsule
[Train] epoch [167/601], loss:0.8454 class:capsule
[Train] epoch [168/601], loss:0.8418 class:capsule
[Train] epoch [169/601], loss:0.8372 class:capsule
[Train] epoch [170/601], loss:0.8346 class:capsule
Vanilla Backpropagation:
[Eval] capsule class RocAUC detection: 0.7603 localization: 0.9563058614730835 at epoch 170
[Train] epoch [171/601], loss:0.8351 class:capsule
[Train] epoch [172/601], loss:0.8305 class:capsule
[Train] epoch [173/601], loss:0.8132 class:capsule
[Train] epoch [174/601], loss:0.8167 class:capsule
[Train] epoch [175/601], loss:0.8114 class:capsule
[Train] epoch [176/601], loss:0.8187 class:capsule
[Train] epoch [177/601], loss:0.8175 class:capsule
[Train] epoch [178/601], loss:0.8024 class:capsule
[Train] epoch [179/601], loss:0.8145 class:capsule
[Train] epoch [180/601], loss:0.7981 class:capsule
Vanilla Backpropagation:
[Eval] capsule class RocAUC detection: 0.7627 localization: 0.956412672996521 at epoch 180
[Eval] best detection_roc_auc at epoch 180
[Train] epoch [181/601], loss:0.8012 class:capsule
[Train] epoch [182/601], loss:0.7868 class:capsule
[Train] epoch [183/601], loss:0.7919 class:capsule
[Train] epoch [184/601], loss:0.7851 class:capsule
[Train] epoch [185/601], loss:0.7898 class:capsule
[Train] epoch [186/601], loss:0.7902 class:capsule
[Train] epoch [187/601], loss:0.7903 class:capsule
[Train] epoch [188/601], loss:0.7853 class:capsule
[Train] epoch [189/601], loss:0.7711 class:capsule
[Train] epoch [190/601], loss:0.7750 class:capsule
Vanilla Backpropagation:
[Eval] capsule class RocAUC detection: 0.7679 localization: 0.9573403000831604 at epoch 190
[Eval] best detection_roc_auc at epoch 190
[Eval] best localization_roc_auc at epoch 190
[Train] epoch [191/601], loss:0.7663 class:capsule
[Train] epoch [192/601], loss:0.7613 class:capsule
[Train] epoch [193/601], loss:0.7631 class:capsule
[Train] epoch [194/601], loss:0.7671 class:capsule
[Train] epoch [195/601], loss:0.7620 class:capsule
[Train] epoch [196/601], loss:0.7581 class:capsule
[Train] epoch [197/601], loss:0.7648 class:capsule
[Train] epoch [198/601], loss:0.7445 class:capsule
[Train] epoch [199/601], loss:0.7522 class:capsule
[Train] epoch [200/601], loss:0.7526 class:capsule
Vanilla Backpropagation:
[Eval] capsule class RocAUC detection: 0.7686 localization: 0.9572958946228027 at epoch 200
[Eval] best detection_roc_auc at epoch 200
[Train] epoch [201/601], loss:0.7436 class:capsule
[Train] epoch [202/601], loss:0.7513 class:capsule
[Train] epoch [203/601], loss:0.7356 class:capsule
[Train] epoch [204/601], loss:0.7413 class:capsule
[Train] epoch [205/601], loss:0.7501 class:capsule
[Train] epoch [206/601], loss:0.7381 class:capsule
[Train] epoch [207/601], loss:0.7380 class:capsule
[Train] epoch [208/601], loss:0.7329 class:capsule
[Train] epoch [209/601], loss:0.7391 class:capsule
[Train] epoch [210/601], loss:0.7227 class:capsule
Vanilla Backpropagation:
[Eval] capsule class RocAUC detection: 0.7714 localization: 0.9567351937294006 at epoch 210
[Eval] best detection_roc_auc at epoch 210
[Train] epoch [211/601], loss:0.7269 class:capsule
[Train] epoch [212/601], loss:0.7163 class:capsule
[Train] epoch [213/601], loss:0.7178 class:capsule
[Train] epoch [214/601], loss:0.7192 class:capsule
[Train] epoch [215/601], loss:0.7197 class:capsule
[Train] epoch [216/601], loss:0.7093 class:capsule
[Train] epoch [217/601], loss:0.7107 class:capsule
[Train] epoch [218/601], loss:0.7073 class:capsule
[Train] epoch [219/601], loss:0.7102 class:capsule
[Train] epoch [220/601], loss:0.7191 class:capsule
Vanilla Backpropagation:
[Eval] capsule class RocAUC detection: 0.7746 localization: 0.9568943381309509 at epoch 220
[Eval] best detection_roc_auc at epoch 220
[Train] epoch [221/601], loss:0.7080 class:capsule
[Train] epoch [222/601], loss:0.7084 class:capsule
[Train] epoch [223/601], loss:0.7007 class:capsule
[Train] epoch [224/601], loss:0.6997 class:capsule
[Train] epoch [225/601], loss:0.7053 class:capsule
[Train] epoch [226/601], loss:0.6969 class:capsule
[Train] epoch [227/601], loss:0.7032 class:capsule
[Train] epoch [228/601], loss:0.6972 class:capsule
[Train] epoch [229/601], loss:0.6936 class:capsule
[Train] epoch [230/601], loss:0.6942 class:capsule
Vanilla Backpropagation:
[Eval] capsule class RocAUC detection: 0.7754 localization: 0.9582436680793762 at epoch 230
[Eval] best detection_roc_auc at epoch 230
[Eval] best localization_roc_auc at epoch 230
[Train] epoch [231/601], loss:0.6903 class:capsule
[Train] epoch [232/601], loss:0.6840 class:capsule
[Train] epoch [233/601], loss:0.6833 class:capsule
[Train] epoch [234/601], loss:0.6809 class:capsule
[Train] epoch [235/601], loss:0.6762 class:capsule
[Train] epoch [236/601], loss:0.6860 class:capsule
[Train] epoch [237/601], loss:0.6732 class:capsule
[Train] epoch [238/601], loss:0.6850 class:capsule
[Train] epoch [239/601], loss:0.6762 class:capsule
[Train] epoch [240/601], loss:0.6765 class:capsule
Vanilla Backpropagation:
[Eval] capsule class RocAUC detection: 0.7802 localization: 0.9586974382400513 at epoch 240
[Eval] best detection_roc_auc at epoch 240
[Eval] best localization_roc_auc at epoch 240
[Train] epoch [241/601], loss:0.6781 class:capsule
[Train] epoch [242/601], loss:0.6627 class:capsule
[Train] epoch [243/601], loss:0.6753 class:capsule
[Train] epoch [244/601], loss:0.6713 class:capsule
[Train] epoch [245/601], loss:0.6684 class:capsule
[Train] epoch [246/601], loss:0.6673 class:capsule
[Train] epoch [247/601], loss:0.6676 class:capsule
[Train] epoch [248/601], loss:0.6590 class:capsule
[Train] epoch [249/601], loss:0.6658 class:capsule
[Train] epoch [250/601], loss:0.6569 class:capsule
Vanilla Backpropagation:
[Eval] capsule class RocAUC detection: 0.7822 localization: 0.9578194618225098 at epoch 250
[Eval] best detection_roc_auc at epoch 250
[Train] epoch [251/601], loss:0.6566 class:capsule
[Train] epoch [252/601], loss:0.6632 class:capsule
[Train] epoch [253/601], loss:0.6501 class:capsule
[Train] epoch [254/601], loss:0.6545 class:capsule
[Train] epoch [255/601], loss:0.6555 class:capsule
[Train] epoch [256/601], loss:0.6509 class:capsule
[Train] epoch [257/601], loss:0.6491 class:capsule
[Train] epoch [258/601], loss:0.6484 class:capsule
[Train] epoch [259/601], loss:0.6467 class:capsule
[Train] epoch [260/601], loss:0.6470 class:capsule
Vanilla Backpropagation:
[Eval] capsule class RocAUC detection: 0.7854 localization: 0.9576175212860107 at epoch 260
[Eval] best detection_roc_auc at epoch 260
[Train] epoch [261/601], loss:0.6519 class:capsule
[Train] epoch [262/601], loss:0.6444 class:capsule
[Train] epoch [263/601], loss:0.6453 class:capsule
[Train] epoch [264/601], loss:0.6382 class:capsule
[Train] epoch [265/601], loss:0.6413 class:capsule
[Train] epoch [266/601], loss:0.6382 class:capsule
[Train] epoch [267/601], loss:0.6397 class:capsule
[Train] epoch [268/601], loss:0.6386 class:capsule
[Train] epoch [269/601], loss:0.6458 class:capsule
[Train] epoch [270/601], loss:0.6397 class:capsule
Vanilla Backpropagation:
[Eval] capsule class RocAUC detection: 0.7886 localization: 0.9577054381370544 at epoch 270
[Eval] best detection_roc_auc at epoch 270
[Train] epoch [271/601], loss:0.6407 class:capsule
[Train] epoch [272/601], loss:0.6342 class:capsule
[Train] epoch [273/601], loss:0.6295 class:capsule
[Train] epoch [274/601], loss:0.6498 class:capsule
[Train] epoch [275/601], loss:0.6360 class:capsule
[Train] epoch [276/601], loss:0.6297 class:capsule
[Train] epoch [277/601], loss:0.6278 class:capsule
[Train] epoch [278/601], loss:0.6250 class:capsule
[Train] epoch [279/601], loss:0.6224 class:capsule
[Train] epoch [280/601], loss:0.6284 class:capsule
Vanilla Backpropagation:
[Eval] capsule class RocAUC detection: 0.7866 localization: 0.9582939743995667 at epoch 280
[Train] epoch [281/601], loss:0.6195 class:capsule
[Train] epoch [282/601], loss:0.6218 class:capsule
[Train] epoch [283/601], loss:0.6256 class:capsule
[Train] epoch [284/601], loss:0.6157 class:capsule
[Train] epoch [285/601], loss:0.6208 class:capsule
[Train] epoch [286/601], loss:0.6203 class:capsule
[Train] epoch [287/601], loss:0.6162 class:capsule
[Train] epoch [288/601], loss:0.6122 class:capsule
[Train] epoch [289/601], loss:0.6212 class:capsule
[Train] epoch [290/601], loss:0.6170 class:capsule
Vanilla Backpropagation:
[Eval] capsule class RocAUC detection: 0.7918 localization: 0.9576405882835388 at epoch 290
[Eval] best detection_roc_auc at epoch 290
[Train] epoch [291/601], loss:0.6169 class:capsule
[Train] epoch [292/601], loss:0.6157 class:capsule
[Train] epoch [293/601], loss:0.6065 class:capsule
[Train] epoch [294/601], loss:0.6073 class:capsule
[Train] epoch [295/601], loss:0.6078 class:capsule
[Train] epoch [296/601], loss:0.6178 class:capsule
[Train] epoch [297/601], loss:0.6043 class:capsule
[Train] epoch [298/601], loss:0.6076 class:capsule
[Train] epoch [299/601], loss:0.6084 class:capsule
[Train] epoch [300/601], loss:0.6179 class:capsule
Vanilla Backpropagation:
[Eval] capsule class RocAUC detection: 0.7894 localization: 0.9574610590934753 at epoch 300
[Train] epoch [301/601], loss:0.6030 class:capsule
[Train] epoch [302/601], loss:0.6080 class:capsule
[Train] epoch [303/601], loss:0.5961 class:capsule
[Train] epoch [304/601], loss:0.5941 class:capsule
[Train] epoch [305/601], loss:0.5979 class:capsule
[Train] epoch [306/601], loss:0.5989 class:capsule
[Train] epoch [307/601], loss:0.5967 class:capsule
[Train] epoch [308/601], loss:0.5939 class:capsule
[Train] epoch [309/601], loss:0.5975 class:capsule
[Train] epoch [310/601], loss:0.5917 class:capsule
Vanilla Backpropagation:
[Eval] capsule class RocAUC detection: 0.7898 localization: 0.9587787389755249 at epoch 310
[Eval] best localization_roc_auc at epoch 310
[Train] epoch [311/601], loss:0.5914 class:capsule
[Train] epoch [312/601], loss:0.5958 class:capsule
[Train] epoch [313/601], loss:0.5945 class:capsule
[Train] epoch [314/601], loss:0.5947 class:capsule
[Train] epoch [315/601], loss:0.5947 class:capsule
[Train] epoch [316/601], loss:0.5919 class:capsule
[Train] epoch [317/601], loss:0.5879 class:capsule
[Train] epoch [318/601], loss:0.5954 class:capsule
[Train] epoch [319/601], loss:0.5964 class:capsule
[Train] epoch [320/601], loss:0.5867 class:capsule
Vanilla Backpropagation:
[Eval] capsule class RocAUC detection: 0.7918 localization: 0.9581065773963928 at epoch 320
[Train] epoch [321/601], loss:0.5887 class:capsule
[Train] epoch [322/601], loss:0.5846 class:capsule
[Train] epoch [323/601], loss:0.5825 class:capsule
[Train] epoch [324/601], loss:0.5859 class:capsule
[Train] epoch [325/601], loss:0.5777 class:capsule
[Train] epoch [326/601], loss:0.5799 class:capsule
[Train] epoch [327/601], loss:0.5787 class:capsule
[Train] epoch [328/601], loss:0.5814 class:capsule
[Train] epoch [329/601], loss:0.5811 class:capsule
[Train] epoch [330/601], loss:0.5763 class:capsule
Vanilla Backpropagation:
[Eval] capsule class RocAUC detection: 0.7922 localization: 0.9593023061752319 at epoch 330
[Eval] best detection_roc_auc at epoch 330
[Eval] best localization_roc_auc at epoch 330
[Train] epoch [331/601], loss:0.5762 class:capsule
[Train] epoch [332/601], loss:0.5764 class:capsule
[Train] epoch [333/601], loss:0.5856 class:capsule
[Train] epoch [334/601], loss:0.5789 class:capsule
[Train] epoch [335/601], loss:0.5712 class:capsule
[Train] epoch [336/601], loss:0.5734 class:capsule
[Train] epoch [337/601], loss:0.5634 class:capsule
[Train] epoch [338/601], loss:0.5697 class:capsule
[Train] epoch [339/601], loss:0.5705 class:capsule
[Train] epoch [340/601], loss:0.5685 class:capsule
Vanilla Backpropagation:
[Eval] capsule class RocAUC detection: 0.7954 localization: 0.9579028487205505 at epoch 340
[Eval] best detection_roc_auc at epoch 340
[Train] epoch [341/601], loss:0.5705 class:capsule
[Train] epoch [342/601], loss:0.5678 class:capsule
[Train] epoch [343/601], loss:0.5625 class:capsule
[Train] epoch [344/601], loss:0.5614 class:capsule
[Train] epoch [345/601], loss:0.5679 class:capsule
[Train] epoch [346/601], loss:0.5553 class:capsule
[Train] epoch [347/601], loss:0.5695 class:capsule
[Train] epoch [348/601], loss:0.5676 class:capsule
[Train] epoch [349/601], loss:0.5551 class:capsule
[Train] epoch [350/601], loss:0.5613 class:capsule
Vanilla Backpropagation:
[Eval] capsule class RocAUC detection: 0.7962 localization: 0.9585514068603516 at epoch 350
[Eval] best detection_roc_auc at epoch 350
[Train] epoch [351/601], loss:0.5613 class:capsule
[Train] epoch [352/601], loss:0.5630 class:capsule
[Train] epoch [353/601], loss:0.5632 class:capsule
[Train] epoch [354/601], loss:0.5576 class:capsule
[Train] epoch [355/601], loss:0.5614 class:capsule
[Train] epoch [356/601], loss:0.5556 class:capsule
[Train] epoch [357/601], loss:0.5483 class:capsule
[Train] epoch [358/601], loss:0.5505 class:capsule
[Train] epoch [359/601], loss:0.5539 class:capsule
[Train] epoch [360/601], loss:0.5526 class:capsule
Vanilla Backpropagation:
[Eval] capsule class RocAUC detection: 0.7938 localization: 0.9590941071510315 at epoch 360
[Train] epoch [361/601], loss:0.5511 class:capsule
[Train] epoch [362/601], loss:0.5623 class:capsule
[Train] epoch [363/601], loss:0.5511 class:capsule
[Train] epoch [364/601], loss:0.5495 class:capsule
[Train] epoch [365/601], loss:0.5502 class:capsule
[Train] epoch [366/601], loss:0.5510 class:capsule
[Train] epoch [367/601], loss:0.5483 class:capsule
[Train] epoch [368/601], loss:0.5577 class:capsule
[Train] epoch [369/601], loss:0.5463 class:capsule
[Train] epoch [370/601], loss:0.5503 class:capsule
Vanilla Backpropagation:
[Eval] capsule class RocAUC detection: 0.7954 localization: 0.958591639995575 at epoch 370
[Train] epoch [371/601], loss:0.5523 class:capsule
[Train] epoch [372/601], loss:0.5446 class:capsule
[Train] epoch [373/601], loss:0.5470 class:capsule
[Train] epoch [374/601], loss:0.5491 class:capsule
[Train] epoch [375/601], loss:0.5562 class:capsule
[Train] epoch [376/601], loss:0.5461 class:capsule
[Train] epoch [377/601], loss:0.5470 class:capsule
[Train] epoch [378/601], loss:0.5482 class:capsule
[Train] epoch [379/601], loss:0.5450 class:capsule
[Train] epoch [380/601], loss:0.5434 class:capsule
Vanilla Backpropagation:
[Eval] capsule class RocAUC detection: 0.7982 localization: 0.9591354131698608 at epoch 380
[Eval] best detection_roc_auc at epoch 380
[Train] epoch [381/601], loss:0.5412 class:capsule
[Train] epoch [382/601], loss:0.5422 class:capsule
[Train] epoch [383/601], loss:0.5388 class:capsule
[Train] epoch [384/601], loss:0.5320 class:capsule
[Train] epoch [385/601], loss:0.5407 class:capsule
[Train] epoch [386/601], loss:0.5563 class:capsule
[Train] epoch [387/601], loss:0.5436 class:capsule
[Train] epoch [388/601], loss:0.5475 class:capsule
[Train] epoch [389/601], loss:0.5449 class:capsule
[Train] epoch [390/601], loss:0.5465 class:capsule
Vanilla Backpropagation:
[Eval] capsule class RocAUC detection: 0.7958 localization: 0.9592291116714478 at epoch 390
[Train] epoch [391/601], loss:0.5384 class:capsule
[Train] epoch [392/601], loss:0.5391 class:capsule
[Train] epoch [393/601], loss:0.5376 class:capsule
[Train] epoch [394/601], loss:0.5350 class:capsule
[Train] epoch [395/601], loss:0.5340 class:capsule
[Train] epoch [396/601], loss:0.5293 class:capsule
[Train] epoch [397/601], loss:0.5332 class:capsule
[Train] epoch [398/601], loss:0.5348 class:capsule
[Train] epoch [399/601], loss:0.5218 class:capsule
[Train] epoch [400/601], loss:0.5363 class:capsule
Vanilla Backpropagation:
[Eval] capsule class RocAUC detection: 0.8002 localization: 0.9590345025062561 at epoch 400
[Eval] best detection_roc_auc at epoch 400
[Train] epoch [401/601], loss:0.5295 class:capsule
[Train] epoch [402/601], loss:0.5254 class:capsule
[Train] epoch [403/601], loss:0.5276 class:capsule
[Train] epoch [404/601], loss:0.5289 class:capsule
[Train] epoch [405/601], loss:0.5295 class:capsule
[Train] epoch [406/601], loss:0.5271 class:capsule
[Train] epoch [407/601], loss:0.5260 class:capsule
[Train] epoch [408/601], loss:0.5277 class:capsule
[Train] epoch [409/601], loss:0.5240 class:capsule
[Train] epoch [410/601], loss:0.5279 class:capsule
Vanilla Backpropagation:
[Eval] capsule class RocAUC detection: 0.7998 localization: 0.9591732025146484 at epoch 410
[Train] epoch [411/601], loss:0.5242 class:capsule
[Train] epoch [412/601], loss:0.5205 class:capsule
[Train] epoch [413/601], loss:0.5277 class:capsule
[Train] epoch [414/601], loss:0.5247 class:capsule
[Train] epoch [415/601], loss:0.5185 class:capsule
[Train] epoch [416/601], loss:0.5260 class:capsule
[Train] epoch [417/601], loss:0.5272 class:capsule
[Train] epoch [418/601], loss:0.5261 class:capsule
[Train] epoch [419/601], loss:0.5240 class:capsule
[Train] epoch [420/601], loss:0.5215 class:capsule
Vanilla Backpropagation:
[Eval] capsule class RocAUC detection: 0.8002 localization: 0.9596508741378784 at epoch 420
[Eval] best localization_roc_auc at epoch 420
[Train] epoch [421/601], loss:0.5179 class:capsule
[Train] epoch [422/601], loss:0.5174 class:capsule
[Train] epoch [423/601], loss:0.5239 class:capsule
[Train] epoch [424/601], loss:0.5242 class:capsule
[Train] epoch [425/601], loss:0.5164 class:capsule
[Train] epoch [426/601], loss:0.5157 class:capsule
[Train] epoch [427/601], loss:0.5126 class:capsule
[Train] epoch [428/601], loss:0.5141 class:capsule
[Train] epoch [429/601], loss:0.5235 class:capsule
[Train] epoch [430/601], loss:0.5114 class:capsule
Vanilla Backpropagation:
[Eval] capsule class RocAUC detection: 0.8018 localization: 0.959877073764801 at epoch 430
[Eval] best detection_roc_auc at epoch 430
[Eval] best localization_roc_auc at epoch 430
[Train] epoch [431/601], loss:0.5172 class:capsule
[Train] epoch [432/601], loss:0.5149 class:capsule
[Train] epoch [433/601], loss:0.5122 class:capsule
[Train] epoch [434/601], loss:0.5139 class:capsule
[Train] epoch [435/601], loss:0.5105 class:capsule
[Train] epoch [436/601], loss:0.5112 class:capsule
[Train] epoch [437/601], loss:0.5117 class:capsule
[Train] epoch [438/601], loss:0.5067 class:capsule
[Train] epoch [439/601], loss:0.5147 class:capsule
[Train] epoch [440/601], loss:0.5109 class:capsule
Vanilla Backpropagation:
[Eval] capsule class RocAUC detection: 0.801 localization: 0.9598958492279053 at epoch 440
[Eval] best localization_roc_auc at epoch 440
[Train] epoch [441/601], loss:0.5208 class:capsule
[Train] epoch [442/601], loss:0.5133 class:capsule
[Train] epoch [443/601], loss:0.5116 class:capsule
[Train] epoch [444/601], loss:0.5107 class:capsule
[Train] epoch [445/601], loss:0.5128 class:capsule
[Train] epoch [446/601], loss:0.5053 class:capsule
[Train] epoch [447/601], loss:0.5057 class:capsule
[Train] epoch [448/601], loss:0.5049 class:capsule
[Train] epoch [449/601], loss:0.5063 class:capsule
[Train] epoch [450/601], loss:0.5049 class:capsule
Vanilla Backpropagation:
[Eval] capsule class RocAUC detection: 0.7998 localization: 0.9599129557609558 at epoch 450
[Eval] best localization_roc_auc at epoch 450
[Train] epoch [451/601], loss:0.5012 class:capsule
[Train] epoch [452/601], loss:0.5035 class:capsule
[Train] epoch [453/601], loss:0.5034 class:capsule
[Train] epoch [454/601], loss:0.5094 class:capsule
[Train] epoch [455/601], loss:0.5064 class:capsule
[Train] epoch [456/601], loss:0.5047 class:capsule
[Train] epoch [457/601], loss:0.5018 class:capsule
[Train] epoch [458/601], loss:0.5028 class:capsule
[Train] epoch [459/601], loss:0.5105 class:capsule
[Train] epoch [460/601], loss:0.5043 class:capsule
Vanilla Backpropagation:
[Eval] capsule class RocAUC detection: 0.801 localization: 0.9600611329078674 at epoch 460
[Eval] best localization_roc_auc at epoch 460
[Train] epoch [461/601], loss:0.5035 class:capsule
[Train] epoch [462/601], loss:0.5027 class:capsule
[Train] epoch [463/601], loss:0.5025 class:capsule
[Train] epoch [464/601], loss:0.4950 class:capsule
[Train] epoch [465/601], loss:0.4954 class:capsule
[Train] epoch [466/601], loss:0.4969 class:capsule
[Train] epoch [467/601], loss:0.4955 class:capsule
[Train] epoch [468/601], loss:0.4973 class:capsule
[Train] epoch [469/601], loss:0.4999 class:capsule
[Train] epoch [470/601], loss:0.4958 class:capsule
Vanilla Backpropagation:
[Eval] capsule class RocAUC detection: 0.8045 localization: 0.9597114324569702 at epoch 470
[Eval] best detection_roc_auc at epoch 470
[Train] epoch [471/601], loss:0.4960 class:capsule
[Train] epoch [472/601], loss:0.4994 class:capsule
[Train] epoch [473/601], loss:0.5013 class:capsule
[Train] epoch [474/601], loss:0.4920 class:capsule
[Train] epoch [475/601], loss:0.4997 class:capsule
[Train] epoch [476/601], loss:0.4971 class:capsule
[Train] epoch [477/601], loss:0.4927 class:capsule
[Train] epoch [478/601], loss:0.4941 class:capsule
[Train] epoch [479/601], loss:0.4933 class:capsule
[Train] epoch [480/601], loss:0.4976 class:capsule
Vanilla Backpropagation:
[Eval] capsule class RocAUC detection: 0.8022 localization: 0.9600625038146973 at epoch 480
[Eval] best localization_roc_auc at epoch 480
[Train] epoch [481/601], loss:0.4902 class:capsule
[Train] epoch [482/601], loss:0.4907 class:capsule
[Train] epoch [483/601], loss:0.4940 class:capsule
[Train] epoch [484/601], loss:0.5007 class:capsule
[Train] epoch [485/601], loss:0.4876 class:capsule
[Train] epoch [486/601], loss:0.4903 class:capsule
[Train] epoch [487/601], loss:0.4892 class:capsule
[Train] epoch [488/601], loss:0.4927 class:capsule
[Train] epoch [489/601], loss:0.4965 class:capsule
[Train] epoch [490/601], loss:0.4963 class:capsule
Vanilla Backpropagation:
[Eval] capsule class RocAUC detection: 0.8034 localization: 0.9609078168869019 at epoch 490
[Eval] best localization_roc_auc at epoch 490
[Train] epoch [491/601], loss:0.4930 class:capsule
[Train] epoch [492/601], loss:0.4863 class:capsule
[Train] epoch [493/601], loss:0.4908 class:capsule
[Train] epoch [494/601], loss:0.4914 class:capsule
[Train] epoch [495/601], loss:0.4885 class:capsule
[Train] epoch [496/601], loss:0.4905 class:capsule
[Train] epoch [497/601], loss:0.4804 class:capsule
[Train] epoch [498/601], loss:0.4897 class:capsule
[Train] epoch [499/601], loss:0.4842 class:capsule
[Train] epoch [500/601], loss:0.4804 class:capsule
Vanilla Backpropagation:
[Eval] capsule class RocAUC detection: 0.8109 localization: 0.9594531655311584 at epoch 500
[Eval] best detection_roc_auc at epoch 500
[Train] epoch [501/601], loss:0.4829 class:capsule
[Train] epoch [502/601], loss:0.4816 class:capsule
[Train] epoch [503/601], loss:0.4805 class:capsule
[Train] epoch [504/601], loss:0.4851 class:capsule
[Train] epoch [505/601], loss:0.4906 class:capsule
[Train] epoch [506/601], loss:0.4849 class:capsule
[Train] epoch [507/601], loss:0.4817 class:capsule
[Train] epoch [508/601], loss:0.4853 class:capsule
[Train] epoch [509/601], loss:0.4778 class:capsule
[Train] epoch [510/601], loss:0.4811 class:capsule
Vanilla Backpropagation:
[Eval] capsule class RocAUC detection: 0.8065 localization: 0.9608651995658875 at epoch 510
[Train] epoch [511/601], loss:0.4813 class:capsule
[Train] epoch [512/601], loss:0.4787 class:capsule
[Train] epoch [513/601], loss:0.4762 class:capsule
[Train] epoch [514/601], loss:0.4802 class:capsule
[Train] epoch [515/601], loss:0.4767 class:capsule
[Train] epoch [516/601], loss:0.4778 class:capsule
[Train] epoch [517/601], loss:0.4755 class:capsule
[Train] epoch [518/601], loss:0.4852 class:capsule
[Train] epoch [519/601], loss:0.4750 class:capsule
[Train] epoch [520/601], loss:0.4746 class:capsule
Vanilla Backpropagation:
[Eval] capsule class RocAUC detection: 0.8081 localization: 0.9605506658554077 at epoch 520
[Train] epoch [521/601], loss:0.4838 class:capsule
[Train] epoch [522/601], loss:0.4804 class:capsule
[Train] epoch [523/601], loss:0.4794 class:capsule
[Train] epoch [524/601], loss:0.4808 class:capsule
[Train] epoch [525/601], loss:0.4764 class:capsule
[Train] epoch [526/601], loss:0.4759 class:capsule
[Train] epoch [527/601], loss:0.4797 class:capsule
[Train] epoch [528/601], loss:0.4844 class:capsule
[Train] epoch [529/601], loss:0.4782 class:capsule
[Train] epoch [530/601], loss:0.4737 class:capsule
Vanilla Backpropagation:
[Eval] capsule class RocAUC detection: 0.8121 localization: 0.9596208333969116 at epoch 530
[Eval] best detection_roc_auc at epoch 530
[Train] epoch [531/601], loss:0.4813 class:capsule
[Train] epoch [532/601], loss:0.4846 class:capsule
[Train] epoch [533/601], loss:0.4801 class:capsule
[Train] epoch [534/601], loss:0.4791 class:capsule
[Train] epoch [535/601], loss:0.4737 class:capsule
[Train] epoch [536/601], loss:0.4744 class:capsule
[Train] epoch [537/601], loss:0.4765 class:capsule
[Train] epoch [538/601], loss:0.4864 class:capsule
[Train] epoch [539/601], loss:0.4711 class:capsule
[Train] epoch [540/601], loss:0.4759 class:capsule
Vanilla Backpropagation:
[Eval] capsule class RocAUC detection: 0.8069 localization: 0.959794282913208 at epoch 540
[Train] epoch [541/601], loss:0.4703 class:capsule
[Train] epoch [542/601], loss:0.4680 class:capsule
[Train] epoch [543/601], loss:0.4723 class:capsule
[Train] epoch [544/601], loss:0.4697 class:capsule
[Train] epoch [545/601], loss:0.4694 class:capsule
[Train] epoch [546/601], loss:0.4704 class:capsule
[Train] epoch [547/601], loss:0.4696 class:capsule
[Train] epoch [548/601], loss:0.4623 class:capsule
[Train] epoch [549/601], loss:0.4661 class:capsule
[Train] epoch [550/601], loss:0.4696 class:capsule
Vanilla Backpropagation:
[Eval] capsule class RocAUC detection: 0.8093 localization: 0.9604105353355408 at epoch 550
[Train] epoch [551/601], loss:0.4650 class:capsule
[Train] epoch [552/601], loss:0.4660 class:capsule
[Train] epoch [553/601], loss:0.4655 class:capsule
[Train] epoch [554/601], loss:0.4643 class:capsule
[Train] epoch [555/601], loss:0.4695 class:capsule
[Train] epoch [556/601], loss:0.4653 class:capsule
[Train] epoch [557/601], loss:0.4650 class:capsule
[Train] epoch [558/601], loss:0.4669 class:capsule
[Train] epoch [559/601], loss:0.4648 class:capsule
[Train] epoch [560/601], loss:0.4646 class:capsule
Vanilla Backpropagation:
[Eval] capsule class RocAUC detection: 0.8113 localization: 0.9606778621673584 at epoch 560
[Train] epoch [561/601], loss:0.4638 class:capsule
[Train] epoch [562/601], loss:0.4682 class:capsule
[Train] epoch [563/601], loss:0.4686 class:capsule
[Train] epoch [564/601], loss:0.4617 class:capsule
[Train] epoch [565/601], loss:0.4637 class:capsule
[Train] epoch [566/601], loss:0.4674 class:capsule
[Train] epoch [567/601], loss:0.4586 class:capsule
[Train] epoch [568/601], loss:0.4655 class:capsule
[Train] epoch [569/601], loss:0.4712 class:capsule
[Train] epoch [570/601], loss:0.4679 class:capsule
Vanilla Backpropagation:
[Eval] capsule class RocAUC detection: 0.8073 localization: 0.9605986475944519 at epoch 570
[Train] epoch [571/601], loss:0.4604 class:capsule
[Train] epoch [572/601], loss:0.4631 class:capsule
[Train] epoch [573/601], loss:0.4594 class:capsule
[Train] epoch [574/601], loss:0.4612 class:capsule
[Train] epoch [575/601], loss:0.4599 class:capsule
[Train] epoch [576/601], loss:0.4633 class:capsule
[Train] epoch [577/601], loss:0.4709 class:capsule
[Train] epoch [578/601], loss:0.4630 class:capsule
[Train] epoch [579/601], loss:0.4607 class:capsule
[Train] epoch [580/601], loss:0.4644 class:capsule
Vanilla Backpropagation:
[Eval] capsule class RocAUC detection: 0.8057 localization: 0.9609346389770508 at epoch 580
[Eval] best localization_roc_auc at epoch 580
[Train] epoch [581/601], loss:0.4588 class:capsule
[Train] epoch [582/601], loss:0.4608 class:capsule
[Train] epoch [583/601], loss:0.4572 class:capsule
[Train] epoch [584/601], loss:0.4540 class:capsule
[Train] epoch [585/601], loss:0.4565 class:capsule
[Train] epoch [586/601], loss:0.4632 class:capsule
[Train] epoch [587/601], loss:0.4628 class:capsule
[Train] epoch [588/601], loss:0.4571 class:capsule
[Train] epoch [589/601], loss:0.4599 class:capsule
[Train] epoch [590/601], loss:0.4575 class:capsule
Vanilla Backpropagation:
[Eval] capsule class RocAUC detection: 0.8109 localization: 0.9611702561378479 at epoch 590
[Eval] best localization_roc_auc at epoch 590
[Train] epoch [591/601], loss:0.4617 class:capsule
[Train] epoch [592/601], loss:0.4555 class:capsule
[Train] epoch [593/601], loss:0.4601 class:capsule
[Train] epoch [594/601], loss:0.4609 class:capsule
[Train] epoch [595/601], loss:0.4589 class:capsule
[Train] epoch [596/601], loss:0.4520 class:capsule
[Train] epoch [597/601], loss:0.4539 class:capsule
[Train] epoch [598/601], loss:0.4568 class:capsule
[Train] epoch [599/601], loss:0.4541 class:capsule
[Train] epoch [600/601], loss:0.4537 class:capsule
Vanilla Backpropagation:
[Eval] capsule class RocAUC detection: 0.8093 localization: 0.9612089395523071 at epoch 600
[Eval] best localization_roc_auc at epoch 600
[Train] epoch [601/601], loss:0.4502 class:capsule
Vanilla Backpropagation:
[Eval] capsule class RocAUC detection: 0.8117 localization: 0.961184561252594 at epoch 601
