Loading pretrained model from ./vgg16.pdparams
There are 32/32 variables loaded into VGG.
layer : 0 Conv2D(3, 16, kernel_size=[3, 3], padding=1, data_format=NCHW)
layer : 1 BatchNorm2D(num_features=16, momentum=0.9, epsilon=1e-05)
layer : 2 ReLU()
layer : 3 Conv2D(16, 16, kernel_size=[3, 3], padding=1, data_format=NCHW)
layer : 4 ReLU()
layer : 5 MaxPool2D(kernel_size=2, stride=2, padding=0)
layer : 6 Conv2D(16, 16, kernel_size=[3, 3], padding=1, data_format=NCHW)
layer : 7 BatchNorm2D(num_features=16, momentum=0.9, epsilon=1e-05)
layer : 8 ReLU()
layer : 9 Conv2D(16, 128, kernel_size=[3, 3], padding=1, data_format=NCHW)
layer : 10 ReLU()
layer : 11 MaxPool2D(kernel_size=2, stride=2, padding=0)
layer : 12 Conv2D(128, 16, kernel_size=[3, 3], padding=1, data_format=NCHW)
layer : 13 BatchNorm2D(num_features=16, momentum=0.9, epsilon=1e-05)
layer : 14 ReLU()
layer : 15 Conv2D(16, 16, kernel_size=[3, 3], padding=1, data_format=NCHW)
layer : 16 BatchNorm2D(num_features=16, momentum=0.9, epsilon=1e-05)
layer : 17 ReLU()
layer : 18 Conv2D(16, 256, kernel_size=[3, 3], padding=1, data_format=NCHW)
layer : 19 ReLU()
layer : 20 MaxPool2D(kernel_size=2, stride=2, padding=0)
layer : 21 Conv2D(256, 16, kernel_size=[3, 3], padding=1, data_format=NCHW)
layer : 22 BatchNorm2D(num_features=16, momentum=0.9, epsilon=1e-05)
layer : 23 ReLU()
layer : 24 Conv2D(16, 16, kernel_size=[3, 3], padding=1, data_format=NCHW)
layer : 25 BatchNorm2D(num_features=16, momentum=0.9, epsilon=1e-05)
layer : 26 ReLU()
layer : 27 Conv2D(16, 512, kernel_size=[3, 3], padding=1, data_format=NCHW)
layer : 28 ReLU()
layer : 29 MaxPool2D(kernel_size=2, stride=2, padding=0)
layer : 30 Conv2D(512, 16, kernel_size=[3, 3], padding=1, data_format=NCHW)
layer : 31 BatchNorm2D(num_features=16, momentum=0.9, epsilon=1e-05)
layer : 32 ReLU()
layer : 33 Conv2D(16, 16, kernel_size=[3, 3], padding=1, data_format=NCHW)
layer : 34 BatchNorm2D(num_features=16, momentum=0.9, epsilon=1e-05)
layer : 35 ReLU()
layer : 36 Conv2D(16, 512, kernel_size=[3, 3], padding=1, data_format=NCHW)
layer : 37 ReLU()
layer : 38 MaxPool2D(kernel_size=2, stride=2, padding=0)
[Train] epoch [0/601], loss:33.5841 class:hazelnut
[Train] epoch [1/601], loss:26.5618 class:hazelnut
[Train] epoch [2/601], loss:23.3309 class:hazelnut
[Train] epoch [3/601], loss:21.1416 class:hazelnut
[Train] epoch [4/601], loss:19.5307 class:hazelnut
[Train] epoch [5/601], loss:17.7648 class:hazelnut
[Train] epoch [6/601], loss:16.6798 class:hazelnut
[Train] epoch [7/601], loss:15.5490 class:hazelnut
[Train] epoch [8/601], loss:14.7576 class:hazelnut
[Train] epoch [9/601], loss:14.2822 class:hazelnut
[Train] epoch [10/601], loss:13.5456 class:hazelnut
Vanilla Backpropagation:
[Eval] hazelnut class RocAUC detection: 0.9482 localization: 0.9332119822502136 at epoch 10
[Eval] best detection_roc_auc at epoch 10
[Eval] best localization_roc_auc at epoch 10
[Train] epoch [11/601], loss:13.4127 class:hazelnut
[Train] epoch [12/601], loss:12.9259 class:hazelnut
[Train] epoch [13/601], loss:12.3820 class:hazelnut
[Train] epoch [14/601], loss:11.8639 class:hazelnut
[Train] epoch [15/601], loss:11.5250 class:hazelnut
[Train] epoch [16/601], loss:11.1292 class:hazelnut
[Train] epoch [17/601], loss:10.8768 class:hazelnut
[Train] epoch [18/601], loss:10.6453 class:hazelnut
[Train] epoch [19/601], loss:10.2267 class:hazelnut
[Train] epoch [20/601], loss:10.0944 class:hazelnut
Vanilla Backpropagation:
[Eval] hazelnut class RocAUC detection: 0.9564 localization: 0.933905839920044 at epoch 20
[Eval] best detection_roc_auc at epoch 20
[Eval] best localization_roc_auc at epoch 20
[Train] epoch [21/601], loss:9.9624 class:hazelnut
[Train] epoch [22/601], loss:9.7184 class:hazelnut
[Train] epoch [23/601], loss:9.4901 class:hazelnut
[Train] epoch [24/601], loss:9.2108 class:hazelnut
[Train] epoch [25/601], loss:9.0593 class:hazelnut
[Train] epoch [26/601], loss:8.7394 class:hazelnut
[Train] epoch [27/601], loss:8.6235 class:hazelnut
[Train] epoch [28/601], loss:8.5277 class:hazelnut
[Train] epoch [29/601], loss:8.3013 class:hazelnut
[Train] epoch [30/601], loss:8.1260 class:hazelnut
Vanilla Backpropagation:
[Eval] hazelnut class RocAUC detection: 0.965 localization: 0.9400898814201355 at epoch 30
[Eval] best detection_roc_auc at epoch 30
[Eval] best localization_roc_auc at epoch 30
[Train] epoch [31/601], loss:8.3262 class:hazelnut
[Train] epoch [32/601], loss:8.0279 class:hazelnut
[Train] epoch [33/601], loss:7.8383 class:hazelnut
[Train] epoch [34/601], loss:7.6932 class:hazelnut
[Train] epoch [35/601], loss:7.6171 class:hazelnut
[Train] epoch [36/601], loss:7.4748 class:hazelnut
[Train] epoch [37/601], loss:7.4729 class:hazelnut
[Train] epoch [38/601], loss:7.2935 class:hazelnut
[Train] epoch [39/601], loss:7.2827 class:hazelnut
[Train] epoch [40/601], loss:7.2147 class:hazelnut
Vanilla Backpropagation:
[Eval] hazelnut class RocAUC detection: 0.9682 localization: 0.9389013648033142 at epoch 40
[Eval] best detection_roc_auc at epoch 40
[Train] epoch [41/601], loss:7.2403 class:hazelnut
[Train] epoch [42/601], loss:7.0986 class:hazelnut
[Train] epoch [43/601], loss:6.9747 class:hazelnut
[Train] epoch [44/601], loss:6.9214 class:hazelnut
[Train] epoch [45/601], loss:6.7675 class:hazelnut
[Train] epoch [46/601], loss:6.6885 class:hazelnut
[Train] epoch [47/601], loss:6.6042 class:hazelnut
[Train] epoch [48/601], loss:6.6912 class:hazelnut
[Train] epoch [49/601], loss:6.5374 class:hazelnut
[Train] epoch [50/601], loss:6.4340 class:hazelnut
Vanilla Backpropagation:
[Eval] hazelnut class RocAUC detection: 0.9732 localization: 0.9405885338783264 at epoch 50
[Eval] best detection_roc_auc at epoch 50
[Eval] best localization_roc_auc at epoch 50
[Train] epoch [51/601], loss:6.6356 class:hazelnut
[Train] epoch [52/601], loss:6.4277 class:hazelnut
[Train] epoch [53/601], loss:6.3771 class:hazelnut
[Train] epoch [54/601], loss:6.2281 class:hazelnut
[Train] epoch [55/601], loss:6.2966 class:hazelnut
[Train] epoch [56/601], loss:6.1634 class:hazelnut
[Train] epoch [57/601], loss:6.1626 class:hazelnut
[Train] epoch [58/601], loss:6.1510 class:hazelnut
[Train] epoch [59/601], loss:6.0552 class:hazelnut
[Train] epoch [60/601], loss:5.9278 class:hazelnut
Vanilla Backpropagation:
[Eval] hazelnut class RocAUC detection: 0.9739 localization: 0.9413302540779114 at epoch 60
[Eval] best detection_roc_auc at epoch 60
[Eval] best localization_roc_auc at epoch 60
[Train] epoch [61/601], loss:6.1246 class:hazelnut
[Train] epoch [62/601], loss:6.1470 class:hazelnut
[Train] epoch [63/601], loss:5.9151 class:hazelnut
[Train] epoch [64/601], loss:5.8826 class:hazelnut
[Train] epoch [65/601], loss:5.7899 class:hazelnut
[Train] epoch [66/601], loss:5.7118 class:hazelnut
[Train] epoch [67/601], loss:5.6627 class:hazelnut
[Train] epoch [68/601], loss:5.7053 class:hazelnut
[Train] epoch [69/601], loss:5.5954 class:hazelnut
[Train] epoch [70/601], loss:5.6139 class:hazelnut
Vanilla Backpropagation:
[Eval] hazelnut class RocAUC detection: 0.9779 localization: 0.9377360939979553 at epoch 70
[Eval] best detection_roc_auc at epoch 70
[Train] epoch [71/601], loss:5.9612 class:hazelnut
[Train] epoch [72/601], loss:5.9169 class:hazelnut
[Train] epoch [73/601], loss:5.7273 class:hazelnut
[Train] epoch [74/601], loss:5.6753 class:hazelnut
[Train] epoch [75/601], loss:5.5104 class:hazelnut
[Train] epoch [76/601], loss:5.4201 class:hazelnut
[Train] epoch [77/601], loss:5.4398 class:hazelnut
[Train] epoch [78/601], loss:5.4008 class:hazelnut
[Train] epoch [79/601], loss:5.3300 class:hazelnut
[Train] epoch [80/601], loss:5.3871 class:hazelnut
Vanilla Backpropagation:
[Eval] hazelnut class RocAUC detection: 0.9761 localization: 0.9390741586685181 at epoch 80
[Train] epoch [81/601], loss:5.5149 class:hazelnut
[Train] epoch [82/601], loss:5.6238 class:hazelnut
[Train] epoch [83/601], loss:5.2563 class:hazelnut
[Train] epoch [84/601], loss:5.2877 class:hazelnut
[Train] epoch [85/601], loss:5.2301 class:hazelnut
[Train] epoch [86/601], loss:5.2375 class:hazelnut
[Train] epoch [87/601], loss:5.2769 class:hazelnut
[Train] epoch [88/601], loss:5.2055 class:hazelnut
[Train] epoch [89/601], loss:5.1596 class:hazelnut
[Train] epoch [90/601], loss:5.1484 class:hazelnut
Vanilla Backpropagation:
[Eval] hazelnut class RocAUC detection: 0.9793 localization: 0.9415532350540161 at epoch 90
[Eval] best detection_roc_auc at epoch 90
[Eval] best localization_roc_auc at epoch 90
[Train] epoch [91/601], loss:5.3666 class:hazelnut
[Train] epoch [92/601], loss:5.4097 class:hazelnut
[Train] epoch [93/601], loss:5.1934 class:hazelnut
[Train] epoch [94/601], loss:5.1467 class:hazelnut
[Train] epoch [95/601], loss:5.0943 class:hazelnut
[Train] epoch [96/601], loss:5.0544 class:hazelnut
[Train] epoch [97/601], loss:4.9952 class:hazelnut
[Train] epoch [98/601], loss:5.0208 class:hazelnut
[Train] epoch [99/601], loss:4.9517 class:hazelnut
[Train] epoch [100/601], loss:4.8607 class:hazelnut
Vanilla Backpropagation:
[Eval] hazelnut class RocAUC detection: 0.9825 localization: 0.9417850375175476 at epoch 100
[Eval] best detection_roc_auc at epoch 100
[Eval] best localization_roc_auc at epoch 100
[Train] epoch [101/601], loss:5.1311 class:hazelnut
[Train] epoch [102/601], loss:5.1884 class:hazelnut
[Train] epoch [103/601], loss:4.9835 class:hazelnut
[Train] epoch [104/601], loss:5.0082 class:hazelnut
[Train] epoch [105/601], loss:4.8635 class:hazelnut
[Train] epoch [106/601], loss:4.9091 class:hazelnut
[Train] epoch [107/601], loss:4.8141 class:hazelnut
[Train] epoch [108/601], loss:4.8460 class:hazelnut
[Train] epoch [109/601], loss:4.7151 class:hazelnut
[Train] epoch [110/601], loss:4.7773 class:hazelnut
Vanilla Backpropagation:
[Eval] hazelnut class RocAUC detection: 0.9796 localization: 0.9416238069534302 at epoch 110
[Train] epoch [111/601], loss:4.8663 class:hazelnut
[Train] epoch [112/601], loss:4.8601 class:hazelnut
[Train] epoch [113/601], loss:4.7910 class:hazelnut
[Train] epoch [114/601], loss:4.7110 class:hazelnut
[Train] epoch [115/601], loss:4.7423 class:hazelnut
[Train] epoch [116/601], loss:4.6769 class:hazelnut
[Train] epoch [117/601], loss:4.6590 class:hazelnut
[Train] epoch [118/601], loss:4.7245 class:hazelnut
[Train] epoch [119/601], loss:4.7385 class:hazelnut
[Train] epoch [120/601], loss:4.6420 class:hazelnut
Vanilla Backpropagation:
[Eval] hazelnut class RocAUC detection: 0.9786 localization: 0.942781925201416 at epoch 120
[Eval] best localization_roc_auc at epoch 120
[Train] epoch [121/601], loss:4.7448 class:hazelnut
[Train] epoch [122/601], loss:4.8453 class:hazelnut
[Train] epoch [123/601], loss:4.7054 class:hazelnut
[Train] epoch [124/601], loss:4.7573 class:hazelnut
[Train] epoch [125/601], loss:4.6340 class:hazelnut
[Train] epoch [126/601], loss:4.5656 class:hazelnut
[Train] epoch [127/601], loss:4.5844 class:hazelnut
[Train] epoch [128/601], loss:4.5325 class:hazelnut
[Train] epoch [129/601], loss:4.5434 class:hazelnut
[Train] epoch [130/601], loss:4.5216 class:hazelnut
Vanilla Backpropagation:
[Eval] hazelnut class RocAUC detection: 0.9825 localization: 0.9413802027702332 at epoch 130
[Train] epoch [131/601], loss:4.7067 class:hazelnut
[Train] epoch [132/601], loss:4.5943 class:hazelnut
[Train] epoch [133/601], loss:4.5515 class:hazelnut
[Train] epoch [134/601], loss:4.4976 class:hazelnut
[Train] epoch [135/601], loss:4.4773 class:hazelnut
[Train] epoch [136/601], loss:4.4746 class:hazelnut
[Train] epoch [137/601], loss:4.4063 class:hazelnut
[Train] epoch [138/601], loss:4.3976 class:hazelnut
[Train] epoch [139/601], loss:4.3547 class:hazelnut
[Train] epoch [140/601], loss:4.4136 class:hazelnut
Vanilla Backpropagation:
[Eval] hazelnut class RocAUC detection: 0.9825 localization: 0.941795825958252 at epoch 140
[Train] epoch [141/601], loss:4.5508 class:hazelnut
[Train] epoch [142/601], loss:4.5103 class:hazelnut
[Train] epoch [143/601], loss:4.5260 class:hazelnut
[Train] epoch [144/601], loss:4.4758 class:hazelnut
[Train] epoch [145/601], loss:4.3645 class:hazelnut
[Train] epoch [146/601], loss:4.4243 class:hazelnut
[Train] epoch [147/601], loss:4.3945 class:hazelnut
[Train] epoch [148/601], loss:4.3390 class:hazelnut
[Train] epoch [149/601], loss:4.3658 class:hazelnut
[Train] epoch [150/601], loss:4.2950 class:hazelnut
Vanilla Backpropagation:
[Eval] hazelnut class RocAUC detection: 0.9832 localization: 0.9429736733436584 at epoch 150
[Eval] best detection_roc_auc at epoch 150
[Eval] best localization_roc_auc at epoch 150
[Train] epoch [151/601], loss:4.6762 class:hazelnut
[Train] epoch [152/601], loss:4.6356 class:hazelnut
[Train] epoch [153/601], loss:4.4746 class:hazelnut
[Train] epoch [154/601], loss:4.4428 class:hazelnut
[Train] epoch [155/601], loss:4.3114 class:hazelnut
[Train] epoch [156/601], loss:4.3793 class:hazelnut
[Train] epoch [157/601], loss:4.3006 class:hazelnut
[Train] epoch [158/601], loss:4.3822 class:hazelnut
[Train] epoch [159/601], loss:4.2582 class:hazelnut
[Train] epoch [160/601], loss:4.2588 class:hazelnut
Vanilla Backpropagation:
[Eval] hazelnut class RocAUC detection: 0.9814 localization: 0.9403550028800964 at epoch 160
[Train] epoch [161/601], loss:4.4793 class:hazelnut
[Train] epoch [162/601], loss:4.4979 class:hazelnut
[Train] epoch [163/601], loss:4.3594 class:hazelnut
[Train] epoch [164/601], loss:4.2694 class:hazelnut
[Train] epoch [165/601], loss:4.2812 class:hazelnut
[Train] epoch [166/601], loss:4.2178 class:hazelnut
[Train] epoch [167/601], loss:4.2848 class:hazelnut
[Train] epoch [168/601], loss:4.2058 class:hazelnut
[Train] epoch [169/601], loss:4.2564 class:hazelnut
[Train] epoch [170/601], loss:4.1666 class:hazelnut
Vanilla Backpropagation:
[Eval] hazelnut class RocAUC detection: 0.9861 localization: 0.942780613899231 at epoch 170
[Eval] best detection_roc_auc at epoch 170
[Train] epoch [171/601], loss:4.2987 class:hazelnut
[Train] epoch [172/601], loss:4.3135 class:hazelnut
[Train] epoch [173/601], loss:4.2536 class:hazelnut
[Train] epoch [174/601], loss:4.1923 class:hazelnut
[Train] epoch [175/601], loss:4.1403 class:hazelnut
[Train] epoch [176/601], loss:4.0849 class:hazelnut
[Train] epoch [177/601], loss:4.0964 class:hazelnut
[Train] epoch [178/601], loss:4.1123 class:hazelnut
[Train] epoch [179/601], loss:4.1252 class:hazelnut
[Train] epoch [180/601], loss:4.1254 class:hazelnut
Vanilla Backpropagation:
[Eval] hazelnut class RocAUC detection: 0.9864 localization: 0.9420335292816162 at epoch 180
[Eval] best detection_roc_auc at epoch 180
[Train] epoch [181/601], loss:4.2323 class:hazelnut
[Train] epoch [182/601], loss:4.2968 class:hazelnut
[Train] epoch [183/601], loss:4.1535 class:hazelnut
[Train] epoch [184/601], loss:4.2258 class:hazelnut
[Train] epoch [185/601], loss:4.1866 class:hazelnut
[Train] epoch [186/601], loss:4.0340 class:hazelnut
[Train] epoch [187/601], loss:4.0583 class:hazelnut
[Train] epoch [188/601], loss:4.0184 class:hazelnut
[Train] epoch [189/601], loss:4.0272 class:hazelnut
[Train] epoch [190/601], loss:4.0737 class:hazelnut
Vanilla Backpropagation:
[Eval] hazelnut class RocAUC detection: 0.985 localization: 0.9415716528892517 at epoch 190
[Train] epoch [191/601], loss:4.2070 class:hazelnut
[Train] epoch [192/601], loss:4.1054 class:hazelnut
[Train] epoch [193/601], loss:4.1237 class:hazelnut
[Train] epoch [194/601], loss:4.0613 class:hazelnut
[Train] epoch [195/601], loss:4.1206 class:hazelnut
[Train] epoch [196/601], loss:3.9766 class:hazelnut
[Train] epoch [197/601], loss:4.0415 class:hazelnut
[Train] epoch [198/601], loss:4.0505 class:hazelnut
[Train] epoch [199/601], loss:4.0927 class:hazelnut
[Train] epoch [200/601], loss:4.0007 class:hazelnut
Vanilla Backpropagation:
[Eval] hazelnut class RocAUC detection: 0.9875 localization: 0.9413148164749146 at epoch 200
[Eval] best detection_roc_auc at epoch 200
[Train] epoch [201/601], loss:4.4066 class:hazelnut
[Train] epoch [202/601], loss:4.2964 class:hazelnut
[Train] epoch [203/601], loss:4.1096 class:hazelnut
[Train] epoch [204/601], loss:3.9969 class:hazelnut
[Train] epoch [205/601], loss:4.0022 class:hazelnut
[Train] epoch [206/601], loss:4.0046 class:hazelnut
[Train] epoch [207/601], loss:3.9067 class:hazelnut
[Train] epoch [208/601], loss:3.9361 class:hazelnut
[Train] epoch [209/601], loss:3.8906 class:hazelnut
[Train] epoch [210/601], loss:3.9542 class:hazelnut
Vanilla Backpropagation:
[Eval] hazelnut class RocAUC detection: 0.9846 localization: 0.9403069019317627 at epoch 210
[Train] epoch [211/601], loss:4.0877 class:hazelnut
[Train] epoch [212/601], loss:4.0046 class:hazelnut
[Train] epoch [213/601], loss:3.9342 class:hazelnut
[Train] epoch [214/601], loss:3.9486 class:hazelnut
[Train] epoch [215/601], loss:3.9590 class:hazelnut
[Train] epoch [216/601], loss:3.9258 class:hazelnut
[Train] epoch [217/601], loss:3.8943 class:hazelnut
[Train] epoch [218/601], loss:3.8844 class:hazelnut
[Train] epoch [219/601], loss:3.9100 class:hazelnut
[Train] epoch [220/601], loss:3.8533 class:hazelnut
Vanilla Backpropagation:
[Eval] hazelnut class RocAUC detection: 0.9846 localization: 0.940880537033081 at epoch 220
[Train] epoch [221/601], loss:4.0630 class:hazelnut
[Train] epoch [222/601], loss:4.0296 class:hazelnut
[Train] epoch [223/601], loss:3.9777 class:hazelnut
[Train] epoch [224/601], loss:3.8633 class:hazelnut
[Train] epoch [225/601], loss:3.8630 class:hazelnut
[Train] epoch [226/601], loss:3.8263 class:hazelnut
[Train] epoch [227/601], loss:3.9064 class:hazelnut
[Train] epoch [228/601], loss:3.8329 class:hazelnut
[Train] epoch [229/601], loss:3.7768 class:hazelnut
[Train] epoch [230/601], loss:3.8264 class:hazelnut
Vanilla Backpropagation:
[Eval] hazelnut class RocAUC detection: 0.9857 localization: 0.9393956661224365 at epoch 230
[Train] epoch [231/601], loss:4.0541 class:hazelnut
[Train] epoch [232/601], loss:3.9864 class:hazelnut
[Train] epoch [233/601], loss:3.9650 class:hazelnut
[Train] epoch [234/601], loss:3.8792 class:hazelnut
[Train] epoch [235/601], loss:3.8681 class:hazelnut
[Train] epoch [236/601], loss:3.8355 class:hazelnut
[Train] epoch [237/601], loss:3.8744 class:hazelnut
[Train] epoch [238/601], loss:3.8136 class:hazelnut
[Train] epoch [239/601], loss:3.8305 class:hazelnut
[Train] epoch [240/601], loss:3.7052 class:hazelnut
Vanilla Backpropagation:
[Eval] hazelnut class RocAUC detection: 0.9864 localization: 0.9416844248771667 at epoch 240
[Train] epoch [241/601], loss:3.9632 class:hazelnut
[Train] epoch [242/601], loss:3.9151 class:hazelnut
[Train] epoch [243/601], loss:3.8934 class:hazelnut
[Train] epoch [244/601], loss:3.7805 class:hazelnut
[Train] epoch [245/601], loss:3.8149 class:hazelnut
[Train] epoch [246/601], loss:3.7892 class:hazelnut
[Train] epoch [247/601], loss:3.7413 class:hazelnut
[Train] epoch [248/601], loss:3.7586 class:hazelnut
[Train] epoch [249/601], loss:3.8004 class:hazelnut
[Train] epoch [250/601], loss:3.7084 class:hazelnut
Vanilla Backpropagation:
[Eval] hazelnut class RocAUC detection: 0.9821 localization: 0.9421048164367676 at epoch 250
[Train] epoch [251/601], loss:3.9808 class:hazelnut
[Train] epoch [252/601], loss:3.8853 class:hazelnut
[Train] epoch [253/601], loss:3.8024 class:hazelnut
[Train] epoch [254/601], loss:3.7854 class:hazelnut
[Train] epoch [255/601], loss:3.7495 class:hazelnut
[Train] epoch [256/601], loss:3.7122 class:hazelnut
[Train] epoch [257/601], loss:3.7952 class:hazelnut
[Train] epoch [258/601], loss:3.6954 class:hazelnut
[Train] epoch [259/601], loss:3.7153 class:hazelnut
[Train] epoch [260/601], loss:3.7025 class:hazelnut
Vanilla Backpropagation:
[Eval] hazelnut class RocAUC detection: 0.9889 localization: 0.9432195425033569 at epoch 260
[Eval] best detection_roc_auc at epoch 260
[Eval] best localization_roc_auc at epoch 260
[Train] epoch [261/601], loss:3.8549 class:hazelnut
[Train] epoch [262/601], loss:3.8011 class:hazelnut
[Train] epoch [263/601], loss:3.7394 class:hazelnut
[Train] epoch [264/601], loss:3.7016 class:hazelnut
[Train] epoch [265/601], loss:3.8096 class:hazelnut
[Train] epoch [266/601], loss:3.6702 class:hazelnut
[Train] epoch [267/601], loss:3.7120 class:hazelnut
[Train] epoch [268/601], loss:3.8740 class:hazelnut
[Train] epoch [269/601], loss:3.7421 class:hazelnut
[Train] epoch [270/601], loss:3.6222 class:hazelnut
Vanilla Backpropagation:
[Eval] hazelnut class RocAUC detection: 0.9868 localization: 0.941644549369812 at epoch 270
[Train] epoch [271/601], loss:3.9408 class:hazelnut
[Train] epoch [272/601], loss:3.9273 class:hazelnut
[Train] epoch [273/601], loss:3.8331 class:hazelnut
[Train] epoch [274/601], loss:3.7636 class:hazelnut
[Train] epoch [275/601], loss:3.6631 class:hazelnut
[Train] epoch [276/601], loss:3.7377 class:hazelnut
[Train] epoch [277/601], loss:3.6888 class:hazelnut
[Train] epoch [278/601], loss:3.6690 class:hazelnut
[Train] epoch [279/601], loss:3.6123 class:hazelnut
[Train] epoch [280/601], loss:3.5916 class:hazelnut
Vanilla Backpropagation:
[Eval] hazelnut class RocAUC detection: 0.985 localization: 0.9424453973770142 at epoch 280
[Train] epoch [281/601], loss:3.9052 class:hazelnut
[Train] epoch [282/601], loss:3.9050 class:hazelnut
[Train] epoch [283/601], loss:3.8498 class:hazelnut
[Train] epoch [284/601], loss:3.6754 class:hazelnut
[Train] epoch [285/601], loss:3.6620 class:hazelnut
[Train] epoch [286/601], loss:3.6954 class:hazelnut
[Train] epoch [287/601], loss:3.6393 class:hazelnut
[Train] epoch [288/601], loss:3.6206 class:hazelnut
[Train] epoch [289/601], loss:3.6573 class:hazelnut
[Train] epoch [290/601], loss:3.6040 class:hazelnut
Vanilla Backpropagation:
[Eval] hazelnut class RocAUC detection: 0.9893 localization: 0.9419770240783691 at epoch 290
[Eval] best detection_roc_auc at epoch 290
[Train] epoch [291/601], loss:3.7635 class:hazelnut
[Train] epoch [292/601], loss:3.7779 class:hazelnut
[Train] epoch [293/601], loss:3.7343 class:hazelnut
[Train] epoch [294/601], loss:3.6585 class:hazelnut
[Train] epoch [295/601], loss:3.6594 class:hazelnut
[Train] epoch [296/601], loss:3.5696 class:hazelnut
[Train] epoch [297/601], loss:3.6881 class:hazelnut
[Train] epoch [298/601], loss:3.6776 class:hazelnut
[Train] epoch [299/601], loss:3.5404 class:hazelnut
[Train] epoch [300/601], loss:3.5137 class:hazelnut
Vanilla Backpropagation:
[Eval] hazelnut class RocAUC detection: 0.9839 localization: 0.9418516159057617 at epoch 300
[Train] epoch [301/601], loss:3.7050 class:hazelnut
[Train] epoch [302/601], loss:3.6798 class:hazelnut
[Train] epoch [303/601], loss:3.6179 class:hazelnut
[Train] epoch [304/601], loss:3.6551 class:hazelnut
[Train] epoch [305/601], loss:3.6130 class:hazelnut
[Train] epoch [306/601], loss:3.5331 class:hazelnut
[Train] epoch [307/601], loss:3.5789 class:hazelnut
[Train] epoch [308/601], loss:3.5090 class:hazelnut
[Train] epoch [309/601], loss:3.5895 class:hazelnut
[Train] epoch [310/601], loss:3.5174 class:hazelnut
Vanilla Backpropagation:
[Eval] hazelnut class RocAUC detection: 0.9879 localization: 0.9404001832008362 at epoch 310
[Train] epoch [311/601], loss:3.7664 class:hazelnut
[Train] epoch [312/601], loss:3.7469 class:hazelnut
[Train] epoch [313/601], loss:3.6742 class:hazelnut
[Train] epoch [314/601], loss:3.5752 class:hazelnut
[Train] epoch [315/601], loss:3.5666 class:hazelnut
[Train] epoch [316/601], loss:3.5116 class:hazelnut
[Train] epoch [317/601], loss:3.5271 class:hazelnut
[Train] epoch [318/601], loss:3.5634 class:hazelnut
[Train] epoch [319/601], loss:3.5422 class:hazelnut
[Train] epoch [320/601], loss:3.5717 class:hazelnut
Vanilla Backpropagation:
[Eval] hazelnut class RocAUC detection: 0.9871 localization: 0.9427160620689392 at epoch 320
[Train] epoch [321/601], loss:3.8079 class:hazelnut
[Train] epoch [322/601], loss:3.7022 class:hazelnut
[Train] epoch [323/601], loss:3.5736 class:hazelnut
[Train] epoch [324/601], loss:3.5510 class:hazelnut
[Train] epoch [325/601], loss:3.5230 class:hazelnut
[Train] epoch [326/601], loss:3.5268 class:hazelnut
[Train] epoch [327/601], loss:3.4726 class:hazelnut
[Train] epoch [328/601], loss:3.5138 class:hazelnut
[Train] epoch [329/601], loss:3.4739 class:hazelnut
[Train] epoch [330/601], loss:3.5021 class:hazelnut
Vanilla Backpropagation:
[Eval] hazelnut class RocAUC detection: 0.9896 localization: 0.9413944482803345 at epoch 330
[Eval] best detection_roc_auc at epoch 330
[Train] epoch [331/601], loss:3.7060 class:hazelnut
[Train] epoch [332/601], loss:3.6559 class:hazelnut
[Train] epoch [333/601], loss:3.6451 class:hazelnut
[Train] epoch [334/601], loss:3.5750 class:hazelnut
[Train] epoch [335/601], loss:3.5552 class:hazelnut
[Train] epoch [336/601], loss:3.4991 class:hazelnut
[Train] epoch [337/601], loss:3.5107 class:hazelnut
[Train] epoch [338/601], loss:3.5122 class:hazelnut
[Train] epoch [339/601], loss:3.4944 class:hazelnut
[Train] epoch [340/601], loss:3.4978 class:hazelnut
Vanilla Backpropagation:
[Eval] hazelnut class RocAUC detection: 0.9829 localization: 0.9397146105766296 at epoch 340
[Train] epoch [341/601], loss:3.6992 class:hazelnut
[Train] epoch [342/601], loss:3.6511 class:hazelnut
[Train] epoch [343/601], loss:3.5912 class:hazelnut
[Train] epoch [344/601], loss:3.4848 class:hazelnut
[Train] epoch [345/601], loss:3.4823 class:hazelnut
[Train] epoch [346/601], loss:3.4655 class:hazelnut
[Train] epoch [347/601], loss:3.5313 class:hazelnut
[Train] epoch [348/601], loss:3.4810 class:hazelnut
[Train] epoch [349/601], loss:3.4388 class:hazelnut
[Train] epoch [350/601], loss:3.4398 class:hazelnut
Vanilla Backpropagation:
[Eval] hazelnut class RocAUC detection: 0.9857 localization: 0.9408800601959229 at epoch 350
[Train] epoch [351/601], loss:3.6878 class:hazelnut
[Train] epoch [352/601], loss:3.6032 class:hazelnut
[Train] epoch [353/601], loss:3.5254 class:hazelnut
[Train] epoch [354/601], loss:3.4733 class:hazelnut
[Train] epoch [355/601], loss:3.5035 class:hazelnut
[Train] epoch [356/601], loss:3.4800 class:hazelnut
[Train] epoch [357/601], loss:3.4036 class:hazelnut
[Train] epoch [358/601], loss:3.4248 class:hazelnut
[Train] epoch [359/601], loss:3.4174 class:hazelnut
[Train] epoch [360/601], loss:3.3970 class:hazelnut
Vanilla Backpropagation:
[Eval] hazelnut class RocAUC detection: 0.9818 localization: 0.9404182434082031 at epoch 360
[Train] epoch [361/601], loss:3.7182 class:hazelnut
[Train] epoch [362/601], loss:3.6033 class:hazelnut
[Train] epoch [363/601], loss:3.5071 class:hazelnut
[Train] epoch [364/601], loss:3.4948 class:hazelnut
[Train] epoch [365/601], loss:3.4749 class:hazelnut
[Train] epoch [366/601], loss:3.4662 class:hazelnut
[Train] epoch [367/601], loss:3.4333 class:hazelnut
[Train] epoch [368/601], loss:3.3963 class:hazelnut
[Train] epoch [369/601], loss:3.3931 class:hazelnut
[Train] epoch [370/601], loss:3.4202 class:hazelnut
Vanilla Backpropagation:
[Eval] hazelnut class RocAUC detection: 0.9854 localization: 0.9418667554855347 at epoch 370
[Train] epoch [371/601], loss:3.7058 class:hazelnut
[Train] epoch [372/601], loss:3.6363 class:hazelnut
[Train] epoch [373/601], loss:3.5623 class:hazelnut
[Train] epoch [374/601], loss:3.4107 class:hazelnut
[Train] epoch [375/601], loss:3.3935 class:hazelnut
[Train] epoch [376/601], loss:3.4138 class:hazelnut
[Train] epoch [377/601], loss:3.4540 class:hazelnut
[Train] epoch [378/601], loss:3.3618 class:hazelnut
[Train] epoch [379/601], loss:3.3707 class:hazelnut
[Train] epoch [380/601], loss:3.3550 class:hazelnut
Vanilla Backpropagation:
[Eval] hazelnut class RocAUC detection: 0.9896 localization: 0.9406245350837708 at epoch 380
[Train] epoch [381/601], loss:3.7848 class:hazelnut
[Train] epoch [382/601], loss:3.6953 class:hazelnut
[Train] epoch [383/601], loss:3.5239 class:hazelnut
[Train] epoch [384/601], loss:3.3980 class:hazelnut
[Train] epoch [385/601], loss:3.4477 class:hazelnut
[Train] epoch [386/601], loss:3.4228 class:hazelnut
[Train] epoch [387/601], loss:3.3559 class:hazelnut
[Train] epoch [388/601], loss:3.3196 class:hazelnut
[Train] epoch [389/601], loss:3.3586 class:hazelnut
[Train] epoch [390/601], loss:3.3878 class:hazelnut
Vanilla Backpropagation:
[Eval] hazelnut class RocAUC detection: 0.9832 localization: 0.9399992227554321 at epoch 390
[Train] epoch [391/601], loss:3.5023 class:hazelnut
[Train] epoch [392/601], loss:3.4713 class:hazelnut
[Train] epoch [393/601], loss:3.5201 class:hazelnut
[Train] epoch [394/601], loss:3.4083 class:hazelnut
[Train] epoch [395/601], loss:3.3560 class:hazelnut
[Train] epoch [396/601], loss:3.4125 class:hazelnut
[Train] epoch [397/601], loss:3.3597 class:hazelnut
[Train] epoch [398/601], loss:3.3553 class:hazelnut
[Train] epoch [399/601], loss:3.4035 class:hazelnut
[Train] epoch [400/601], loss:3.4264 class:hazelnut
Vanilla Backpropagation:
[Eval] hazelnut class RocAUC detection: 0.9829 localization: 0.9412851929664612 at epoch 400
[Train] epoch [401/601], loss:3.5635 class:hazelnut
[Train] epoch [402/601], loss:3.4817 class:hazelnut
[Train] epoch [403/601], loss:3.4077 class:hazelnut
[Train] epoch [404/601], loss:3.3797 class:hazelnut
[Train] epoch [405/601], loss:3.4313 class:hazelnut
[Train] epoch [406/601], loss:3.3686 class:hazelnut
[Train] epoch [407/601], loss:3.3817 class:hazelnut
[Train] epoch [408/601], loss:3.3753 class:hazelnut
[Train] epoch [409/601], loss:3.3533 class:hazelnut
[Train] epoch [410/601], loss:3.3123 class:hazelnut
Vanilla Backpropagation:
[Eval] hazelnut class RocAUC detection: 0.9846 localization: 0.9382117986679077 at epoch 410
[Train] epoch [411/601], loss:3.6225 class:hazelnut
[Train] epoch [412/601], loss:3.5325 class:hazelnut
[Train] epoch [413/601], loss:3.4687 class:hazelnut
[Train] epoch [414/601], loss:3.4271 class:hazelnut
[Train] epoch [415/601], loss:3.3784 class:hazelnut
[Train] epoch [416/601], loss:3.3471 class:hazelnut
[Train] epoch [417/601], loss:3.3480 class:hazelnut
[Train] epoch [418/601], loss:3.3113 class:hazelnut
[Train] epoch [419/601], loss:3.3158 class:hazelnut
[Train] epoch [420/601], loss:3.2972 class:hazelnut
Vanilla Backpropagation:
[Eval] hazelnut class RocAUC detection: 0.9854 localization: 0.9404036402702332 at epoch 420
[Train] epoch [421/601], loss:3.5473 class:hazelnut
[Train] epoch [422/601], loss:3.5418 class:hazelnut
[Train] epoch [423/601], loss:3.4353 class:hazelnut
[Train] epoch [424/601], loss:3.3557 class:hazelnut
[Train] epoch [425/601], loss:3.3376 class:hazelnut
[Train] epoch [426/601], loss:3.3444 class:hazelnut
[Train] epoch [427/601], loss:3.3176 class:hazelnut
[Train] epoch [428/601], loss:3.3130 class:hazelnut
[Train] epoch [429/601], loss:3.3284 class:hazelnut
[Train] epoch [430/601], loss:3.2867 class:hazelnut
Vanilla Backpropagation:
[Eval] hazelnut class RocAUC detection: 0.9839 localization: 0.9417482614517212 at epoch 430
[Train] epoch [431/601], loss:3.5723 class:hazelnut
[Train] epoch [432/601], loss:3.5063 class:hazelnut
[Train] epoch [433/601], loss:3.4479 class:hazelnut
[Train] epoch [434/601], loss:3.3411 class:hazelnut
[Train] epoch [435/601], loss:3.3721 class:hazelnut
[Train] epoch [436/601], loss:3.2909 class:hazelnut
[Train] epoch [437/601], loss:3.3085 class:hazelnut
[Train] epoch [438/601], loss:3.3112 class:hazelnut
[Train] epoch [439/601], loss:3.3313 class:hazelnut
[Train] epoch [440/601], loss:3.3270 class:hazelnut
Vanilla Backpropagation:
[Eval] hazelnut class RocAUC detection: 0.9854 localization: 0.942750096321106 at epoch 440
[Train] epoch [441/601], loss:3.5285 class:hazelnut
[Train] epoch [442/601], loss:3.4740 class:hazelnut
[Train] epoch [443/601], loss:3.3890 class:hazelnut
[Train] epoch [444/601], loss:3.3316 class:hazelnut
[Train] epoch [445/601], loss:3.2878 class:hazelnut
[Train] epoch [446/601], loss:3.2860 class:hazelnut
[Train] epoch [447/601], loss:3.2502 class:hazelnut
[Train] epoch [448/601], loss:3.2271 class:hazelnut
[Train] epoch [449/601], loss:3.2795 class:hazelnut
[Train] epoch [450/601], loss:3.3107 class:hazelnut
Vanilla Backpropagation:
[Eval] hazelnut class RocAUC detection: 0.9893 localization: 0.9412224292755127 at epoch 450
[Train] epoch [451/601], loss:3.6303 class:hazelnut
[Train] epoch [452/601], loss:3.6306 class:hazelnut
[Train] epoch [453/601], loss:3.5153 class:hazelnut
[Train] epoch [454/601], loss:3.3515 class:hazelnut
[Train] epoch [455/601], loss:3.3821 class:hazelnut
[Train] epoch [456/601], loss:3.3131 class:hazelnut
[Train] epoch [457/601], loss:3.3391 class:hazelnut
[Train] epoch [458/601], loss:3.2970 class:hazelnut
[Train] epoch [459/601], loss:3.2901 class:hazelnut
[Train] epoch [460/601], loss:3.2459 class:hazelnut
Vanilla Backpropagation:
[Eval] hazelnut class RocAUC detection: 0.9864 localization: 0.9414260983467102 at epoch 460
[Train] epoch [461/601], loss:3.4472 class:hazelnut
[Train] epoch [462/601], loss:3.4020 class:hazelnut
[Train] epoch [463/601], loss:3.3677 class:hazelnut
[Train] epoch [464/601], loss:3.3050 class:hazelnut
[Train] epoch [465/601], loss:3.2573 class:hazelnut
[Train] epoch [466/601], loss:3.2364 class:hazelnut
[Train] epoch [467/601], loss:3.2938 class:hazelnut
[Train] epoch [468/601], loss:3.2595 class:hazelnut
[Train] epoch [469/601], loss:3.3076 class:hazelnut
[Train] epoch [470/601], loss:3.2228 class:hazelnut
Vanilla Backpropagation:
[Eval] hazelnut class RocAUC detection: 0.9832 localization: 0.9403258562088013 at epoch 470
[Train] epoch [471/601], loss:3.3541 class:hazelnut
[Train] epoch [472/601], loss:3.3534 class:hazelnut
[Train] epoch [473/601], loss:3.3077 class:hazelnut
[Train] epoch [474/601], loss:3.2850 class:hazelnut
[Train] epoch [475/601], loss:3.2045 class:hazelnut
[Train] epoch [476/601], loss:3.2994 class:hazelnut
[Train] epoch [477/601], loss:3.2033 class:hazelnut
[Train] epoch [478/601], loss:3.2821 class:hazelnut
[Train] epoch [479/601], loss:3.2227 class:hazelnut
[Train] epoch [480/601], loss:3.1965 class:hazelnut
Vanilla Backpropagation:
[Eval] hazelnut class RocAUC detection: 0.9843 localization: 0.9414417743682861 at epoch 480
[Train] epoch [481/601], loss:3.3428 class:hazelnut
[Train] epoch [482/601], loss:3.2518 class:hazelnut
[Train] epoch [483/601], loss:3.3019 class:hazelnut
[Train] epoch [484/601], loss:3.2764 class:hazelnut
[Train] epoch [485/601], loss:3.2261 class:hazelnut
[Train] epoch [486/601], loss:3.2556 class:hazelnut
[Train] epoch [487/601], loss:3.2378 class:hazelnut
[Train] epoch [488/601], loss:3.2461 class:hazelnut
[Train] epoch [489/601], loss:3.2330 class:hazelnut
[Train] epoch [490/601], loss:3.2244 class:hazelnut
Vanilla Backpropagation:
[Eval] hazelnut class RocAUC detection: 0.9843 localization: 0.9419309496879578 at epoch 490
[Train] epoch [491/601], loss:3.2982 class:hazelnut
[Train] epoch [492/601], loss:3.2708 class:hazelnut
[Train] epoch [493/601], loss:3.2310 class:hazelnut
[Train] epoch [494/601], loss:3.2780 class:hazelnut
[Train] epoch [495/601], loss:3.2061 class:hazelnut
[Train] epoch [496/601], loss:3.2867 class:hazelnut
[Train] epoch [497/601], loss:3.2634 class:hazelnut
[Train] epoch [498/601], loss:3.2223 class:hazelnut
[Train] epoch [499/601], loss:3.2219 class:hazelnut
[Train] epoch [500/601], loss:3.2230 class:hazelnut
Vanilla Backpropagation:
[Eval] hazelnut class RocAUC detection: 0.9857 localization: 0.9402689337730408 at epoch 500
[Train] epoch [501/601], loss:3.3607 class:hazelnut
[Train] epoch [502/601], loss:3.3699 class:hazelnut
[Train] epoch [503/601], loss:3.2673 class:hazelnut
[Train] epoch [504/601], loss:3.2360 class:hazelnut
[Train] epoch [505/601], loss:3.2008 class:hazelnut
[Train] epoch [506/601], loss:3.1761 class:hazelnut
[Train] epoch [507/601], loss:3.2212 class:hazelnut
[Train] epoch [508/601], loss:3.1667 class:hazelnut
[Train] epoch [509/601], loss:3.2047 class:hazelnut
[Train] epoch [510/601], loss:3.2246 class:hazelnut
Vanilla Backpropagation:
[Eval] hazelnut class RocAUC detection: 0.9854 localization: 0.9397878050804138 at epoch 510
[Train] epoch [511/601], loss:3.4609 class:hazelnut
[Train] epoch [512/601], loss:3.4129 class:hazelnut
[Train] epoch [513/601], loss:3.3239 class:hazelnut
[Train] epoch [514/601], loss:3.3021 class:hazelnut
[Train] epoch [515/601], loss:3.2542 class:hazelnut
[Train] epoch [516/601], loss:3.1704 class:hazelnut
[Train] epoch [517/601], loss:3.1982 class:hazelnut
[Train] epoch [518/601], loss:3.2420 class:hazelnut
[Train] epoch [519/601], loss:3.2368 class:hazelnut
[Train] epoch [520/601], loss:3.1786 class:hazelnut
Vanilla Backpropagation:
[Eval] hazelnut class RocAUC detection: 0.9868 localization: 0.9413474202156067 at epoch 520
[Train] epoch [521/601], loss:3.6813 class:hazelnut
[Train] epoch [522/601], loss:3.7422 class:hazelnut
[Train] epoch [523/601], loss:3.4142 class:hazelnut
[Train] epoch [524/601], loss:3.2723 class:hazelnut
[Train] epoch [525/601], loss:3.2760 class:hazelnut
[Train] epoch [526/601], loss:3.1981 class:hazelnut
[Train] epoch [527/601], loss:3.2078 class:hazelnut
[Train] epoch [528/601], loss:3.2315 class:hazelnut
[Train] epoch [529/601], loss:3.2005 class:hazelnut
[Train] epoch [530/601], loss:3.2161 class:hazelnut
Vanilla Backpropagation:
[Eval] hazelnut class RocAUC detection: 0.9864 localization: 0.9401058554649353 at epoch 530
[Train] epoch [531/601], loss:3.3842 class:hazelnut
[Train] epoch [532/601], loss:3.3541 class:hazelnut
[Train] epoch [533/601], loss:3.2442 class:hazelnut
[Train] epoch [534/601], loss:3.3074 class:hazelnut
[Train] epoch [535/601], loss:3.2279 class:hazelnut
[Train] epoch [536/601], loss:3.2043 class:hazelnut
[Train] epoch [537/601], loss:3.2329 class:hazelnut
[Train] epoch [538/601], loss:3.1517 class:hazelnut
[Train] epoch [539/601], loss:3.1220 class:hazelnut
[Train] epoch [540/601], loss:3.1425 class:hazelnut
Vanilla Backpropagation:
[Eval] hazelnut class RocAUC detection: 0.9861 localization: 0.9419174194335938 at epoch 540
[Train] epoch [541/601], loss:3.3305 class:hazelnut
[Train] epoch [542/601], loss:3.3297 class:hazelnut
[Train] epoch [543/601], loss:3.2912 class:hazelnut
[Train] epoch [544/601], loss:3.2071 class:hazelnut
[Train] epoch [545/601], loss:3.2201 class:hazelnut
[Train] epoch [546/601], loss:3.1665 class:hazelnut
[Train] epoch [547/601], loss:3.2028 class:hazelnut
[Train] epoch [548/601], loss:3.1740 class:hazelnut
[Train] epoch [549/601], loss:3.1304 class:hazelnut
[Train] epoch [550/601], loss:3.1635 class:hazelnut
Vanilla Backpropagation:
[Eval] hazelnut class RocAUC detection: 0.9846 localization: 0.9400308728218079 at epoch 550
[Train] epoch [551/601], loss:3.3791 class:hazelnut
[Train] epoch [552/601], loss:3.3215 class:hazelnut
[Train] epoch [553/601], loss:3.2814 class:hazelnut
[Train] epoch [554/601], loss:3.2106 class:hazelnut
[Train] epoch [555/601], loss:3.2048 class:hazelnut
[Train] epoch [556/601], loss:3.1855 class:hazelnut
[Train] epoch [557/601], loss:3.1380 class:hazelnut
[Train] epoch [558/601], loss:3.2020 class:hazelnut
[Train] epoch [559/601], loss:3.1623 class:hazelnut
[Train] epoch [560/601], loss:3.1438 class:hazelnut
Vanilla Backpropagation:
[Eval] hazelnut class RocAUC detection: 0.9854 localization: 0.9417654275894165 at epoch 560
[Train] epoch [561/601], loss:3.2697 class:hazelnut
[Train] epoch [562/601], loss:3.2240 class:hazelnut
[Train] epoch [563/601], loss:3.1975 class:hazelnut
[Train] epoch [564/601], loss:3.1866 class:hazelnut
[Train] epoch [565/601], loss:3.1430 class:hazelnut
[Train] epoch [566/601], loss:3.1304 class:hazelnut
[Train] epoch [567/601], loss:3.1309 class:hazelnut
[Train] epoch [568/601], loss:3.1287 class:hazelnut
[Train] epoch [569/601], loss:3.1375 class:hazelnut
[Train] epoch [570/601], loss:3.1190 class:hazelnut
Vanilla Backpropagation:
[Eval] hazelnut class RocAUC detection: 0.9829 localization: 0.9412495493888855 at epoch 570
[Train] epoch [571/601], loss:3.2532 class:hazelnut
[Train] epoch [572/601], loss:3.2207 class:hazelnut
[Train] epoch [573/601], loss:3.2321 class:hazelnut
[Train] epoch [574/601], loss:3.1290 class:hazelnut
[Train] epoch [575/601], loss:3.1121 class:hazelnut
[Train] epoch [576/601], loss:3.1254 class:hazelnut
[Train] epoch [577/601], loss:3.1633 class:hazelnut
[Train] epoch [578/601], loss:3.1219 class:hazelnut
[Train] epoch [579/601], loss:3.0783 class:hazelnut
[Train] epoch [580/601], loss:3.1452 class:hazelnut
Vanilla Backpropagation:
[Eval] hazelnut class RocAUC detection: 0.9854 localization: 0.9401674270629883 at epoch 580
[Train] epoch [581/601], loss:3.2509 class:hazelnut
[Train] epoch [582/601], loss:3.2182 class:hazelnut
[Train] epoch [583/601], loss:3.2027 class:hazelnut
[Train] epoch [584/601], loss:3.1283 class:hazelnut
[Train] epoch [585/601], loss:3.1409 class:hazelnut
[Train] epoch [586/601], loss:3.0990 class:hazelnut
[Train] epoch [587/601], loss:3.0966 class:hazelnut
[Train] epoch [588/601], loss:3.1272 class:hazelnut
[Train] epoch [589/601], loss:3.1256 class:hazelnut
[Train] epoch [590/601], loss:3.1332 class:hazelnut
Vanilla Backpropagation:
[Eval] hazelnut class RocAUC detection: 0.9868 localization: 0.9400268793106079 at epoch 590
[Train] epoch [591/601], loss:3.4534 class:hazelnut
[Train] epoch [592/601], loss:3.3124 class:hazelnut
[Train] epoch [593/601], loss:3.2095 class:hazelnut
[Train] epoch [594/601], loss:3.1730 class:hazelnut
[Train] epoch [595/601], loss:3.1729 class:hazelnut
[Train] epoch [596/601], loss:3.0889 class:hazelnut
[Train] epoch [597/601], loss:3.1193 class:hazelnut
[Train] epoch [598/601], loss:3.1255 class:hazelnut
[Train] epoch [599/601], loss:3.1592 class:hazelnut
[Train] epoch [600/601], loss:3.1605 class:hazelnut
Vanilla Backpropagation:
[Eval] hazelnut class RocAUC detection: 0.9843 localization: 0.941588282585144 at epoch 600
[Train] epoch [601/601], loss:3.3730 class:hazelnut
Vanilla Backpropagation:
[Eval] hazelnut class RocAUC detection: 0.9618 localization: 0.9139060974121094 at epoch 601
